#########################################################
ScoreMatch: 0, ScoreInsertion: 1.8, ScoreDeletion: 1.8, ScoreMismatch: 2.2
Seq    0: *GCTGTGCATTCGCGGCACAA#
Seq    1: *GCTGTGCATTCGCGGCACAA#
Seq    2: *GCTGTGCTTCGCGGCACAA#
Seq    3: *GCTGTGCATTCGGCGGCACAA#
Seq    4: *GCTGTGCATTCGCGGCACAA#
Seq    5: *GCTGTGCATTCGCGGTACAA#
Seq    6: *GCTGTGCATTCGCGGCACAA#
Seq    7: *GCTGTGCATTCTCGGCACAA#
Seq    8: *GCTTGCATTCGCGGCACAA#
Seq    9: *GCTGTGCATTCGCGGCACACA#
Seq   10: *GCTGTGCATTCGCGGCACAA#
Seq   11: *GCTGTGCATTCGCGGCACAA#
Seq   12: *GCTGTGCATTCGCTGGCACAA#
Seq   13: *GCTGTGCATTTCGCGGCACAA#
Seq   14: *GCTGTGCATTCGCGGCACAA#
Seq   15: *GCTGTGCATGCGCGGCACAA#
Seq   16: *TGCTGTGCATTCGCGGCACAA#
Seq   17: *GCTGTGCATTCTGCGGGCACAA#
Seq   18: *GCTGTGCATTCGCGGCACAA#
Seq   19: *GCTGTGCATTCGCGGCACAA#
