#########################################################
ScoreMatch: 0, ScoreInsertion: 1.8, ScoreDeletion: 1.8, ScoreMismatch: 2.2
Seq    0: *A#
Seq    1: *T#
Seq    2: *A#
[FW1] iter=-1, ||W||^2: 0, lin_term: 0, qua_sterm: 0, cost=0
gamma: 1, mu*||W-S||^2: 0.3
[FW1] iter=0, ||W||^2: 3, lin_term: 0, qua_sterm: 0.15, cost=0.15
[FW1] iter=-1, ||W||^2: 0, lin_term: 0, qua_sterm: 0, cost=0
gamma: 1, mu*||W-S||^2: 0.3
[FW1] iter=0, ||W||^2: 3, lin_term: 0, qua_sterm: 0.15, cost=0.15
[FW1] iter=-1, ||W||^2: 0, lin_term: 0, qua_sterm: 0, cost=0
gamma: 1, mu*||W-S||^2: 0.3
[FW1] iter=0, ||W||^2: 3, lin_term: 0, qua_sterm: 0.15, cost=0.15
delta_square: 0
small delta. early stop.
[FW1] iter=-1, ||W||^2: 0, lin_term: 0, qua_sterm: 0, cost=0
gamma: 1, mu*||W-S||^2: 0.3
[FW1] iter=0, ||W||^2: 3, lin_term: 0, qua_sterm: 0.15, cost=0.15
[FW1] iter=-1, ||W||^2: 0, lin_term: 0, qua_sterm: 0, cost=0
gamma: 1, mu*||W-S||^2: 0.3
[FW1] iter=0, ||W||^2: 3, lin_term: 0, qua_sterm: 0.15, cost=0.15
[FW1] iter=-1, ||W||^2: 0, lin_term: 0, qua_sterm: 0, cost=0
gamma: 1, mu*||W-S||^2: 0.3
[FW1] iter=0, ||W||^2: 3, lin_term: 0, qua_sterm: 0.15, cost=0.15
delta_square: 0.09
[(0,4), Undefined, *, *, 0.3) 
[(1,4), Undefined, *, A, 0.5) 
[(2,0), Undefined, A, #, 0.7) 
[FW2] iter=0, ||W||^2: 7, qua_sterm: 0.1, cost=0.1
delta_square: 0.02
[(0,4), Undefined, *, *, 0.3) 
[(1,4), Undefined, *, A, 0.5) 
[(2,0), Undefined, A, #, 0.7) 
[FW2] iter=1, ||W||^2: 7, qua_sterm: 0.1, cost=0.1
gamma=0, early stop!
[FW1] iter=-1, ||W||^2: 0, lin_term: 0, qua_sterm: 0.0375, cost=0.0375
gamma: 1, mu*||W-S||^2: 0.3
[FW1] iter=0, ||W||^2: 3, lin_term: 0, qua_sterm: 0.0375, cost=0.0375
[FW1] iter=-1, ||W||^2: 0, lin_term: 0, qua_sterm: 0.0375, cost=0.0375
gamma: 1, mu*||W-S||^2: 0.3
[FW1] iter=0, ||W||^2: 3, lin_term: 0, qua_sterm: 0.2375, cost=0.2375
[FW1] iter=-1, ||W||^2: 0, lin_term: 0, qua_sterm: 0.0375, cost=0.0375
gamma: 1, mu*||W-S||^2: 0.3
[FW1] iter=0, ||W||^2: 3, lin_term: 0, qua_sterm: 0.0375, cost=0.0375
delta_square: 0.2025
[(0,4), Undefined, *, *, 0.45) 
[(1,4), Undefined, *, A, 0.75) 
[(2,0), Undefined, A, #, 1.05) 
[FW2] iter=0, ||W||^2: 7, qua_sterm: 0.3125, cost=0.3125
delta_square: 0.0625
[(0,4), Undefined, *, *, 0.6) 
[(1,4), Undefined, *, A, 1) 
[(2,0), Undefined, A, #, 1.4) 
small denominator: 0
[FW1] iter=-1, ||W||^2: 0, lin_term: 0, qua_sterm: 0.0375, cost=0.0375
gamma: 1, mu*||W-S||^2: 0.3
[FW1] iter=0, ||W||^2: 3, lin_term: 0, qua_sterm: 0.0375, cost=0.0375
[FW1] iter=-1, ||W||^2: 0, lin_term: 0, qua_sterm: 0.1125, cost=0.1125
gamma: 1, mu*||W-S||^2: 0.3
[FW1] iter=0, ||W||^2: 3, lin_term: 0, qua_sterm: 0.4125, cost=0.4125
[FW1] iter=-1, ||W||^2: 0, lin_term: 0, qua_sterm: 0.0375, cost=0.0375
gamma: 1, mu*||W-S||^2: 0.3
[FW1] iter=0, ||W||^2: 3, lin_term: 0, qua_sterm: 0.0375, cost=0.0375
delta_square: 0.2375
[(0,4), Undefined, *, *, 0.45) 
[(1,4), Undefined, *, A, 0.75) 
[(2,0), Undefined, A, #, 1.05) 
[FW2] iter=0, ||W||^2: 7, qua_sterm: 0.4875, cost=0.4875
delta_square: 0.0975
[(0,4), Undefined, *, *, 0.6) 
[(1,4), Undefined, *, A, 1) 
[(2,0), Undefined, A, #, 1.4) 
small denominator: 0
[FW1] iter=-1, ||W||^2: 0, lin_term: 0, qua_sterm: 0.0375, cost=0.0375
gamma: 1, mu*||W-S||^2: 0.3
[FW1] iter=0, ||W||^2: 3, lin_term: 0, qua_sterm: 0.0375, cost=0.0375
[FW1] iter=-1, ||W||^2: 0, lin_term: 0, qua_sterm: 0.2375, cost=0.2375
gamma: 1, mu*||W-S||^2: 0.3
[FW1] iter=0, ||W||^2: 3, lin_term: 0, qua_sterm: 0.6375, cost=0.6375
[FW1] iter=-1, ||W||^2: 0, lin_term: 0, qua_sterm: 0.0375, cost=0.0375
gamma: 1, mu*||W-S||^2: 0.3
[FW1] iter=0, ||W||^2: 3, lin_term: 0, qua_sterm: 0.0375, cost=0.0375
delta_square: 0.2825
[(0,4), Undefined, *, *, 0.45) 
[(1,4), Undefined, *, A, 0.75) 
[(2,0), Undefined, A, #, 1.05) 
[FW2] iter=0, ||W||^2: 7, qua_sterm: 0.7125, cost=0.7125
delta_square: 0.1425
[(0,4), Undefined, *, *, 0.6) 
[(1,4), Undefined, *, T, 1.1) 
[(2,1), Undefined, T, #, 1.6) 
[FW2] iter=1, ||W||^2: 4.5, qua_sterm: 0.6375, cost=0.6375
delta_square: 0.1275
[(0,4), Undefined, *, *, 0.75) 
[(1,4), Undefined, *, T, 1.45) 
[(2,1), Undefined, T, #, 2.15) 
[FW2] iter=2, ||W||^2: 4.5, qua_sterm: 0.6375, cost=0.6375
gamma=0, early stop!
[FW1] iter=-1, ||W||^2: 0, lin_term: 0, qua_sterm: 0.0125, cost=0.0125
gamma: 1, mu*||W-S||^2: 0.3
[FW1] iter=0, ||W||^2: 3, lin_term: 0, qua_sterm: 0.1125, cost=0.1125
[FW1] iter=-1, ||W||^2: 0, lin_term: 0, qua_sterm: 0.2375, cost=0.2375
gamma: 1, mu*||W-S||^2: 0.3
[FW1] iter=0, ||W||^2: 3, lin_term: 0, qua_sterm: 0.6375, cost=0.6375
[FW1] iter=-1, ||W||^2: 0, lin_term: 0, qua_sterm: 0.0125, cost=0.0125
gamma: 1, mu*||W-S||^2: 0.3
[FW1] iter=0, ||W||^2: 3, lin_term: 0, qua_sterm: 0.1125, cost=0.1125
delta_square: 0.3375
[(0,4), Undefined, *, *, 0.45) 
[(1,4), Undefined, *, A, 0.75) 
[(2,0), Undefined, A, #, 1.05) 
[FW2] iter=0, ||W||^2: 7, qua_sterm: 0.9875, cost=0.9875
delta_square: 0.1975
[(0,4), Undefined, *, *, 0.6) 
[(1,4), Undefined, *, T, 1.2) 
[(2,1), Undefined, T, #, 1.8) 
[FW2] iter=1, ||W||^2: 4.33333, qua_sterm: 0.854167, cost=0.854167
delta_square: 0.170833
[(0,4), Undefined, *, *, 0.75) 
[(1,4), Undefined, *, T, 1.58333) 
[(2,1), Undefined, T, #, 2.41667) 
[FW2] iter=2, ||W||^2: 4.33333, qua_sterm: 0.854167, cost=0.854167
gamma=4.16334e-16, early stop!
[FW1] iter=-1, ||W||^2: 0, lin_term: 0, qua_sterm: 0.0298611, cost=0.0298611
gamma: 1, mu*||W-S||^2: 0.3
[FW1] iter=0, ||W||^2: 3, lin_term: 0, qua_sterm: 0.213194, cost=0.213194
[FW1] iter=-1, ||W||^2: 0, lin_term: 0, qua_sterm: 0.263194, cost=0.263194
gamma: 1, mu*||W-S||^2: 0.3
[FW1] iter=0, ||W||^2: 3, lin_term: 0, qua_sterm: 0.679861, cost=0.679861
[FW1] iter=-1, ||W||^2: 0, lin_term: 0, qua_sterm: 0.0298611, cost=0.0298611
gamma: 1, mu*||W-S||^2: 0.3
[FW1] iter=0, ||W||^2: 3, lin_term: 0, qua_sterm: 0.213194, cost=0.213194
delta_square: 0.40125
[(0,4), Undefined, *, *, 0.45) 
[(1,4), Undefined, *, A, 0.8) 
[(2,0), Undefined, A, #, 1.15) 
[FW2] iter=0, ||W||^2: 7, qua_sterm: 1.20625, cost=1.20625
delta_square: 0.24125
[(0,4), Undefined, *, *, 0.6) 
[(1,4), Undefined, *, T, 1.25) 
[(2,1), Undefined, T, #, 1.9) 
[FW2] iter=1, ||W||^2: 4.375, qua_sterm: 1.10417, cost=1.10417
delta_square: 0.220833
[(0,4), Undefined, *, *, 0.75) 
[(1,4), Undefined, *, T, 1.66667) 
[(2,1), Undefined, T, #, 2.58333) 
[FW2] iter=2, ||W||^2: 4.375, qua_sterm: 1.10417, cost=1.10417
gamma=0, early stop!
[FW1] iter=-1, ||W||^2: 0, lin_term: 0, qua_sterm: 0.0569444, cost=0.0569444
gamma: 1, mu*||W-S||^2: 0.3
[FW1] iter=0, ||W||^2: 3, lin_term: 0, qua_sterm: 0.290278, cost=0.290278
[FW1] iter=-1, ||W||^2: 0, lin_term: 0, qua_sterm: 0.348611, cost=0.348611
gamma: 1, mu*||W-S||^2: 0.3
[FW1] iter=0, ||W||^2: 3, lin_term: 0, qua_sterm: 0.815278, cost=0.815278
[FW1] iter=-1, ||W||^2: 0, lin_term: 0, qua_sterm: 0.0569444, cost=0.0569444
gamma: 1, mu*||W-S||^2: 0.3
[FW1] iter=0, ||W||^2: 3, lin_term: 0, qua_sterm: 0.290278, cost=0.290278
delta_square: 0.474583
[(0,4), Undefined, *, *, 0.45) 
[(1,4), Undefined, *, A, 0.866667) 
[(2,0), Undefined, A, #, 1.28333) 
[FW2] iter=0, ||W||^2: 7, qua_sterm: 1.43958, cost=1.43958
delta_square: 0.287917
[(0,4), Undefined, *, *, 0.6) 
[(1,4), Undefined, *, T, 1.28333) 
[(2,1), Undefined, T, #, 1.96667) 
[FW2] iter=1, ||W||^2: 4.70833, qua_sterm: 1.3875, cost=1.3875
delta_square: 0.2775
[(0,4), Undefined, *, *, 0.75) 
[(1,4), Undefined, *, T, 1.73333) 
[(2,1), Undefined, T, #, 2.71667) 
[FW2] iter=2, ||W||^2: 4.70833, qua_sterm: 1.3875, cost=1.3875
gamma=0, early stop!
[FW1] iter=-1, ||W||^2: 0, lin_term: 0, qua_sterm: 0.0751736, cost=0.0751736
gamma: 1, mu*||W-S||^2: 0.3
[FW1] iter=0, ||W||^2: 3, lin_term: 0, qua_sterm: 0.333507, cost=0.333507
[FW1] iter=-1, ||W||^2: 0, lin_term: 0, qua_sterm: 0.500174, cost=0.500174
gamma: 1, mu*||W-S||^2: 0.3
[FW1] iter=0, ||W||^2: 3, lin_term: 0, qua_sterm: 1.04184, cost=1.04184
[FW1] iter=-1, ||W||^2: 0, lin_term: 0, qua_sterm: 0.0751736, cost=0.0751736
gamma: 1, mu*||W-S||^2: 0.3
[FW1] iter=0, ||W||^2: 3, lin_term: 0, qua_sterm: 0.333507, cost=0.333507
delta_square: 0.555938
[(0,4), Undefined, *, *, 0.45) 
[(1,4), Undefined, *, A, 0.925) 
[(2,0), Undefined, A, #, 1.4) 
[FW2] iter=0, ||W||^2: 7, qua_sterm: 1.72969, cost=1.72969
delta_square: 0.345938
[(0,4), Undefined, *, *, 0.6) 
[(1,4), Undefined, *, A, 1.35) 
[(2,0), Undefined, A, #, 2.1) 
small denominator: 0
[FW1] iter=-1, ||W||^2: 0, lin_term: 0, qua_sterm: 0.0465278, cost=0.0465278
gamma: 1, mu*||W-S||^2: 0.3
[FW1] iter=0, ||W||^2: 3, lin_term: 0, qua_sterm: 0.263194, cost=0.263194
[FW1] iter=-1, ||W||^2: 0, lin_term: 0, qua_sterm: 0.863194, cost=0.863194
gamma: 1, mu*||W-S||^2: 0.3
[FW1] iter=0, ||W||^2: 3, lin_term: 0, qua_sterm: 1.54653, cost=1.54653
[FW1] iter=-1, ||W||^2: 0, lin_term: 0, qua_sterm: 0.0465278, cost=0.0465278
gamma: 1, mu*||W-S||^2: 0.3
[FW1] iter=0, ||W||^2: 3, lin_term: 0, qua_sterm: 0.263194, cost=0.263194
delta_square: 0.64125
[(0,4), Undefined, *, *, 0.45) 
[(1,4), Undefined, *, A, 0.966667) 
[(2,0), Undefined, A, #, 1.48333) 
[FW2] iter=0, ||W||^2: 7, qua_sterm: 2.07292, cost=2.07292
delta_square: 0.414583
[(0,4), Undefined, *, *, 0.6) 
[(1,4), Undefined, *, A, 1.43333) 
[(2,0), Undefined, A, #, 2.26667) 
small denominator: 0
[FW1] iter=-1, ||W||^2: 0, lin_term: 0, qua_sterm: 0.0465278, cost=0.0465278
gamma: 1, mu*||W-S||^2: 0.3
[FW1] iter=0, ||W||^2: 3, lin_term: 0, qua_sterm: 0.263194, cost=0.263194
[FW1] iter=-1, ||W||^2: 0, lin_term: 0, qua_sterm: 1.17986, cost=1.17986
gamma: 1, mu*||W-S||^2: 0.3
[FW1] iter=0, ||W||^2: 3, lin_term: 0, qua_sterm: 1.96319, cost=1.96319
[FW1] iter=-1, ||W||^2: 0, lin_term: 0, qua_sterm: 0.0465278, cost=0.0465278
gamma: 1, mu*||W-S||^2: 0.3
[FW1] iter=0, ||W||^2: 3, lin_term: 0, qua_sterm: 0.263194, cost=0.263194
delta_square: 0.724583
[(0,4), Undefined, *, *, 0.45) 
[(1,4), Undefined, *, A, 0.966667) 
[(2,0), Undefined, A, #, 1.48333) 
[FW2] iter=0, ||W||^2: 7, qua_sterm: 2.48958, cost=2.48958
delta_square: 0.497917
[(0,4), Undefined, *, *, 0.6) 
[(1,4), Undefined, *, T, 1.48333) 
[(2,1), Undefined, T, #, 2.36667) 
[FW2] iter=1, ||W||^2: 4.70833, qua_sterm: 2.4375, cost=2.4375
delta_square: 0.4875
[(0,4), Undefined, *, *, 0.75) 
[(1,4), Undefined, *, T, 2.03333) 
[(2,1), Undefined, T, #, 3.31667) 
[FW2] iter=2, ||W||^2: 4.70833, qua_sterm: 2.4375, cost=2.4375
gamma=0, early stop!
[FW1] iter=-1, ||W||^2: 0, lin_term: 0, qua_sterm: 0.1125, cost=0.1125
gamma: 1, mu*||W-S||^2: 0.3
[FW1] iter=0, ||W||^2: 3, lin_term: 0, qua_sterm: 0.4125, cost=0.4125
[FW1] iter=-1, ||W||^2: 0, lin_term: 0, qua_sterm: 1.2375, cost=1.2375
gamma: 1, mu*||W-S||^2: 0.3
[FW1] iter=0, ||W||^2: 3, lin_term: 0, qua_sterm: 2.0375, cost=2.0375
[FW1] iter=-1, ||W||^2: 0, lin_term: 0, qua_sterm: 0.1125, cost=0.1125
gamma: 1, mu*||W-S||^2: 0.3
[FW1] iter=0, ||W||^2: 3, lin_term: 0, qua_sterm: 0.4125, cost=0.4125
delta_square: 0.817917
[(0,4), Undefined, *, *, 0.45) 
[(1,4), Undefined, *, A, 0.966667) 
[(2,0), Undefined, A, #, 1.48333) 
[FW2] iter=0, ||W||^2: 7, qua_sterm: 2.95625, cost=2.95625
delta_square: 0.59125
[(0,4), Undefined, *, *, 0.6) 
[(1,4), Undefined, *, T, 1.58333) 
[(2,1), Undefined, T, #, 2.56667) 
[FW2] iter=1, ||W||^2: 4.375, qua_sterm: 2.85417, cost=2.85417
delta_square: 0.570833
[(0,4), Undefined, *, *, 0.75) 
[(1,4), Undefined, *, T, 2.16667) 
[(2,1), Undefined, T, #, 3.58333) 
[FW2] iter=2, ||W||^2: 4.375, qua_sterm: 2.85417, cost=2.85417
gamma=0, early stop!
[FW1] iter=-1, ||W||^2: 0, lin_term: 0, qua_sterm: 0.201563, cost=0.201563
gamma: 1, mu*||W-S||^2: 0.3
[FW1] iter=0, ||W||^2: 3, lin_term: 0, qua_sterm: 0.576563, cost=0.576563
[FW1] iter=-1, ||W||^2: 0, lin_term: 0, qua_sterm: 1.32656, cost=1.32656
gamma: 1, mu*||W-S||^2: 0.3
[FW1] iter=0, ||W||^2: 3, lin_term: 0, qua_sterm: 2.15156, cost=2.15156
[FW1] iter=-1, ||W||^2: 0, lin_term: 0, qua_sterm: 0.201563, cost=0.201563
gamma: 1, mu*||W-S||^2: 0.3
[FW1] iter=0, ||W||^2: 3, lin_term: 0, qua_sterm: 0.576563, cost=0.576563
delta_square: 0.921771
[(0,4), Undefined, *, *, 0.45) 
[(1,4), Undefined, *, A, 1.00833) 
[(2,0), Undefined, A, #, 1.56667) 
[FW2] iter=0, ||W||^2: 7, qua_sterm: 3.39219, cost=3.39219
delta_square: 0.678438
[(0,4), Undefined, *, *, 0.6) 
[(1,4), Undefined, *, T, 1.64167) 
[(2,1), Undefined, T, #, 2.68333) 
[FW2] iter=1, ||W||^2: 4.42708, qua_sterm: 3.30417, cost=3.30417
delta_square: 0.660833
[(0,4), Undefined, *, *, 0.75) 
[(1,4), Undefined, *, T, 2.25833) 
[(2,1), Undefined, T, #, 3.76667) 
[FW2] iter=2, ||W||^2: 4.42708, qua_sterm: 3.30417, cost=3.30417
gamma=0, early stop!
[FW1] iter=-1, ||W||^2: 0, lin_term: 0, qua_sterm: 0.276563, cost=0.276563
gamma: 1, mu*||W-S||^2: 0.3
[FW1] iter=0, ||W||^2: 3, lin_term: 0, qua_sterm: 0.701563, cost=0.701563
[FW1] iter=-1, ||W||^2: 0, lin_term: 0, qua_sterm: 1.51406, cost=1.51406
gamma: 1, mu*||W-S||^2: 0.3
[FW1] iter=0, ||W||^2: 3, lin_term: 0, qua_sterm: 2.38906, cost=2.38906
[FW1] iter=-1, ||W||^2: 0, lin_term: 0, qua_sterm: 0.276563, cost=0.276563
gamma: 1, mu*||W-S||^2: 0.3
[FW1] iter=0, ||W||^2: 3, lin_term: 0, qua_sterm: 0.701563, cost=0.701563
delta_square: 1.03458
[(0,4), Undefined, *, *, 0.45) 
[(1,4), Undefined, *, A, 1.06667) 
[(2,0), Undefined, A, #, 1.68333) 
[FW2] iter=0, ||W||^2: 7, qua_sterm: 3.83958, cost=3.83958
delta_square: 0.767917
[(0,4), Undefined, *, *, 0.6) 
[(1,4), Undefined, *, T, 1.68333) 
[(2,1), Undefined, T, #, 2.76667) 
[FW2] iter=1, ||W||^2: 4.70833, qua_sterm: 3.7875, cost=3.7875
delta_square: 0.7575
[(0,4), Undefined, *, *, 0.75) 
[(1,4), Undefined, *, T, 2.33333) 
[(2,1), Undefined, T, #, 3.91667) 
[FW2] iter=2, ||W||^2: 4.70833, qua_sterm: 3.7875, cost=3.7875
gamma=0, early stop!
[FW1] iter=-1, ||W||^2: 0, lin_term: 0, qua_sterm: 0.326085, cost=0.326085
gamma: 1, mu*||W-S||^2: 0.3
[FW1] iter=0, ||W||^2: 3, lin_term: 0, qua_sterm: 0.780252, cost=0.780252
[FW1] iter=-1, ||W||^2: 0, lin_term: 0, qua_sterm: 1.80109, cost=1.80109
gamma: 1, mu*||W-S||^2: 0.3
[FW1] iter=0, ||W||^2: 3, lin_term: 0, qua_sterm: 2.74692, cost=2.74692
[FW1] iter=-1, ||W||^2: 0, lin_term: 0, qua_sterm: 0.326085, cost=0.326085
gamma: 1, mu*||W-S||^2: 0.3
[FW1] iter=0, ||W||^2: 3, lin_term: 0, qua_sterm: 0.780252, cost=0.780252
delta_square: 1.15503
[(0,4), Undefined, *, *, 0.45) 
[(1,4), Undefined, *, A, 1.12083) 
[(2,0), Undefined, A, #, 1.79167) 
[FW2] iter=0, ||W||^2: 7, qua_sterm: 4.33346, cost=4.33346
delta_square: 0.866693
[(0,4), Undefined, *, *, 0.6) 
[(1,4), Undefined, *, A, 1.74167) 
[(2,0), Undefined, A, #, 2.88333) 
small denominator: 0
[FW1] iter=-1, ||W||^2: 0, lin_term: 0, qua_sterm: 0.256641, cost=0.256641
gamma: 1, mu*||W-S||^2: 0.3
[FW1] iter=0, ||W||^2: 3, lin_term: 0, qua_sterm: 0.669141, cost=0.669141
[FW1] iter=-1, ||W||^2: 0, lin_term: 0, qua_sterm: 2.45039, cost=2.45039
gamma: 1, mu*||W-S||^2: 0.3
[FW1] iter=0, ||W||^2: 3, lin_term: 0, qua_sterm: 3.53789, cost=3.53789
[FW1] iter=-1, ||W||^2: 0, lin_term: 0, qua_sterm: 0.256641, cost=0.256641
gamma: 1, mu*||W-S||^2: 0.3
[FW1] iter=0, ||W||^2: 3, lin_term: 0, qua_sterm: 0.669141, cost=0.669141
delta_square: 1.28023
[(0,4), Undefined, *, *, 0.45) 
[(1,4), Undefined, *, A, 1.1625) 
[(2,0), Undefined, A, #, 1.875) 
[FW2] iter=0, ||W||^2: 7, qua_sterm: 4.87617, cost=4.87617
delta_square: 0.975234
[(0,4), Undefined, *, *, 0.6) 
[(1,4), Undefined, *, A, 1.825) 
[(2,0), Undefined, A, #, 3.05) 
small denominator: 0
[FW1] iter=-1, ||W||^2: 0, lin_term: 0, qua_sterm: 0.256641, cost=0.256641
gamma: 1, mu*||W-S||^2: 0.3
[FW1] iter=0, ||W||^2: 3, lin_term: 0, qua_sterm: 0.669141, cost=0.669141
[FW1] iter=-1, ||W||^2: 0, lin_term: 0, qua_sterm: 2.96914, cost=2.96914
gamma: 1, mu*||W-S||^2: 0.3
[FW1] iter=0, ||W||^2: 3, lin_term: 0, qua_sterm: 4.15664, cost=4.15664
[FW1] iter=-1, ||W||^2: 0, lin_term: 0, qua_sterm: 0.256641, cost=0.256641
gamma: 1, mu*||W-S||^2: 0.3
[FW1] iter=0, ||W||^2: 3, lin_term: 0, qua_sterm: 0.669141, cost=0.669141
delta_square: 1.40398
[(0,4), Undefined, *, *, 0.45) 
[(1,4), Undefined, *, A, 1.1625) 
[(2,0), Undefined, A, #, 1.875) 
[FW2] iter=0, ||W||^2: 7, qua_sterm: 5.49492, cost=5.49492
delta_square: 1.09898
[(0,4), Undefined, *, *, 0.6) 
[(1,4), Undefined, *, T, 1.8875) 
[(2,1), Undefined, T, #, 3.175) 
[FW2] iter=1, ||W||^2: 4.64844, qua_sterm: 5.4375, cost=5.4375
delta_square: 1.0875
[(0,4), Undefined, *, *, 0.75) 
[(1,4), Undefined, *, T, 2.6375) 
[(2,1), Undefined, T, #, 4.525) 
[FW2] iter=2, ||W||^2: 4.64844, qua_sterm: 5.4375, cost=5.4375
gamma=0, early stop!
[FW1] iter=-1, ||W||^2: 0, lin_term: 0, qua_sterm: 0.4125, cost=0.4125
gamma: 1, mu*||W-S||^2: 0.3
[FW1] iter=0, ||W||^2: 3, lin_term: 0, qua_sterm: 0.9125, cost=0.9125
[FW1] iter=-1, ||W||^2: 0, lin_term: 0, qua_sterm: 3.0375, cost=3.0375
gamma: 1, mu*||W-S||^2: 0.3
[FW1] iter=0, ||W||^2: 3, lin_term: 0, qua_sterm: 4.2375, cost=4.2375
[FW1] iter=-1, ||W||^2: 0, lin_term: 0, qua_sterm: 0.4125, cost=0.4125
gamma: 1, mu*||W-S||^2: 0.3
[FW1] iter=0, ||W||^2: 3, lin_term: 0, qua_sterm: 0.9125, cost=0.9125
delta_square: 1.53773
[(0,4), Undefined, *, *, 0.45) 
[(1,4), Undefined, *, A, 1.1625) 
[(2,0), Undefined, A, #, 1.875) 
[FW2] iter=0, ||W||^2: 7, qua_sterm: 6.16367, cost=6.16367
delta_square: 1.23273
[(0,4), Undefined, *, *, 0.6) 
[(1,4), Undefined, *, T, 1.9875) 
[(2,1), Undefined, T, #, 3.375) 
[FW2] iter=1, ||W||^2: 4.35677, qua_sterm: 6.05417, cost=6.05417
delta_square: 1.21083
[(0,4), Undefined, *, *, 0.75) 
[(1,4), Undefined, *, T, 2.77083) 
[(2,1), Undefined, T, #, 4.79167) 
[FW2] iter=2, ||W||^2: 4.35677, qua_sterm: 6.05417, cost=6.05417
gamma=0, early stop!
[FW1] iter=-1, ||W||^2: 0, lin_term: 0, qua_sterm: 0.581521, cost=0.581521
gamma: 1, mu*||W-S||^2: 0.3
[FW1] iter=0, ||W||^2: 3, lin_term: 0, qua_sterm: 1.1586, cost=1.1586
[FW1] iter=-1, ||W||^2: 0, lin_term: 0, qua_sterm: 3.16485, cost=3.16485
gamma: 1, mu*||W-S||^2: 0.3
[FW1] iter=0, ||W||^2: 3, lin_term: 0, qua_sterm: 4.38777, cost=4.38777
[FW1] iter=-1, ||W||^2: 0, lin_term: 0, qua_sterm: 0.581521, cost=0.581521
gamma: 1, mu*||W-S||^2: 0.3
[FW1] iter=0, ||W||^2: 3, lin_term: 0, qua_sterm: 1.1586, cost=1.1586
delta_square: 1.68162
[(0,4), Undefined, *, *, 0.45) 
[(1,4), Undefined, *, A, 1.20625) 
[(2,0), Undefined, A, #, 1.9625) 
[FW2] iter=0, ||W||^2: 7, qua_sterm: 6.79561, cost=6.79561
delta_square: 1.35912
[(0,4), Undefined, *, *, 0.6) 
[(1,4), Undefined, *, T, 2.04375) 
[(2,1), Undefined, T, #, 3.4875) 
[FW2] iter=1, ||W||^2: 4.41211, qua_sterm: 6.70417, cost=6.70417
delta_square: 1.34083
[(0,4), Undefined, *, *, 0.75) 
[(1,4), Undefined, *, T, 2.86042) 
[(2,1), Undefined, T, #, 4.97083) 
[FW2] iter=2, ||W||^2: 4.41211, qua_sterm: 6.70417, cost=6.70417
gamma=0, early stop!
[FW1] iter=-1, ||W||^2: 0, lin_term: 0, qua_sterm: 0.707042, cost=0.707042
gamma: 1, mu*||W-S||^2: 0.3
[FW1] iter=0, ||W||^2: 3, lin_term: 0, qua_sterm: 1.33413, cost=1.33413
[FW1] iter=-1, ||W||^2: 0, lin_term: 0, qua_sterm: 3.45183, cost=3.45183
gamma: 1, mu*||W-S||^2: 0.3
[FW1] iter=0, ||W||^2: 3, lin_term: 0, qua_sterm: 4.72475, cost=4.72475
[FW1] iter=-1, ||W||^2: 0, lin_term: 0, qua_sterm: 0.707042, cost=0.707042
gamma: 1, mu*||W-S||^2: 0.3
[FW1] iter=0, ||W||^2: 3, lin_term: 0, qua_sterm: 1.33413, cost=1.33413
delta_square: 1.83458
[(0,4), Undefined, *, *, 0.45) 
[(1,4), Undefined, *, A, 1.26667) 
[(2,0), Undefined, A, #, 2.08333) 
[FW2] iter=0, ||W||^2: 7, qua_sterm: 7.43958, cost=7.43958
delta_square: 1.48792
[(0,4), Undefined, *, *, 0.6) 
[(1,4), Undefined, *, T, 2.08333) 
[(2,1), Undefined, T, #, 3.56667) 
[FW2] iter=1, ||W||^2: 4.70833, qua_sterm: 7.3875, cost=7.3875
delta_square: 1.4775
[(0,4), Undefined, *, *, 0.75) 
[(1,4), Undefined, *, T, 2.93333) 
[(2,1), Undefined, T, #, 5.11667) 
[FW2] iter=2, ||W||^2: 4.70833, qua_sterm: 7.3875, cost=7.3875
gamma=0, early stop!
[FW1] iter=-1, ||W||^2: 0, lin_term: 0, qua_sterm: 0.783141, cost=0.783141
gamma: 1, mu*||W-S||^2: 0.3
[FW1] iter=0, ||W||^2: 3, lin_term: 0, qua_sterm: 1.43835, cost=1.43835
[FW1] iter=-1, ||W||^2: 0, lin_term: 0, qua_sterm: 3.88627, cost=3.88627
gamma: 1, mu*||W-S||^2: 0.3
[FW1] iter=0, ||W||^2: 3, lin_term: 0, qua_sterm: 5.23106, cost=5.23106
[FW1] iter=-1, ||W||^2: 0, lin_term: 0, qua_sterm: 0.783141, cost=0.783141
gamma: 1, mu*||W-S||^2: 0.3
[FW1] iter=0, ||W||^2: 3, lin_term: 0, qua_sterm: 1.43835, cost=1.43835
delta_square: 1.99525
[(0,4), Undefined, *, *, 0.45) 
[(1,4), Undefined, *, A, 1.32188) 
[(2,0), Undefined, A, #, 2.19375) 
[FW2] iter=0, ||W||^2: 7, qua_sterm: 8.1325, cost=8.1325
delta_square: 1.6265
[(0,4), Undefined, *, *, 0.6) 
[(1,4), Undefined, *, A, 2.14375) 
[(2,0), Undefined, A, #, 3.6875) 
small denominator: 0
[FW1] iter=-1, ||W||^2: 0, lin_term: 0, qua_sterm: 0.671813, cost=0.671813
gamma: 1, mu*||W-S||^2: 0.3
[FW1] iter=0, ||W||^2: 3, lin_term: 0, qua_sterm: 1.28535, cost=1.28535
[FW1] iter=-1, ||W||^2: 0, lin_term: 0, qua_sterm: 4.81817, cost=4.81817
gamma: 1, mu*||W-S||^2: 0.3
[FW1] iter=0, ||W||^2: 3, lin_term: 0, qua_sterm: 6.30463, cost=6.30463
[FW1] iter=-1, ||W||^2: 0, lin_term: 0, qua_sterm: 0.671813, cost=0.671813
gamma: 1, mu*||W-S||^2: 0.3
[FW1] iter=0, ||W||^2: 3, lin_term: 0, qua_sterm: 1.28535, cost=1.28535
delta_square: 2.16048
[(0,4), Undefined, *, *, 0.45) 
[(1,4), Undefined, *, A, 1.36354) 
[(2,0), Undefined, A, #, 2.27708) 
[FW2] iter=0, ||W||^2: 7, qua_sterm: 8.87533, cost=8.87533
delta_square: 1.77507
[(0,4), Undefined, *, *, 0.6) 
[(1,4), Undefined, *, A, 2.22708) 
[(2,0), Undefined, A, #, 3.85417) 
small denominator: 0
[FW1] iter=-1, ||W||^2: 0, lin_term: 0, qua_sterm: 0.671813, cost=0.671813
gamma: 1, mu*||W-S||^2: 0.3
[FW1] iter=0, ||W||^2: 3, lin_term: 0, qua_sterm: 1.28535, cost=1.28535
[FW1] iter=-1, ||W||^2: 0, lin_term: 0, qua_sterm: 5.5364, cost=5.5364
gamma: 1, mu*||W-S||^2: 0.3
[FW1] iter=0, ||W||^2: 3, lin_term: 0, qua_sterm: 7.12285, cost=7.12285
[FW1] iter=-1, ||W||^2: 0, lin_term: 0, qua_sterm: 0.671813, cost=0.671813
gamma: 1, mu*||W-S||^2: 0.3
[FW1] iter=0, ||W||^2: 3, lin_term: 0, qua_sterm: 1.28535, cost=1.28535
delta_square: 2.32413
[(0,4), Undefined, *, *, 0.45) 
[(1,4), Undefined, *, A, 1.36354) 
[(2,0), Undefined, A, #, 2.27708) 
[FW2] iter=0, ||W||^2: 7, qua_sterm: 9.69356, cost=9.69356
delta_square: 1.93871
[(0,4), Undefined, *, *, 0.6) 
[(1,4), Undefined, *, T, 2.28646) 
[(2,1), Undefined, T, #, 3.97292) 
[FW2] iter=1, ||W||^2: 4.66292, qua_sterm: 9.6375, cost=9.6375
delta_square: 1.9275
[(0,4), Undefined, *, *, 0.75) 
[(1,4), Undefined, *, T, 3.23646) 
[(2,1), Undefined, T, #, 5.72292) 
[FW2] iter=2, ||W||^2: 4.66292, qua_sterm: 9.6375, cost=9.6375
gamma=5.74128e-16, early stop!
[FW1] iter=-1, ||W||^2: 0, lin_term: 0, qua_sterm: 0.9125, cost=0.9125
gamma: 1, mu*||W-S||^2: 0.3
[FW1] iter=0, ||W||^2: 3, lin_term: 0, qua_sterm: 1.6125, cost=1.6125
[FW1] iter=-1, ||W||^2: 0, lin_term: 0, qua_sterm: 5.6375, cost=5.6375
gamma: 1, mu*||W-S||^2: 0.3
[FW1] iter=0, ||W||^2: 3, lin_term: 0, qua_sterm: 7.2375, cost=7.2375
[FW1] iter=-1, ||W||^2: 0, lin_term: 0, qua_sterm: 0.9125, cost=0.9125
gamma: 1, mu*||W-S||^2: 0.3
[FW1] iter=0, ||W||^2: 3, lin_term: 0, qua_sterm: 1.6125, cost=1.6125
delta_square: 2.49778
[(0,4), Undefined, *, *, 0.45) 
[(1,4), Undefined, *, A, 1.36354) 
[(2,0), Undefined, A, #, 2.27708) 
[FW2] iter=0, ||W||^2: 7, qua_sterm: 10.5618, cost=10.5618
delta_square: 2.11236
[(0,4), Undefined, *, *, 0.6) 
[(1,4), Undefined, *, T, 2.38646) 
[(2,1), Undefined, T, #, 4.17292) 
[FW2] iter=1, ||W||^2: 4.36084, qua_sterm: 10.4542, cost=10.4542
delta_square: 2.09083
[(0,4), Undefined, *, *, 0.75) 
[(1,4), Undefined, *, T, 3.36979) 
[(2,1), Undefined, T, #, 5.98958) 
[FW2] iter=2, ||W||^2: 4.36084, qua_sterm: 10.4542, cost=10.4542
gamma=0, early stop!
[FW1] iter=-1, ||W||^2: 0, lin_term: 0, qua_sterm: 1.15684, cost=1.15684
gamma: 1, mu*||W-S||^2: 0.3
[FW1] iter=0, ||W||^2: 3, lin_term: 0, qua_sterm: 1.9334, cost=1.9334
[FW1] iter=-1, ||W||^2: 0, lin_term: 0, qua_sterm: 5.81465, cost=5.81465
gamma: 1, mu*||W-S||^2: 0.3
[FW1] iter=0, ||W||^2: 3, lin_term: 0, qua_sterm: 7.43809, cost=7.43809
[FW1] iter=-1, ||W||^2: 0, lin_term: 0, qua_sterm: 1.15684, cost=1.15684
gamma: 1, mu*||W-S||^2: 0.3
[FW1] iter=0, ||W||^2: 3, lin_term: 0, qua_sterm: 1.9334, cost=1.9334
delta_square: 2.68166
[(0,4), Undefined, *, *, 0.45) 
[(1,4), Undefined, *, A, 1.40677) 
[(2,0), Undefined, A, #, 2.36354) 
[FW2] iter=0, ||W||^2: 7, qua_sterm: 11.3947, cost=11.3947
delta_square: 2.27895
[(0,4), Undefined, *, *, 0.6) 
[(1,4), Undefined, *, T, 2.44323) 
[(2,1), Undefined, T, #, 4.28646) 
[FW2] iter=1, ||W||^2: 4.41573, qua_sterm: 11.3042, cost=11.3042
delta_square: 2.26083
[(0,4), Undefined, *, *, 0.75) 
[(1,4), Undefined, *, T, 3.4599) 
[(2,1), Undefined, T, #, 6.16979) 
[FW2] iter=2, ||W||^2: 4.41573, qua_sterm: 11.3042, cost=11.3042
gamma=9.11652e-16, early stop!
[FW1] iter=-1, ||W||^2: 0, lin_term: 0, qua_sterm: 1.33223, cost=1.33223
gamma: 1, mu*||W-S||^2: 0.3
[FW1] iter=0, ||W||^2: 3, lin_term: 0, qua_sterm: 2.1588, cost=2.1588
[FW1] iter=-1, ||W||^2: 0, lin_term: 0, qua_sterm: 6.20176, cost=6.20176
gamma: 1, mu*||W-S||^2: 0.3
[FW1] iter=0, ||W||^2: 3, lin_term: 0, qua_sterm: 7.8752, cost=7.8752
[FW1] iter=-1, ||W||^2: 0, lin_term: 0, qua_sterm: 1.33223, cost=1.33223
gamma: 1, mu*||W-S||^2: 0.3
[FW1] iter=0, ||W||^2: 3, lin_term: 0, qua_sterm: 2.1588, cost=2.1588
delta_square: 2.87458
[(0,4), Undefined, *, *, 0.45) 
[(1,4), Undefined, *, A, 1.46667) 
[(2,0), Undefined, A, #, 2.48333) 
[FW2] iter=0, ||W||^2: 7, qua_sterm: 12.2396, cost=12.2396
delta_square: 2.44792
[(0,4), Undefined, *, *, 0.6) 
[(1,4), Undefined, *, T, 2.48333) 
[(2,1), Undefined, T, #, 4.36667) 
[FW2] iter=1, ||W||^2: 4.70833, qua_sterm: 12.1875, cost=12.1875
delta_square: 2.4375
[(0,4), Undefined, *, *, 0.75) 
[(1,4), Undefined, *, T, 3.53333) 
[(2,1), Undefined, T, #, 6.31667) 
[FW2] iter=2, ||W||^2: 4.70833, qua_sterm: 12.1875, cost=12.1875
gamma=0, early stop!
[FW1] iter=-1, ||W||^2: 0, lin_term: 0, qua_sterm: 1.43737, cost=1.43737
gamma: 1, mu*||W-S||^2: 0.3
[FW1] iter=0, ||W||^2: 3, lin_term: 0, qua_sterm: 2.29231, cost=2.29231
[FW1] iter=-1, ||W||^2: 0, lin_term: 0, qua_sterm: 6.77799, cost=6.77799
gamma: 1, mu*||W-S||^2: 0.3
[FW1] iter=0, ||W||^2: 3, lin_term: 0, qua_sterm: 8.52304, cost=8.52304
gamma: 0.11263, mu*||W-S||^2: 0.4
[FW1] iter=1, ||W||^2: 2.60022, lin_term: 0.202734, qua_sterm: 8.31777, cost=8.52051
gamma=3.52485e-16, early stop!
[FW1] iter=-1, ||W||^2: 0, lin_term: 0, qua_sterm: 1.43737, cost=1.43737
gamma: 1, mu*||W-S||^2: 0.3
[FW1] iter=0, ||W||^2: 3, lin_term: 0, qua_sterm: 2.29231, cost=2.29231
delta_square: 3.07519
[(0,4), Undefined, *, *, 0.45) 
[(1,4), Undefined, *, A, 1.52161) 
[(2,0), Undefined, A, #, 2.59323) 
[FW2] iter=0, ||W||^2: 7, qua_sterm: 13.1327, cost=13.1327
delta_square: 2.62655
[(0,4), Undefined, *, *, 0.6) 
[(1,4), Undefined, *, A, 2.54323) 
[(2,0), Undefined, A, #, 4.48646) 
small denominator: 0
[FW1] iter=-1, ||W||^2: 0, lin_term: 0, qua_sterm: 1.28443, cost=1.28443
gamma: 1, mu*||W-S||^2: 0.3
[FW1] iter=0, ||W||^2: 3, lin_term: 0, qua_sterm: 2.09771, cost=2.09771
[FW1] iter=-1, ||W||^2: 0, lin_term: 0, qua_sterm: 7.99341, cost=7.99341
gamma: 1, mu*||W-S||^2: 0.3
[FW1] iter=0, ||W||^2: 3, lin_term: 0, qua_sterm: 9.88013, cost=9.88013
gamma: 0.466797, mu*||W-S||^2: 0.4
[FW1] iter=1, ||W||^2: 2.00441, lin_term: 0.840234, qua_sterm: 8.99631, cost=9.83655
gamma=0, early stop!
[FW1] iter=-1, ||W||^2: 0, lin_term: 0, qua_sterm: 1.28443, cost=1.28443
gamma: 1, mu*||W-S||^2: 0.3
[FW1] iter=0, ||W||^2: 3, lin_term: 0, qua_sterm: 2.09771, cost=2.09771
delta_square: 3.23618
[(0,4), Undefined, *, *, 0.461263) 
[(0,4), Insertion, *, -, 0.461263) 
[(1,4), Undefined, *, A, 1.57454) 
[(2,0), Undefined, A, #, 2.68783) 
[FW2] iter=0, ||W||^2: 8, qua_sterm: 13.8931, cost=13.8931
delta_square: 2.77861
[(0,4), Undefined, *, *, 0.611263) 
[(0,4), Insertion, *, -, 0.611263) 
[(1,4), Undefined, *, A, 2.63783) 
[(2,0), Undefined, A, #, 4.66439) 
[FW2] iter=1, ||W||^2: 7.01269, qua_sterm: 13.8537, cost=13.8537
delta_square: 2.77074
[(0,4), Undefined, *, *, 0.761263) 
[(0,4), Insertion, *, -, 0.761263) 
[(1,4), Undefined, *, T, 3.70755) 
[(2,1), Undefined, T, #, 6.65384) 
[FW2] iter=2, ||W||^2: 5.49072, qua_sterm: 13.8379, cost=13.8379
delta_square: 2.76759
[(0,4), Undefined, *, *, 0.913841) 
[(0,4), Insertion, *, -, 0.913841) 
[(1,4), Undefined, *, T, 4.81934) 
[(2,1), Undefined, T, #, 8.72483) 
[FW2] iter=3, ||W||^2: 5.46807, qua_sterm: 13.8379, cost=13.8379
delta_square: 2.76758
[(0,4), Undefined, *, *, 1.06588) 
[(0,4), Insertion, *, -, 1.06588) 
[(1,4), Undefined, *, T, 5.93013) 
[(2,1), Undefined, T, #, 10.7944) 
[FW2] iter=4, ||W||^2: 5.46807, qua_sterm: 13.8379, cost=13.8379
gamma=0, early stop!
[FW1] iter=-1, ||W||^2: 0, lin_term: 0, qua_sterm: 1.45637, cost=1.45637
gamma: 1, mu*||W-S||^2: 0.3
[FW1] iter=0, ||W||^2: 3, lin_term: 0, qua_sterm: 2.31633, cost=2.31633
[FW1] iter=-1, ||W||^2: 0, lin_term: 0, qua_sterm: 8.37374, cost=8.37374
gamma: 1, mu*||W-S||^2: 0.3
[FW1] iter=0, ||W||^2: 3, lin_term: 1.8, qua_sterm: 8.47579, cost=10.2758
gamma: 0.433177, mu*||W-S||^2: 0.4
[FW1] iter=1, ||W||^2: 2.01786, lin_term: 1.02028, qua_sterm: 9.21798, cost=10.2383
gamma=2.95835e-15, early stop!
[FW1] iter=-1, ||W||^2: 0, lin_term: 0, qua_sterm: 1.45637, cost=1.45637
gamma: 1, mu*||W-S||^2: 0.3
[FW1] iter=0, ||W||^2: 3, lin_term: 0, qua_sterm: 2.31633, cost=2.31633
delta_square: 3.27672
[(0,4), Undefined, *, *, 0.502311) 
[(0,4), Insertion, *, -, 0.502311) 
[(1,4), Undefined, *, A, 1.61559) 
[(2,0), Undefined, A, #, 2.72887) 
[FW2] iter=0, ||W||^2: 8, qua_sterm: 14.0547, cost=14.0547
delta_square: 2.81095
[(0,4), Undefined, *, *, 0.652311) 
[(0,4), Insertion, *, -, 0.652311) 
[(1,4), Undefined, *, A, 2.67887) 
[(2,0), Undefined, A, #, 4.70544) 
[FW2] iter=1, ||W||^2: 7.27365, qua_sterm: 14.0434, cost=14.0434
delta_square: 2.80867
[(0,4), Undefined, *, *, 0.802311) 
[(0,4), Insertion, *, -, 0.802311) 
[(1,4), Undefined, *, T, 3.77546) 
[(2,1), Undefined, T, #, 6.7486) 
[FW2] iter=2, ||W||^2: 5.54023, qua_sterm: 14.0241, cost=14.0241
delta_square: 2.80482
[(0,4), Undefined, *, *, 0.96528) 
[(0,4), Insertion, *, -, 0.96528) 
[(1,4), Undefined, *, T, 4.90468) 
[(2,1), Undefined, T, #, 8.84408) 
[FW2] iter=3, ||W||^2: 5.43086, qua_sterm: 14.0239, cost=14.0239
delta_square: 2.80477
[(0,4), Undefined, *, *, 1.12616) 
[(0,4), Insertion, *, -, 1.12616) 
[(1,4), Undefined, *, T, 6.02922) 
[(2,1), Undefined, T, #, 10.9323) 
[FW2] iter=4, ||W||^2: 5.43086, qua_sterm: 14.0239, cost=14.0239
gamma=6.33181e-16, early stop!
[FW1] iter=-1, ||W||^2: 0, lin_term: 0, qua_sterm: 1.57825, cost=1.57825
gamma: 1, mu*||W-S||^2: 0.3
[FW1] iter=0, ||W||^2: 3, lin_term: 0, qua_sterm: 2.46964, cost=2.46964
[FW1] iter=-1, ||W||^2: 0, lin_term: 0, qua_sterm: 8.58056, cost=8.58056
gamma: 1, mu*||W-S||^2: 0.3
[FW1] iter=0, ||W||^2: 3, lin_term: 1.8, qua_sterm: 8.69246, cost=10.4925
gamma: 0.403084, mu*||W-S||^2: 0.4
[FW1] iter=1, ||W||^2: 2.03757, lin_term: 1.07445, qua_sterm: 9.38552, cost=10.46
gamma=0, early stop!
[FW1] iter=-1, ||W||^2: 0, lin_term: 0, qua_sterm: 1.57825, cost=1.57825
gamma: 1, mu*||W-S||^2: 0.3
[FW1] iter=0, ||W||^2: 3, lin_term: 0, qua_sterm: 2.46964, cost=2.46964
delta_square: 3.35749
[(0,4), Undefined, *, *, 0.531044) 
[(0,4), Insertion, *, -, 0.531044) 
[(1,4), Undefined, *, A, 1.66767) 
[(2,0), Undefined, A, #, 2.80429) 
[FW2] iter=0, ||W||^2: 8, qua_sterm: 14.3831, cost=14.3831
delta_square: 2.87663
[(0,4), Undefined, *, *, 0.681044) 
[(0,4), Insertion, *, -, 0.681044) 
[(1,4), Undefined, *, A, 2.75429) 
[(2,0), Undefined, A, #, 4.82754) 
[FW2] iter=1, ||W||^2: 7.65681, qua_sterm: 14.3814, cost=14.3814
delta_square: 2.87627
[(0,4), Undefined, *, *, 0.831044) 
[(0,4), Insertion, *, -, 0.831044) 
[(1,4), Undefined, *, A, 3.84091) 
[(2,0), Undefined, A, #, 6.85078) 
[FW2] iter=2, ||W||^2: 7.65681, qua_sterm: 14.3814, cost=14.3814
gamma=8.56191e-17, early stop!
[FW1] iter=-1, ||W||^2: 0, lin_term: 0, qua_sterm: 1.47177, cost=1.47177
gamma: 1, mu*||W-S||^2: 0.3
[FW1] iter=0, ||W||^2: 3, lin_term: 0, qua_sterm: 2.33578, cost=2.33578
[FW1] iter=-1, ||W||^2: 0, lin_term: 0, qua_sterm: 9.27009, cost=9.27009
gamma: 1, mu*||W-S||^2: 0.3
[FW1] iter=0, ||W||^2: 3, lin_term: 1.8, qua_sterm: 9.37835, cost=11.1783
gamma: 0.217217, mu*||W-S||^2: 0.4
[FW1] iter=1, ||W||^2: 2.31986, lin_term: 1.40901, qua_sterm: 9.7599, cost=11.1689
gamma=1.47062e-15, early stop!
[FW1] iter=-1, ||W||^2: 0, lin_term: 0, qua_sterm: 1.47177, cost=1.47177
gamma: 1, mu*||W-S||^2: 0.3
[FW1] iter=0, ||W||^2: 3, lin_term: 0, qua_sterm: 2.33578, cost=2.33578
delta_square: 3.44848
[(0,4), Undefined, *, *, 0.541677) 
[(0,4), Insertion, *, -, 0.541677) 
[(1,4), Undefined, *, A, 1.70568) 
[(2,0), Undefined, A, #, 2.86969) 
[FW2] iter=0, ||W||^2: 8, qua_sterm: 14.7727, cost=14.7727
delta_square: 2.95454
[(0,4), Undefined, *, *, 0.691677) 
[(0,4), Insertion, *, -, 0.691677) 
[(1,4), Undefined, *, A, 2.81969) 
[(2,0), Undefined, A, #, 4.94771) 
[FW2] iter=1, ||W||^2: 7.84047, qua_sterm: 14.7724, cost=14.7724
delta_square: 2.95447
[(0,4), Undefined, *, *, 0.841677) 
[(0,4), Insertion, *, -, 0.841677) 
[(1,4), Undefined, *, A, 3.9337) 
[(2,0), Undefined, A, #, 7.02572) 
[FW2] iter=2, ||W||^2: 7.84047, qua_sterm: 14.7724, cost=14.7724
gamma=0, early stop!
[FW1] iter=-1, ||W||^2: 0, lin_term: 0, qua_sterm: 1.47177, cost=1.47177
gamma: 1, mu*||W-S||^2: 0.3
[FW1] iter=0, ||W||^2: 3, lin_term: 0, qua_sterm: 2.33578, cost=2.33578
[FW1] iter=-1, ||W||^2: 0, lin_term: 0, qua_sterm: 9.69567, cost=9.69567
gamma: 1, mu*||W-S||^2: 0.3
[FW1] iter=0, ||W||^2: 3, lin_term: 1.8, qua_sterm: 9.81246, cost=11.6125
gamma: 0.137786, mu*||W-S||^2: 0.4
[FW1] iter=1, ||W||^2: 2.52479, lin_term: 1.55198, qua_sterm: 10.0567, cost=11.6087
gamma=0, early stop!
[FW1] iter=-1, ||W||^2: 0, lin_term: 0, qua_sterm: 1.47177, cost=1.47177
gamma: 1, mu*||W-S||^2: 0.3
[FW1] iter=0, ||W||^2: 3, lin_term: 0, qua_sterm: 2.33578, cost=2.33578
delta_square: 3.46995
[(0,4), Undefined, *, *, 0.549588) 
[(0,4), Insertion, *, -, 0.549588) 
[(1,4), Undefined, *, A, 1.7136) 
[(2,0), Undefined, A, #, 2.8776) 
[FW2] iter=0, ||W||^2: 8, qua_sterm: 14.8722, cost=14.8722
delta_square: 2.97443
[(0,4), Undefined, *, *, 0.699588) 
[(0,4), Insertion, *, -, 0.699588) 
[(1,4), Undefined, *, A, 2.8276) 
[(2,0), Undefined, A, #, 4.95562) 
[FW2] iter=1, ||W||^2: 7.99178, qua_sterm: 14.8722, cost=14.8722
delta_square: 2.97443
[(0,4), Undefined, *, *, 0.849588) 
[(0,4), Insertion, *, -, 0.849588) 
[(1,4), Undefined, *, A, 3.94161) 
[(2,0), Undefined, A, #, 7.03363) 
[FW2] iter=2, ||W||^2: 7.99178, qua_sterm: 14.8722, cost=14.8722
gamma=0, early stop!
[FW1] iter=-1, ||W||^2: 0, lin_term: 0, qua_sterm: 1.47177, cost=1.47177
gamma: 1, mu*||W-S||^2: 0.3
[FW1] iter=0, ||W||^2: 3, lin_term: 0, qua_sterm: 2.33578, cost=2.33578
[FW1] iter=-1, ||W||^2: 0, lin_term: 0, qua_sterm: 9.96303, cost=9.96303
gamma: 1, mu*||W-S||^2: 0.3
[FW1] iter=0, ||W||^2: 3, lin_term: 1.8, qua_sterm: 10.1043, cost=11.9043
gamma: 0.144805, mu*||W-S||^2: 0.4
[FW1] iter=1, ||W||^2: 2.50466, lin_term: 1.53935, qua_sterm: 10.3608, cost=11.9002
gamma=1.32369e-14, early stop!
[FW1] iter=-1, ||W||^2: 0, lin_term: 0, qua_sterm: 1.47177, cost=1.47177
gamma: 1, mu*||W-S||^2: 0.3
[FW1] iter=0, ||W||^2: 3, lin_term: 0, qua_sterm: 2.33578, cost=2.33578
delta_square: 3.49971
[(0,4), Undefined, *, *, 0.550832) 
[(0,4), Insertion, *, -, 0.550832) 
[(1,4), Undefined, *, A, 1.71484) 
[(2,0), Undefined, A, #, 2.87885) 
[FW2] iter=0, ||W||^2: 8, qua_sterm: 15.0197, cost=15.0197
delta_square: 3.00395
[(0,4), Undefined, *, *, 0.701663) 
[(0,4), Insertion, *, -, 0.701663) 
[(1,4), Undefined, *, A, 2.82968) 
[(2,0), Undefined, A, #, 4.95769) 
small denominator: 0
[FW1] iter=-1, ||W||^2: 0, lin_term: 0, qua_sterm: 1.47177, cost=1.47177
gamma: 1, mu*||W-S||^2: 0.3
[FW1] iter=0, ||W||^2: 3, lin_term: 0, qua_sterm: 2.33578, cost=2.33578
[FW1] iter=-1, ||W||^2: 0, lin_term: 0, qua_sterm: 10.1702, cost=10.1702
gamma: 1, mu*||W-S||^2: 0.3
[FW1] iter=0, ||W||^2: 3, lin_term: 1.8, qua_sterm: 10.3475, cost=12.1475
gamma: 0.200396, mu*||W-S||^2: 0.4
[FW1] iter=1, ||W||^2: 2.35905, lin_term: 1.43929, qua_sterm: 10.7002, cost=12.1395
gamma=8.68222e-16, early stop!
[FW1] iter=-1, ||W||^2: 0, lin_term: 0, qua_sterm: 1.47177, cost=1.47177
gamma: 1, mu*||W-S||^2: 0.3
[FW1] iter=0, ||W||^2: 3, lin_term: 0, qua_sterm: 2.33578, cost=2.33578
delta_square: 3.54875
[(0,4), Undefined, *, *, 0.543446) 
[(0,4), Insertion, *, -, 0.543446) 
[(1,4), Undefined, *, A, 1.70745) 
[(2,0), Undefined, A, #, 2.87146) 
[FW2] iter=0, ||W||^2: 8, qua_sterm: 15.2723, cost=15.2723
delta_square: 3.05446
[(0,4), Undefined, *, *, 0.693446) 
[(0,4), Insertion, *, -, 0.693446) 
[(1,4), Undefined, *, A, 2.82146) 
[(2,0), Undefined, A, #, 4.94948) 
[FW2] iter=1, ||W||^2: 7.87322, qua_sterm: 15.2721, cost=15.2721
delta_square: 3.05441
[(0,4), Undefined, *, *, 0.843446) 
[(0,4), Insertion, *, -, 0.843446) 
[(1,4), Undefined, *, A, 3.93547) 
[(2,0), Undefined, A, #, 7.02749) 
[FW2] iter=2, ||W||^2: 7.87322, qua_sterm: 15.2721, cost=15.2721
gamma=0, early stop!
[FW1] iter=-1, ||W||^2: 0, lin_term: 0, qua_sterm: 1.47177, cost=1.47177
gamma: 1, mu*||W-S||^2: 0.3
[FW1] iter=0, ||W||^2: 3, lin_term: 0, qua_sterm: 2.33578, cost=2.33578
[FW1] iter=-1, ||W||^2: 0, lin_term: 0, qua_sterm: 10.3975, cost=10.3975
gamma: 1, mu*||W-S||^2: 0.3
[FW1] iter=0, ||W||^2: 3, lin_term: 0, qua_sterm: 12.5092, cost=12.5092
gamma: 0.730622, mu*||W-S||^2: 0.4
[FW1] iter=1, ||W||^2: 2.21275, lin_term: 1.31512, qua_sterm: 11.0873, cost=12.4024
gamma=1.03991e-15, early stop!
[FW1] iter=-1, ||W||^2: 0, lin_term: 0, qua_sterm: 1.47177, cost=1.47177
gamma: 1, mu*||W-S||^2: 0.3
[FW1] iter=0, ||W||^2: 3, lin_term: 0, qua_sterm: 2.33578, cost=2.33578
delta_square: 3.61907
[(0,4), Undefined, *, *, 0.530647) 
[(0,4), Insertion, *, -, 0.530647) 
[(1,4), Undefined, *, A, 1.69465) 
[(2,0), Undefined, A, #, 2.85866) 
[FW2] iter=0, ||W||^2: 8, qua_sterm: 15.6367, cost=15.6367
delta_square: 3.12733
[(0,4), Undefined, *, *, 0.680647) 
[(0,4), Insertion, *, -, 0.680647) 
[(1,4), Undefined, *, A, 2.80866) 
[(2,0), Undefined, A, #, 4.93668) 
[FW2] iter=1, ||W||^2: 7.65039, qua_sterm: 15.6348, cost=15.6348
delta_square: 3.12696
[(0,4), Undefined, *, *, 0.830647) 
[(0,4), Insertion, *, -, 0.830647) 
[(1,4), Undefined, *, A, 3.92267) 
[(2,0), Undefined, A, #, 7.01469) 
[FW2] iter=2, ||W||^2: 7.65039, qua_sterm: 15.6348, cost=15.6348
gamma=0, early stop!
[FW1] iter=-1, ||W||^2: 0, lin_term: 0, qua_sterm: 1.47177, cost=1.47177
gamma: 1, mu*||W-S||^2: 0.3
[FW1] iter=0, ||W||^2: 3, lin_term: 0, qua_sterm: 2.33578, cost=2.33578
[FW1] iter=-1, ||W||^2: 0, lin_term: 0, qua_sterm: 10.6875, cost=10.6875
gamma: 1, mu*||W-S||^2: 0.3
[FW1] iter=0, ||W||^2: 3, lin_term: 0, qua_sterm: 12.8192, cost=12.8192
gamma: 0.66563, mu*||W-S||^2: 0.4
[FW1] iter=1, ||W||^2: 2.10973, lin_term: 1.19813, qua_sterm: 11.5324, cost=12.7305
gamma=0, early stop!
[FW1] iter=-1, ||W||^2: 0, lin_term: 0, qua_sterm: 1.47177, cost=1.47177
gamma: 1, mu*||W-S||^2: 0.3
[FW1] iter=0, ||W||^2: 3, lin_term: 0, qua_sterm: 2.33578, cost=2.33578
delta_square: 3.70747
[(0,4), Undefined, *, *, 0.517006) 
[(0,4), Insertion, *, -, 0.517006) 
[(1,4), Undefined, *, A, 1.68101) 
[(2,0), Undefined, A, #, 2.84502) 
[FW2] iter=0, ||W||^2: 8, qua_sterm: 16.0923, cost=16.0923
delta_square: 3.21847
[(0,4), Undefined, *, *, 0.667006) 
[(0,4), Insertion, *, -, 0.667006) 
[(1,4), Undefined, *, A, 2.79502) 
[(2,0), Undefined, A, #, 4.92304) 
[FW2] iter=1, ||W||^2: 7.44898, qua_sterm: 16.0869, cost=16.0869
delta_square: 3.21738
[(0,4), Undefined, *, *, 0.817006) 
[(0,4), Insertion, *, -, 0.817006) 
[(1,4), Undefined, *, T, 3.94536) 
[(2,1), Undefined, T, #, 7.07372) 
[FW2] iter=2, ||W||^2: 5.90606, qua_sterm: 16.0666, cost=16.0666
delta_square: 3.21331
[(0,4), Undefined, *, *, 0.967006) 
[(0,4), Insertion, *, -, 0.967006) 
[(1,4), Undefined, *, T, 5.11236) 
[(2,1), Undefined, T, #, 9.25771) 
[FW2] iter=3, ||W||^2: 5.80293, qua_sterm: 16.0665, cost=16.0665
delta_square: 3.2133
[(0,4), Undefined, *, *, 1.11701) 
[(0,4), Insertion, *, -, 1.11701) 
[(1,4), Undefined, *, T, 6.27772) 
[(2,1), Undefined, T, #, 11.4384) 
[FW2] iter=4, ||W||^2: 5.80293, qua_sterm: 16.0665, cost=16.0665
gamma=0, early stop!
[FW1] iter=-1, ||W||^2: 0, lin_term: 0, qua_sterm: 1.68879, cost=1.68879
gamma: 1, mu*||W-S||^2: 0.3
[FW1] iter=0, ||W||^2: 3, lin_term: 0, qua_sterm: 2.60764, cost=2.60764
[FW1] iter=-1, ||W||^2: 0, lin_term: 0, qua_sterm: 10.5022, cost=10.5022
gamma: 1, mu*||W-S||^2: 0.3
[FW1] iter=0, ||W||^2: 3, lin_term: 0, qua_sterm: 12.606, cost=12.606
gamma: 0.497045, mu*||W-S||^2: 0.4
[FW1] iter=1, ||W||^2: 2.00003, lin_term: 0.89468, qua_sterm: 11.6619, cost=12.5565
gamma=1.12347e-15, early stop!
[FW1] iter=-1, ||W||^2: 0, lin_term: 0, qua_sterm: 1.68879, cost=1.68879
gamma: 1, mu*||W-S||^2: 0.3
[FW1] iter=0, ||W||^2: 3, lin_term: 0, qua_sterm: 2.60764, cost=2.60764
delta_square: 3.81072
[(0,4), Undefined, *, *, 0.506714) 
[(0,4), Insertion, *, -, 0.506714) 
[(1,4), Undefined, *, A, 1.67072) 
[(2,0), Undefined, A, #, 2.83473) 
[FW2] iter=0, ||W||^2: 8, qua_sterm: 16.6189, cost=16.6189
delta_square: 3.32377
[(0,4), Undefined, *, *, 0.656714) 
[(0,4), Insertion, *, -, 0.656714) 
[(1,4), Undefined, *, A, 2.78473) 
[(2,0), Undefined, A, #, 4.91274) 
[FW2] iter=1, ||W||^2: 7.32165, qua_sterm: 16.6095, cost=16.6095
delta_square: 3.3219
[(0,4), Undefined, *, *, 0.806714) 
[(0,4), Insertion, *, -, 0.806714) 
[(1,4), Undefined, *, T, 3.99498) 
[(2,1), Undefined, T, #, 7.18324) 
[FW2] iter=2, ||W||^2: 5.55523, qua_sterm: 16.578, cost=16.578
delta_square: 3.3156
[(0,4), Undefined, *, *, 0.956714) 
[(0,4), Insertion, *, -, 0.956714) 
[(1,4), Undefined, *, T, 5.17581) 
[(2,1), Undefined, T, #, 9.39491) 
[FW2] iter=3, ||W||^2: 5.3995, qua_sterm: 16.5777, cost=16.5777
delta_square: 3.31554
[(0,4), Undefined, *, *, 1.10671) 
[(0,4), Insertion, *, -, 1.10671) 
[(1,4), Undefined, *, T, 6.35378) 
[(2,1), Undefined, T, #, 11.6008) 
[FW2] iter=4, ||W||^2: 5.3995, qua_sterm: 16.5777, cost=16.5777
gamma=7.38186e-16, early stop!
[FW1] iter=-1, ||W||^2: 0, lin_term: 0, qua_sterm: 1.86582, cost=1.86582
gamma: 1, mu*||W-S||^2: 0.3
[FW1] iter=0, ||W||^2: 3, lin_term: 0, qua_sterm: 2.82683, cost=2.82683
[FW1] iter=-1, ||W||^2: 0, lin_term: 0, qua_sterm: 10.5144, cost=10.5144
gamma: 1, mu*||W-S||^2: 0.3
[FW1] iter=0, ||W||^2: 3, lin_term: 0, qua_sterm: 12.6095, cost=12.6095
gamma: 0.385418, mu*||W-S||^2: 0.4
[FW1] iter=1, ||W||^2: 2.05252, lin_term: 0.693752, qua_sterm: 11.8861, cost=12.5798
gamma=4.67118e-15, early stop!
[FW1] iter=-1, ||W||^2: 0, lin_term: 0, qua_sterm: 1.86582, cost=1.86582
gamma: 1, mu*||W-S||^2: 0.3
[FW1] iter=0, ||W||^2: 3, lin_term: 0, qua_sterm: 2.82683, cost=2.82683
delta_square: 3.97058
[(0,4), Undefined, *, *, 0.486209) 
[(0,4), Insertion, *, -, 0.486209) 
[(1,4), Undefined, *, A, 1.67764) 
[(2,0), Undefined, A, #, 2.86907) 
[FW2] iter=0, ||W||^2: 8, qua_sterm: 17.3838, cost=17.3838
delta_square: 3.47677
[(0,4), Undefined, *, *, 0.636209) 
[(0,4), Insertion, *, -, 0.636209) 
[(1,4), Undefined, *, A, 2.81907) 
[(2,0), Undefined, A, #, 5.00192) 
[FW2] iter=1, ||W||^2: 7.13111, qua_sterm: 17.3635, cost=17.3635
delta_square: 3.4727
[(0,4), Undefined, *, *, 0.786209) 
[(0,4), Insertion, *, -, 0.786209) 
[(1,4), Undefined, *, T, 4.03407) 
[(2,1), Undefined, T, #, 7.28193) 
[FW2] iter=2, ||W||^2: 5.21587, qua_sterm: 17.3364, cost=17.3364
delta_square: 3.46727
[(0,4), Undefined, *, *, 0.94698) 
[(0,4), Insertion, *, -, 0.94698) 
[(1,4), Undefined, *, T, 5.24771) 
[(2,1), Undefined, T, #, 9.54845) 
[FW2] iter=3, ||W||^2: 5.13547, qua_sterm: 17.3362, cost=17.3362
delta_square: 3.46724
[(0,4), Undefined, *, *, 1.10547) 
[(0,4), Insertion, *, -, 1.10547) 
[(1,4), Undefined, *, T, 6.45692) 
[(2,1), Undefined, T, #, 11.8084) 
[FW2] iter=4, ||W||^2: 5.13547, qua_sterm: 17.3362, cost=17.3362
gamma=0, early stop!
[FW1] iter=-1, ||W||^2: 0, lin_term: 0, qua_sterm: 1.99281, cost=1.99281
gamma: 1, mu*||W-S||^2: 0.3
[FW1] iter=0, ||W||^2: 3, lin_term: 0, qua_sterm: 2.98283, cost=2.98283
[FW1] iter=-1, ||W||^2: 0, lin_term: 0, qua_sterm: 10.7907, cost=10.7907
gamma: 1, mu*||W-S||^2: 0.3
[FW1] iter=0, ||W||^2: 3, lin_term: 0, qua_sterm: 12.9071, cost=12.9071
gamma: 0.299228, mu*||W-S||^2: 0.4
[FW1] iter=1, ||W||^2: 2.16124, lin_term: 0.53861, qua_sterm: 12.3506, cost=12.8892
gamma=1.54995e-15, early stop!
[FW1] iter=-1, ||W||^2: 0, lin_term: 0, qua_sterm: 1.99281, cost=1.99281
gamma: 1, mu*||W-S||^2: 0.3
[FW1] iter=0, ||W||^2: 3, lin_term: 0, qua_sterm: 2.98283, cost=2.98283
delta_square: 4.14663
[(0,4), Undefined, *, *, 0.466119) 
[(0,4), Insertion, *, -, 0.466119) 
[(1,4), Undefined, *, A, 1.69234) 
[(2,0), Undefined, A, #, 2.91855) 
[FW2] iter=0, ||W||^2: 8, qua_sterm: 18.2146, cost=18.2146
delta_square: 3.64292
[(0,4), Undefined, *, *, 0.616119) 
[(0,4), Insertion, *, -, 0.616119) 
[(1,4), Undefined, *, A, 2.86855) 
[(2,0), Undefined, A, #, 5.12099) 
[FW2] iter=1, ||W||^2: 7.02598, qua_sterm: 18.1794, cost=18.1794
delta_square: 3.63589
[(0,4), Undefined, *, *, 0.766119) 
[(0,4), Insertion, *, -, 0.766119) 
[(1,4), Undefined, *, T, 4.07073) 
[(2,1), Undefined, T, #, 7.37534) 
[FW2] iter=2, ||W||^2: 5.38969, qua_sterm: 18.1606, cost=18.1606
delta_square: 3.63212
[(0,4), Undefined, *, *, 0.920149) 
[(0,4), Insertion, *, -, 0.920149) 
[(1,4), Undefined, *, T, 5.3013) 
[(2,1), Undefined, T, #, 9.68245) 
[FW2] iter=3, ||W||^2: 5.35572, qua_sterm: 18.1606, cost=18.1606
delta_square: 3.63212
[(0,4), Undefined, *, *, 1.07332) 
[(0,4), Insertion, *, -, 1.07332) 
[(1,4), Undefined, *, T, 6.53028) 
[(2,1), Undefined, T, #, 11.9872) 
[FW2] iter=4, ||W||^2: 5.35572, qua_sterm: 18.1606, cost=18.1606
gamma=0, early stop!
[FW1] iter=-1, ||W||^2: 0, lin_term: 0, qua_sterm: 2.08079, cost=2.08079
gamma: 1, mu*||W-S||^2: 0.3
[FW1] iter=0, ||W||^2: 3, lin_term: 0, qua_sterm: 3.09036, cost=3.09036
[FW1] iter=-1, ||W||^2: 0, lin_term: 0, qua_sterm: 11.2782, cost=11.2782
gamma: 1, mu*||W-S||^2: 0.3
[FW1] iter=0, ||W||^2: 3, lin_term: 0, qua_sterm: 13.4365, cost=13.4365
gamma: 0.305338, mu*||W-S||^2: 0.4
[FW1] iter=1, ||W||^2: 2.15157, lin_term: 0.549608, qua_sterm: 12.8682, cost=13.4178
gamma=0, early stop!
[FW1] iter=-1, ||W||^2: 0, lin_term: 0, qua_sterm: 2.08079, cost=2.08079
gamma: 1, mu*||W-S||^2: 0.3
[FW1] iter=0, ||W||^2: 3, lin_term: 0, qua_sterm: 3.09036, cost=3.09036
delta_square: 4.3383
[(0,4), Undefined, *, *, 0.462911) 
[(0,4), Insertion, *, -, 0.462911) 
[(1,4), Undefined, *, A, 1.72103) 
[(2,0), Undefined, A, #, 2.97914) 
[FW2] iter=0, ||W||^2: 8, qua_sterm: 19.1124, cost=19.1124
delta_square: 3.82247
[(0,4), Undefined, *, *, 0.612911) 
[(0,4), Insertion, *, -, 0.612911) 
[(1,4), Undefined, *, A, 2.92914) 
[(2,0), Undefined, A, #, 5.24537) 
[FW2] iter=1, ||W||^2: 7.01667, qua_sterm: 19.0745, cost=19.0745
delta_square: 3.81489
[(0,4), Undefined, *, *, 0.762911) 
[(0,4), Insertion, *, -, 0.762911) 
[(1,4), Undefined, *, T, 4.13772) 
[(2,1), Undefined, T, #, 7.51253) 
[FW2] iter=2, ||W||^2: 5.74349, qua_sterm: 19.0612, cost=19.0612
delta_square: 3.81225
[(0,4), Undefined, *, *, 0.912911) 
[(0,4), Insertion, *, -, 0.912911) 
[(1,4), Undefined, *, T, 5.39288) 
[(2,1), Undefined, T, #, 9.87285) 
[FW2] iter=3, ||W||^2: 5.54639, qua_sterm: 19.0609, cost=19.0609
delta_square: 3.81217
[(0,4), Undefined, *, *, 1.06291) 
[(0,4), Insertion, *, -, 1.06291) 
[(1,4), Undefined, *, T, 6.64455) 
[(2,1), Undefined, T, #, 12.2262) 
[FW2] iter=4, ||W||^2: 5.54639, qua_sterm: 19.0609, cost=19.0609
gamma=0, early stop!
[FW1] iter=-1, ||W||^2: 0, lin_term: 0, qua_sterm: 2.17652, cost=2.17652
gamma: 1, mu*||W-S||^2: 0.3
[FW1] iter=0, ||W||^2: 3, lin_term: 0, qua_sterm: 3.2069, cost=3.2069
[FW1] iter=-1, ||W||^2: 0, lin_term: 0, qua_sterm: 11.8496, cost=11.8496
gamma: 1, mu*||W-S||^2: 0.3
[FW1] iter=0, ||W||^2: 3, lin_term: 0, qua_sterm: 14.0572, cost=14.0572
gamma: 0.409562, mu*||W-S||^2: 0.4
[FW1] iter=1, ||W||^2: 2.03272, lin_term: 0.737212, qua_sterm: 13.2864, cost=14.0236
gamma: 0.0844665, mu*||W-S||^2: 0.303272
[FW1] iter=2, ||W||^2: 1.87989, lin_term: 0.860769, qua_sterm: 13.1618, cost=14.0225
gamma: 0.0586595, mu*||W-S||^2: 0.287989
[FW1] iter=3, ||W||^2: 1.78657, lin_term: 0.939327, qua_sterm: 13.0827, cost=14.022
gamma: 0.0421015, mu*||W-S||^2: 0.278657
[FW1] iter=4, ||W||^2: 1.72528, lin_term: 0.992404, qua_sterm: 13.0294, cost=14.0218
gamma: 0.0439045, mu*||W-S||^2: 0.0775552
[FW1] iter=5, ||W||^2: 1.74869, lin_term: 0.948833, qua_sterm: 13.0729, cost=14.0217
gamma: 0.00566327, mu*||W-S||^2: 0.258768
[FW1] iter=6, ||W||^2: 1.74121, lin_term: 0.955918, qua_sterm: 13.0658, cost=14.0217
gamma: 0.00279335, mu*||W-S||^2: 0.0713013
[FW1] iter=7, ||W||^2: 1.74274, lin_term: 0.953248, qua_sterm: 13.0685, cost=14.0217
gamma: 0.000397394, mu*||W-S||^2: 0.256049
[FW1] iter=8, ||W||^2: 1.74222, lin_term: 0.953744, qua_sterm: 13.068, cost=14.0217
gamma: 0.00020462, mu*||W-S||^2: 0.0709326
[FW1] iter=9, ||W||^2: 1.74233, lin_term: 0.953548, qua_sterm: 13.0682, cost=14.0217
gamma: 2.92788e-05, mu*||W-S||^2: 0.255861
[FW1] iter=10, ||W||^2: 1.74229, lin_term: 0.953585, qua_sterm: 13.0681, cost=14.0217
[FW1] iter=-1, ||W||^2: 0, lin_term: 0, qua_sterm: 2.17652, cost=2.17652
gamma: 1, mu*||W-S||^2: 0.3
[FW1] iter=0, ||W||^2: 3, lin_term: 0, qua_sterm: 3.2069, cost=3.2069
delta_square: 4.51456
[(0,4), Undefined, *, *, 0.472011) 
[(0,4), Insertion, *, -, 0.472011) 
[(1,4), Undefined, *, A, 1.75585) 
[(2,0), Undefined, A, #, 3.0397) 
[FW2] iter=0, ||W||^2: 8, qua_sterm: 19.9331, cost=19.9331
delta_square: 3.98662
[(0,4), Undefined, *, *, 0.622011) 
[(0,4), Insertion, *, -, 0.622011) 
[(1,4), Undefined, *, A, 2.9897) 
[(2,0), Undefined, A, #, 5.35738) 
[FW2] iter=1, ||W||^2: 7.04845, qua_sterm: 19.9027, cost=19.9027
delta_square: 3.98054
[(0,4), Undefined, *, *, 0.772011) 
[(0,4), Insertion, *, -, 0.772011) 
[(1,4), Undefined, *, A, 4.22354) 
[(2,0), Undefined, A, #, 7.67507) 
[FW2] iter=2, ||W||^2: 7.04845, qua_sterm: 19.9027, cost=19.9027
gamma=3.15245e-16, early stop!
[FW1] iter=-1, ||W||^2: 0, lin_term: 0, qua_sterm: 2.06963, cost=2.06963
gamma: 1, mu*||W-S||^2: 0.3
[FW1] iter=0, ||W||^2: 3, lin_term: 0, qua_sterm: 3.07674, cost=3.07674
[FW1] iter=-1, ||W||^2: 0, lin_term: 0, qua_sterm: 12.9051, cost=12.9051
gamma: 1, mu*||W-S||^2: 0.3
[FW1] iter=0, ||W||^2: 3, lin_term: 1.8, qua_sterm: 13.3718, cost=15.1718
gamma: 0.41659, mu*||W-S||^2: 0.4
[FW1] iter=1, ||W||^2: 2.02783, lin_term: 1.96664, qua_sterm: 13.1704, cost=15.1371
gamma: 0.275174, mu*||W-S||^2: 0.302783
[FW1] iter=2, ||W||^2: 1.69144, lin_term: 2.03085, qua_sterm: 13.0947, cost=15.1256
gamma: 0.204481, mu*||W-S||^2: 0.269144
[FW1] iter=3, ||W||^2: 1.5212, lin_term: 2.06544, qua_sterm: 13.0545, cost=15.12
gamma: 0.161161, mu*||W-S||^2: 0.25212
[FW1] iter=4, ||W||^2: 1.41869, lin_term: 1.73257, qua_sterm: 13.3841, cost=15.1167
gamma: 0.0730519, mu*||W-S||^2: 0.128994
[FW1] iter=5, ||W||^2: 1.44686, lin_term: 1.7375, qua_sterm: 13.3788, cost=15.1163
gamma=0, early stop!
[FW1] iter=-1, ||W||^2: 0, lin_term: 0, qua_sterm: 2.06963, cost=2.06963
gamma: 1, mu*||W-S||^2: 0.3
[FW1] iter=0, ||W||^2: 3, lin_term: 0, qua_sterm: 3.07674, cost=3.07674
delta_square: 4.60975
[(0,4), Undefined, *, *, 0.474369) 
[(0,4), Insertion, *, -, 0.474369) 
[(1,4), Undefined, *, A, 1.7887) 
[(2,0), Undefined, A, #, 3.10302) 
[FW2] iter=0, ||W||^2: 10, qua_sterm: 20.4457, cost=20.4457
delta_square: 4.08915
[(0,4), Undefined, *, *, 0.624369) 
[(0,4), Insertion, *, -, 0.624369) 
[(1,4), Undefined, *, A, 3.04581) 
[(2,0), Undefined, A, #, 5.46725) 
[FW2] iter=1, ||W||^2: 7.05018, qua_sterm: 20.332, cost=20.332
delta_square: 4.0664
[(0,4), Undefined, *, *, 0.785804) 
[(0,4), Insertion, *, -, 0.785804) 
[(1,4), Undefined, *, A, 4.31435) 
[(2,0), Undefined, A, #, 7.84291) 
[FW2] iter=2, ||W||^2: 7.08957, qua_sterm: 20.3312, cost=20.3312
delta_square: 4.06624
[(0,4), Undefined, *, *, 0.935804) 
[(0,4), Insertion, *, -, 0.935804) 
[(1,4), Undefined, *, A, 5.57147) 
[(2,0), Undefined, A, #, 10.2071) 
[FW2] iter=3, ||W||^2: 7.06816, qua_sterm: 20.3311, cost=20.3311
delta_square: 4.06622
[(0,4), Undefined, *, *, 1.08792) 
[(0,4), Insertion, *, -, 1.08792) 
[(1,4), Undefined, *, T, 6.84273) 
[(2,1), Undefined, T, #, 12.5975) 
[FW2] iter=4, ||W||^2: 6.14695, qua_sterm: 20.325, cost=20.325
delta_square: 4.06501
[(0,4), Undefined, *, *, 1.23792) 
[(0,4), Insertion, *, -, 1.23792) 
[(1,4), Undefined, *, T, 8.13013) 
[(2,1), Undefined, T, #, 15.0224) 
[FW2] iter=5, ||W||^2: 6.0432, qua_sterm: 20.325, cost=20.325
delta_square: 4.06499
[(0,4), Undefined, *, *, 1.38792) 
[(0,4), Insertion, *, -, 1.38792) 
[(1,4), Undefined, *, T, 9.41595) 
[(2,1), Undefined, T, #, 17.444) 
[FW2] iter=6, ||W||^2: 6.0432, qua_sterm: 20.325, cost=20.325
gamma=0, early stop!
[FW1] iter=-1, ||W||^2: 0, lin_term: 0, qua_sterm: 2.20929, cost=2.20929
gamma: 1, mu*||W-S||^2: 0.3
[FW1] iter=0, ||W||^2: 3, lin_term: 0, qua_sterm: 3.24669, cost=3.24669
[FW1] iter=-1, ||W||^2: 0, lin_term: 0, qua_sterm: 13.199, cost=13.199
gamma: 1, mu*||W-S||^2: 0.3
[FW1] iter=0, ||W||^2: 3, lin_term: 2.2, qua_sterm: 13.2898, cost=15.4898
gamma: 0.465597, mu*||W-S||^2: 0.4
[FW1] iter=1, ||W||^2: 2.00473, lin_term: 2.2, qua_sterm: 13.2464, cost=15.4464
gamma: 0.307487, mu*||W-S||^2: 0.300473
[FW1] iter=2, ||W||^2: 1.67094, lin_term: 2.2, qua_sterm: 13.2322, cost=15.4322
gamma: 0.334503, mu*||W-S||^2: 0.267094
[FW1] iter=3, ||W||^2: 1.52094, lin_term: 2.0662, qua_sterm: 13.3511, cost=15.4173
gamma: 0.0934963, mu*||W-S||^2: 0.252094
[FW1] iter=4, ||W||^2: 1.44556, lin_term: 1.87302, qua_sterm: 13.5432, cost=15.4162
gamma: 0.0258963, mu*||W-S||^2: 0.155252
[FW1] iter=5, ||W||^2: 1.44665, lin_term: 1.88148, qua_sterm: 13.5346, cost=15.4161
gamma: 0.0023374, mu*||W-S||^2: 0.208235
[FW1] iter=6, ||W||^2: 1.44543, lin_term: 1.87709, qua_sterm: 13.539, cost=15.4161
gamma: 0.000352386, mu*||W-S||^2: 0.14742
[FW1] iter=7, ||W||^2: 1.44546, lin_term: 1.8772, qua_sterm: 13.5389, cost=15.4161
gamma: 3.85209e-05, mu*||W-S||^2: 0.207279
[FW1] iter=8, ||W||^2: 1.44544, lin_term: 1.87713, qua_sterm: 13.539, cost=15.4161
gamma: 5.9363e-06, mu*||W-S||^2: 0.147318
[FW1] iter=9, ||W||^2: 1.44544, lin_term: 1.87713, qua_sterm: 13.539, cost=15.4161
gamma: 6.50436e-07, mu*||W-S||^2: 0.207263
[FW1] iter=10, ||W||^2: 1.44544, lin_term: 1.87713, qua_sterm: 13.539, cost=15.4161
[FW1] iter=-1, ||W||^2: 0, lin_term: 0, qua_sterm: 2.20929, cost=2.20929
gamma: 1, mu*||W-S||^2: 0.3
[FW1] iter=0, ||W||^2: 3, lin_term: 0, qua_sterm: 3.24669, cost=3.24669
delta_square: 4.57957
[(0,4), Undefined, *, *, 0.480809) 
[(0,4), Insertion, *, -, 0.480809) 
[(1,4), Undefined, *, A, 1.81021) 
[(2,0), Undefined, A, #, 3.1396) 
[FW2] iter=0, ||W||^2: 10, qua_sterm: 20.2582, cost=20.2582
delta_square: 4.05165
[(0,4), Undefined, *, *, 0.630809) 
[(0,4), Insertion, *, -, 0.630809) 
[(1,4), Undefined, *, A, 3.06732) 
[(2,0), Undefined, A, #, 5.50383) 
[FW2] iter=1, ||W||^2: 7.18941, qua_sterm: 20.1742, cost=20.1742
delta_square: 4.03483
[(0,4), Undefined, *, *, 0.78649) 
[(0,4), Insertion, *, -, 0.78649) 
[(1,4), Undefined, *, A, 4.33011) 
[(2,0), Undefined, A, #, 7.87373) 
[FW2] iter=2, ||W||^2: 7.20434, qua_sterm: 20.1739, cost=20.1739
delta_square: 4.03478
[(0,4), Undefined, *, *, 0.93649) 
[(0,4), Insertion, *, -, 0.93649) 
[(1,4), Undefined, *, A, 5.58722) 
[(2,0), Undefined, A, #, 10.238) 
[FW2] iter=3, ||W||^2: 7.19423, qua_sterm: 20.1739, cost=20.1739
delta_square: 4.03478
[(0,4), Undefined, *, *, 1.08676) 
[(0,4), Insertion, *, -, 1.08676) 
[(1,4), Undefined, *, A, 6.84461) 
[(2,0), Undefined, A, #, 12.6025) 
[FW2] iter=4, ||W||^2: 7.19529, qua_sterm: 20.1739, cost=20.1739
delta_square: 4.03478
[(0,4), Undefined, *, *, 1.23676) 
[(0,4), Insertion, *, -, 1.23676) 
[(1,4), Undefined, *, A, 8.10172) 
[(2,0), Undefined, A, #, 14.9667) 
[FW2] iter=5, ||W||^2: 7.19425, qua_sterm: 20.1739, cost=20.1739
delta_square: 4.03478
[(0,4), Undefined, *, *, 1.38679) 
[(0,4), Insertion, *, -, 1.38679) 
[(1,4), Undefined, *, T, 9.3702) 
[(2,1), Undefined, T, #, 17.3536) 
[FW2] iter=6, ||W||^2: 6.47301, qua_sterm: 20.1705, cost=20.1705
delta_square: 4.0341
[(0,4), Undefined, *, *, 1.53679) 
[(0,4), Insertion, *, -, 1.53679) 
[(1,4), Undefined, *, T, 10.6505) 
[(2,1), Undefined, T, #, 19.7643) 
[FW2] iter=7, ||W||^2: 6.38368, qua_sterm: 20.1705, cost=20.1705
delta_square: 4.03409
[(0,4), Undefined, *, *, 1.68679) 
[(0,4), Insertion, *, -, 1.68679) 
[(1,4), Undefined, *, T, 11.9296) 
[(2,1), Undefined, T, #, 22.1725) 
[FW2] iter=8, ||W||^2: 6.38368, qua_sterm: 20.1705, cost=20.1705
gamma=0, early stop!
[FW1] iter=-1, ||W||^2: 0, lin_term: 0, qua_sterm: 2.24524, cost=2.24524
gamma: 1, mu*||W-S||^2: 0.3
[FW1] iter=0, ||W||^2: 3, lin_term: 0, qua_sterm: 3.29028, cost=3.29028
[FW1] iter=-1, ||W||^2: 0, lin_term: 0, qua_sterm: 13.3553, cost=13.3553
gamma: 1, mu*||W-S||^2: 0.3
[FW1] iter=0, ||W||^2: 3, lin_term: 2.2, qua_sterm: 13.4335, cost=15.6335
gamma: 0.394191, mu*||W-S||^2: 0.4
[FW1] iter=1, ||W||^2: 2.04478, lin_term: 2.2, qua_sterm: 13.4024, cost=15.6024
gamma: 0.252855, mu*||W-S||^2: 0.304478
[FW1] iter=2, ||W||^2: 1.7111, lin_term: 2.2, qua_sterm: 13.3927, cost=15.5927
gamma: 0.165278, mu*||W-S||^2: 0.27111
[FW1] iter=3, ||W||^2: 1.5501, lin_term: 1.83639, qua_sterm: 13.7526, cost=15.589
gamma: 0.280019, mu*||W-S||^2: 0.25501
[FW1] iter=4, ||W||^2: 1.44198, lin_term: 1.8262, qua_sterm: 13.7528, cost=15.579
gamma: 0.0973711, mu*||W-S||^2: 0.135389
[FW1] iter=5, ||W||^2: 1.47469, lin_term: 1.8626, qua_sterm: 13.7158, cost=15.5784
gamma=0, early stop!
[FW1] iter=-1, ||W||^2: 0, lin_term: 0, qua_sterm: 2.24524, cost=2.24524
gamma: 1, mu*||W-S||^2: 0.3
[FW1] iter=0, ||W||^2: 3, lin_term: 0, qua_sterm: 3.29028, cost=3.29028
delta_square: 4.60784
[(0,4), Undefined, *, *, 0.477435) 
[(0,4), Insertion, *, -, 0.477435) 
[(1,4), Undefined, *, A, 1.83285) 
[(2,0), Undefined, A, #, 3.18826) 
[FW2] iter=0, ||W||^2: 10, qua_sterm: 20.3509, cost=20.3509
delta_square: 4.07018
[(0,4), Undefined, *, *, 0.627435) 
[(0,4), Insertion, *, -, 0.627435) 
[(1,4), Undefined, *, A, 3.1051) 
[(2,0), Undefined, A, #, 5.58277) 
[FW2] iter=1, ||W||^2: 7.29298, qua_sterm: 20.28, cost=20.28
delta_square: 4.056
[(0,4), Undefined, *, *, 0.777435) 
[(0,4), Insertion, *, -, 0.777435) 
[(1,4), Undefined, *, A, 4.37927) 
[(2,0), Undefined, A, #, 7.9811) 
[FW2] iter=2, ||W||^2: 7.31867, qua_sterm: 20.28, cost=20.28
delta_square: 4.05599
[(0,4), Undefined, *, *, 0.927435) 
[(0,4), Insertion, *, -, 0.927435) 
[(1,4), Undefined, *, A, 5.65152) 
[(2,0), Undefined, A, #, 10.3756) 
[FW2] iter=3, ||W||^2: 7.29484, qua_sterm: 20.2799, cost=20.2799
delta_square: 4.05599
[(0,4), Undefined, *, *, 1.07744) 
[(0,4), Insertion, *, -, 1.07744) 
[(1,4), Undefined, *, A, 6.92446) 
[(2,0), Undefined, A, #, 12.7715) 
[FW2] iter=4, ||W||^2: 7.30471, qua_sterm: 20.2799, cost=20.2799
delta_square: 4.05598
[(0,4), Undefined, *, *, 1.22744) 
[(0,4), Insertion, *, -, 1.22744) 
[(1,4), Undefined, *, A, 8.19671) 
[(2,0), Undefined, A, #, 15.166) 
[FW2] iter=5, ||W||^2: 7.2951, qua_sterm: 20.2799, cost=20.2799
delta_square: 4.05598
[(0,4), Undefined, *, *, 1.37744) 
[(0,4), Insertion, *, -, 1.37744) 
[(1,4), Undefined, *, A, 9.46926) 
[(2,0), Undefined, A, #, 17.5611) 
[FW2] iter=6, ||W||^2: 7.29941, qua_sterm: 20.2799, cost=20.2799
delta_square: 4.05598
[(0,4), Undefined, *, *, 1.52744) 
[(0,4), Insertion, *, -, 1.52744) 
[(1,4), Undefined, *, A, 10.7415) 
[(2,0), Undefined, A, #, 19.9556) 
[FW2] iter=7, ||W||^2: 7.29515, qua_sterm: 20.2799, cost=20.2799
delta_square: 4.05598
[(0,4), Undefined, *, *, 1.67744) 
[(0,4), Insertion, *, -, 1.67744) 
[(1,4), Undefined, *, A, 12.0139) 
[(2,0), Undefined, A, #, 22.3504) 
[FW2] iter=8, ||W||^2: 7.29712, qua_sterm: 20.2799, cost=20.2799
delta_square: 4.05598
[(0,4), Undefined, *, *, 1.82744) 
[(0,4), Insertion, *, -, 1.82744) 
[(1,4), Undefined, *, A, 13.2862) 
[(2,0), Undefined, A, #, 24.7449) 
[FW2] iter=9, ||W||^2: 7.29516, qua_sterm: 20.2799, cost=20.2799
delta_square: 4.05598
[(0,4), Undefined, *, *, 1.97744) 
[(0,4), Insertion, *, -, 1.97744) 
[(1,4), Undefined, *, A, 14.5585) 
[(2,0), Undefined, A, #, 27.1395) 
[FW2] iter=10, ||W||^2: 7.29608, qua_sterm: 20.2799, cost=20.2799
[FW1] iter=-1, ||W||^2: 0, lin_term: 0, qua_sterm: 2.19174, cost=2.19174
gamma: 1, mu*||W-S||^2: 0.3
[FW1] iter=0, ||W||^2: 3, lin_term: 0, qua_sterm: 3.22539, cost=3.22539
[FW1] iter=-1, ||W||^2: 0, lin_term: 0, qua_sterm: 13.6586, cost=13.6586
gamma: 1, mu*||W-S||^2: 0.3
[FW1] iter=0, ||W||^2: 3, lin_term: 2.2, qua_sterm: 13.7145, cost=15.9145
gamma: 0.291226, mu*||W-S||^2: 0.4
[FW1] iter=1, ||W||^2: 2.17435, lin_term: 2.2, qua_sterm: 13.6976, cost=15.8976
gamma: 0.180421, mu*||W-S||^2: 0.317435
[FW1] iter=2, ||W||^2: 1.85392, lin_term: 2.2, qua_sterm: 13.6924, cost=15.8924
gamma: 0.231756, mu*||W-S||^2: 0.285392
[FW1] iter=3, ||W||^2: 1.61141, lin_term: 2.1073, qua_sterm: 13.7774, cost=15.8847
gamma: 0.139448, mu*||W-S||^2: 0.0826325
[FW1] iter=4, ||W||^2: 1.70588, lin_term: 2.12022, qua_sterm: 13.7637, cost=15.8839
gamma: 0.0434618, mu*||W-S||^2: 0.270588
[FW1] iter=5, ||W||^2: 1.64964, lin_term: 2.02808, qua_sterm: 13.8556, cost=15.8837
gamma: 0.0229234, mu*||W-S||^2: 0.0646695
[FW1] iter=6, ||W||^2: 1.66611, lin_term: 2.03202, qua_sterm: 13.8516, cost=15.8836
gamma: 0.00402919, mu*||W-S||^2: 0.249624
[FW1] iter=7, ||W||^2: 1.66146, lin_term: 2.02383, qua_sterm: 13.8598, cost=15.8836
gamma: 0.00287549, mu*||W-S||^2: 0.0620998
[FW1] iter=8, ||W||^2: 1.66353, lin_term: 2.02434, qua_sterm: 13.8593, cost=15.8836
gamma: 0.000523665, mu*||W-S||^2: 0.247877
[FW1] iter=9, ||W||^2: 1.66293, lin_term: 2.02328, qua_sterm: 13.8604, cost=15.8836
gamma: 0.000382977, mu*||W-S||^2: 0.0617906
[FW1] iter=10, ||W||^2: 1.66321, lin_term: 2.02334, qua_sterm: 13.8603, cost=15.8836
[FW1] iter=-1, ||W||^2: 0, lin_term: 0, qua_sterm: 2.19174, cost=2.19174
gamma: 1, mu*||W-S||^2: 0.3
[FW1] iter=0, ||W||^2: 3, lin_term: 0, qua_sterm: 3.22539, cost=3.22539
delta_square: 4.65261
[(0,4), Undefined, *, *, 0.469341) 
[(0,4), Insertion, *, -, 0.469341) 
[(1,4), Undefined, *, A, 1.8484) 
[(2,0), Undefined, A, #, 3.22746) 
[FW2] iter=0, ||W||^2: 10, qua_sterm: 20.5356, cost=20.5356
delta_square: 4.10712
[(0,4), Undefined, *, *, 0.619341) 
[(0,4), Insertion, *, -, 0.619341) 
[(1,4), Undefined, *, A, 3.13205) 
[(2,0), Undefined, A, #, 5.64475) 
[FW2] iter=1, ||W||^2: 7.40455, qua_sterm: 20.4755, cost=20.4755
delta_square: 4.09511
[(0,4), Undefined, *, *, 0.769341) 
[(0,4), Insertion, *, -, 0.769341) 
[(1,4), Undefined, *, A, 4.42438) 
[(2,0), Undefined, A, #, 8.07943) 
[FW2] iter=2, ||W||^2: 7.5594, qua_sterm: 20.4739, cost=20.4739
delta_square: 4.09478
[(0,4), Undefined, *, *, 0.919341) 
[(0,4), Insertion, *, -, 0.919341) 
[(1,4), Undefined, *, A, 5.70803) 
[(2,0), Undefined, A, #, 10.4967) 
[FW2] iter=3, ||W||^2: 7.44355, qua_sterm: 20.4736, cost=20.4736
delta_square: 4.09472
[(0,4), Undefined, *, *, 1.06934) 
[(0,4), Insertion, *, -, 1.06934) 
[(1,4), Undefined, *, A, 6.99392) 
[(2,0), Undefined, A, #, 12.9185) 
[FW2] iter=4, ||W||^2: 7.49899, qua_sterm: 20.4734, cost=20.4734
delta_square: 4.09469
[(0,4), Undefined, *, *, 1.21934) 
[(0,4), Insertion, *, -, 1.21934) 
[(1,4), Undefined, *, A, 8.27757) 
[(2,0), Undefined, A, #, 15.3358) 
[FW2] iter=5, ||W||^2: 7.44776, qua_sterm: 20.4734, cost=20.4734
delta_square: 4.09467
[(0,4), Undefined, *, *, 1.36934) 
[(0,4), Insertion, *, -, 1.36934) 
[(1,4), Undefined, *, A, 9.56237) 
[(2,0), Undefined, A, #, 17.7554) 
[FW2] iter=6, ||W||^2: 7.47821, qua_sterm: 20.4733, cost=20.4733
delta_square: 4.09467
[(0,4), Undefined, *, *, 1.51934) 
[(0,4), Insertion, *, -, 1.51934) 
[(1,4), Undefined, *, A, 10.846) 
[(2,0), Undefined, A, #, 20.1727) 
[FW2] iter=7, ||W||^2: 7.449, qua_sterm: 20.4733, cost=20.4733
delta_square: 4.09466
[(0,4), Undefined, *, *, 1.66934) 
[(0,4), Insertion, *, -, 1.66934) 
[(1,4), Undefined, *, A, 12.1304) 
[(2,0), Undefined, A, #, 22.5914) 
[FW2] iter=8, ||W||^2: 7.46792, qua_sterm: 20.4733, cost=20.4733
delta_square: 4.09466
[(0,4), Undefined, *, *, 1.81934) 
[(0,4), Insertion, *, -, 1.81934) 
[(1,4), Undefined, *, A, 13.414) 
[(2,0), Undefined, A, #, 25.0087) 
[FW2] iter=9, ||W||^2: 7.44947, qua_sterm: 20.4733, cost=20.4733
delta_square: 4.09466
[(0,4), Undefined, *, *, 1.96934) 
[(0,4), Insertion, *, -, 1.96934) 
[(1,4), Undefined, *, A, 14.6981) 
[(2,0), Undefined, A, #, 27.4268) 
[FW2] iter=10, ||W||^2: 7.46197, qua_sterm: 20.4733, cost=20.4733
[FW1] iter=-1, ||W||^2: 0, lin_term: 0, qua_sterm: 2.19174, cost=2.19174
gamma: 1, mu*||W-S||^2: 0.3
[FW1] iter=0, ||W||^2: 3, lin_term: 0, qua_sterm: 3.22539, cost=3.22539
[FW1] iter=-1, ||W||^2: 0, lin_term: 0, qua_sterm: 13.8486, cost=13.8486
gamma: 1, mu*||W-S||^2: 0.3
[FW1] iter=0, ||W||^2: 3, lin_term: 2.2, qua_sterm: 13.8806, cost=16.0806
gamma: 0.19457, mu*||W-S||^2: 0.4
[FW1] iter=1, ||W||^2: 2.37315, lin_term: 2.2, qua_sterm: 13.873, cost=16.073
gamma: 0.11155, mu*||W-S||^2: 0.337315
[FW1] iter=2, ||W||^2: 2.10877, lin_term: 2.2, qua_sterm: 13.8709, cost=16.0709
gamma: 0.158474, mu*||W-S||^2: 0.310877
[FW1] iter=3, ||W||^2: 1.83542, lin_term: 2.13661, qua_sterm: 13.9304, cost=16.067
gamma: 0.181882, mu*||W-S||^2: 0.0426692
[FW1] iter=4, ||W||^2: 1.98375, lin_term: 2.14814, qua_sterm: 13.9181, cost=16.0663
gamma: 0.0243224, mu*||W-S||^2: 0.298375
[FW1] iter=5, ||W||^2: 1.93766, lin_term: 2.09589, qua_sterm: 13.9703, cost=16.0662
gamma: 0.0291212, mu*||W-S||^2: 0.0305129
[FW1] iter=6, ||W||^2: 1.95997, lin_term: 2.09892, qua_sterm: 13.9672, cost=16.0662
gamma: 0.004342, mu*||W-S||^2: 0.286551
[FW1] iter=7, ||W||^2: 1.9521, lin_term: 2.08981, qua_sterm: 13.9764, cost=16.0662
gamma: 0.00631054, mu*||W-S||^2: 0.0291347
[FW1] iter=8, ||W||^2: 1.95688, lin_term: 2.09051, qua_sterm: 13.9757, cost=16.0662
gamma: 0.000962234, mu*||W-S||^2: 0.284617
[FW1] iter=9, ||W||^2: 1.95515, lin_term: 2.08849, qua_sterm: 13.9777, cost=16.0662
gamma: 0.00144434, mu*||W-S||^2: 0.0288518
[FW1] iter=10, ||W||^2: 1.95624, lin_term: 2.08866, qua_sterm: 13.9775, cost=16.0662
[FW1] iter=-1, ||W||^2: 0, lin_term: 0, qua_sterm: 2.19174, cost=2.19174
gamma: 1, mu*||W-S||^2: 0.3
[FW1] iter=0, ||W||^2: 3, lin_term: 0, qua_sterm: 3.22539, cost=3.22539
delta_square: 4.66011
[(0,4), Undefined, *, *, 0.461424) 
[(0,4), Insertion, *, -, 0.461424) 
[(1,4), Undefined, *, A, 1.85789) 
[(2,0), Undefined, A, #, 3.25436) 
[FW2] iter=0, ||W||^2: 10, qua_sterm: 20.5462, cost=20.5462
delta_square: 4.10924
[(0,4), Undefined, *, *, 0.611424) 
[(0,4), Insertion, *, -, 0.611424) 
[(1,4), Undefined, *, A, 3.14154) 
[(2,0), Undefined, A, #, 5.67165) 
[FW2] iter=1, ||W||^2: 7.62625, qua_sterm: 20.502, cost=20.502
delta_square: 4.10039
[(0,4), Undefined, *, *, 0.761424) 
[(0,4), Insertion, *, -, 0.761424) 
[(1,4), Undefined, *, A, 4.44232) 
[(2,0), Undefined, A, #, 8.12321) 
[FW2] iter=2, ||W||^2: 8.01996, qua_sterm: 20.4946, cost=20.4946
delta_square: 4.09892
[(0,4), Undefined, *, *, 0.911424) 
[(0,4), Insertion, *, -, 0.911424) 
[(1,4), Undefined, *, A, 5.72597) 
[(2,0), Undefined, A, #, 10.5405) 
[FW2] iter=3, ||W||^2: 7.78816, qua_sterm: 20.4939, cost=20.4939
delta_square: 4.09877
[(0,4), Undefined, *, *, 1.06142) 
[(0,4), Insertion, *, -, 1.06142) 
[(1,4), Undefined, *, A, 7.01179) 
[(2,0), Undefined, A, #, 12.9622) 
[FW2] iter=4, ||W||^2: 7.89541, qua_sterm: 20.4936, cost=20.4936
delta_square: 4.09872
[(0,4), Undefined, *, *, 1.21142) 
[(0,4), Insertion, *, -, 1.21142) 
[(1,4), Undefined, *, A, 8.29543) 
[(2,0), Undefined, A, #, 15.3794) 
[FW2] iter=5, ||W||^2: 7.7963, qua_sterm: 20.4935, cost=20.4935
delta_square: 4.09869
[(0,4), Undefined, *, *, 1.36142) 
[(0,4), Insertion, *, -, 1.36142) 
[(1,4), Undefined, *, A, 9.58026) 
[(2,0), Undefined, A, #, 17.7991) 
[FW2] iter=6, ||W||^2: 7.86001, qua_sterm: 20.4934, cost=20.4934
delta_square: 4.09867
[(0,4), Undefined, *, *, 1.51142) 
[(0,4), Insertion, *, -, 1.51142) 
[(1,4), Undefined, *, A, 10.8639) 
[(2,0), Undefined, A, #, 20.2164) 
[FW2] iter=7, ||W||^2: 7.79908, qua_sterm: 20.4933, cost=20.4933
delta_square: 4.09866
[(0,4), Undefined, *, *, 1.66142) 
[(0,4), Insertion, *, -, 1.66142) 
[(1,4), Undefined, *, A, 12.1483) 
[(2,0), Undefined, A, #, 22.6352) 
[FW2] iter=8, ||W||^2: 7.84281, qua_sterm: 20.4933, cost=20.4933
delta_square: 4.09866
[(0,4), Undefined, *, *, 1.81142) 
[(0,4), Insertion, *, -, 1.81142) 
[(1,4), Undefined, *, A, 13.432) 
[(2,0), Undefined, A, #, 25.0525) 
[FW2] iter=9, ||W||^2: 7.80038, qua_sterm: 20.4933, cost=20.4933
delta_square: 4.09865
[(0,4), Undefined, *, *, 1.96142) 
[(0,4), Insertion, *, -, 1.96142) 
[(1,4), Undefined, *, A, 14.7162) 
[(2,0), Undefined, A, #, 27.4709) 
[FW2] iter=10, ||W||^2: 7.83266, qua_sterm: 20.4932, cost=20.4932
[FW1] iter=-1, ||W||^2: 0, lin_term: 0, qua_sterm: 2.19174, cost=2.19174
gamma: 1, mu*||W-S||^2: 0.3
[FW1] iter=0, ||W||^2: 3, lin_term: 0, qua_sterm: 3.22539, cost=3.22539
[FW1] iter=-1, ||W||^2: 0, lin_term: 0, qua_sterm: 13.9634, cost=13.9634
gamma: 1, mu*||W-S||^2: 0.3
[FW1] iter=0, ||W||^2: 3, lin_term: 2.2, qua_sterm: 13.965, cost=16.165
gamma: 0.0932808, mu*||W-S||^2: 0.4
[FW1] iter=1, ||W||^2: 2.66168, lin_term: 1.99478, qua_sterm: 14.1685, cost=16.1632
gamma: 0.0484501, mu*||W-S||^2: 0.366168
[FW1] iter=2, ||W||^2: 2.50926, lin_term: 2.00472, qua_sterm: 14.1581, cost=16.1628
gamma: 0.0931408, mu*||W-S||^2: 0.350926
[FW1] iter=3, ||W||^2: 2.25856, lin_term: 1.98566, qua_sterm: 14.1756, cost=16.1613
gamma: 0.213438, mu*||W-S||^2: 0.0128845
[FW1] iter=4, ||W||^2: 2.39518, lin_term: 2.03141, qua_sterm: 14.1296, cost=16.161
gamma=0, early stop!
[FW1] iter=-1, ||W||^2: 0, lin_term: 0, qua_sterm: 2.19174, cost=2.19174
gamma: 1, mu*||W-S||^2: 0.3
[FW1] iter=0, ||W||^2: 3, lin_term: 0, qua_sterm: 3.22539, cost=3.22539
delta_square: 4.67127
[(0,4), Undefined, *, *, 0.453827) 
[(0,4), Insertion, *, -, 0.453827) 
[(1,4), Undefined, *, A, 1.86858) 
[(2,0), Undefined, A, #, 3.28332) 
[FW2] iter=0, ||W||^2: 10, qua_sterm: 20.573, cost=20.573
delta_square: 4.1146
[(0,4), Undefined, *, *, 0.603827) 
[(0,4), Insertion, *, -, 0.603827) 
[(1,4), Undefined, *, A, 3.15222) 
[(2,0), Undefined, A, #, 5.70062) 
[FW2] iter=1, ||W||^2: 7.91887, qua_sterm: 20.5431, cost=20.5431
delta_square: 4.10862
[(0,4), Undefined, *, *, 0.753827) 
[(0,4), Insertion, *, -, 0.753827) 
[(1,4), Undefined, *, A, 4.46163) 
[(2,0), Undefined, A, #, 8.16943) 
[FW2] iter=2, ||W||^2: 8.56996, qua_sterm: 20.5243, cost=20.5243
delta_square: 4.10486
[(0,4), Undefined, *, *, 0.903827) 
[(0,4), Insertion, *, -, 0.903827) 
[(1,4), Undefined, *, A, 5.74527) 
[(2,0), Undefined, A, #, 10.5867) 
[FW2] iter=3, ||W||^2: 8.30727, qua_sterm: 20.5237, cost=20.5237
delta_square: 4.10474
[(0,4), Undefined, *, *, 1.05383) 
[(0,4), Insertion, *, -, 1.05383) 
[(1,4), Undefined, *, A, 7.02975) 
[(2,0), Undefined, A, #, 13.0057) 
[FW2] iter=4, ||W||^2: 8.41272, qua_sterm: 20.5235, cost=20.5235
delta_square: 4.10471
[(0,4), Undefined, *, *, 1.20383) 
[(0,4), Insertion, *, -, 1.20383) 
[(1,4), Undefined, *, A, 8.3134) 
[(2,0), Undefined, A, #, 15.423) 
[FW2] iter=5, ||W||^2: 8.31198, qua_sterm: 20.5234, cost=20.5234
delta_square: 4.10469
[(0,4), Undefined, *, *, 1.35383) 
[(0,4), Insertion, *, -, 1.35383) 
[(1,4), Undefined, *, A, 9.59752) 
[(2,0), Undefined, A, #, 17.8412) 
[FW2] iter=6, ||W||^2: 8.37854, qua_sterm: 20.5234, cost=20.5234
delta_square: 4.10468
[(0,4), Undefined, *, *, 1.50383) 
[(0,4), Insertion, *, -, 1.50383) 
[(1,4), Undefined, *, A, 10.8812) 
[(2,0), Undefined, A, #, 20.2585) 
[FW2] iter=7, ||W||^2: 8.31379, qua_sterm: 20.5234, cost=20.5234
delta_square: 4.10467
[(0,4), Undefined, *, *, 1.65383) 
[(0,4), Insertion, *, -, 1.65383) 
[(1,4), Undefined, *, A, 12.1651) 
[(2,0), Undefined, A, #, 22.6765) 
[FW2] iter=8, ||W||^2: 8.36213, qua_sterm: 20.5233, cost=20.5233
delta_square: 4.10466
[(0,4), Undefined, *, *, 1.80383) 
[(0,4), Insertion, *, -, 1.80383) 
[(1,4), Undefined, *, A, 13.4488) 
[(2,0), Undefined, A, #, 25.0937) 
[FW2] iter=9, ||W||^2: 8.31473, qua_sterm: 20.5233, cost=20.5233
delta_square: 4.10466
[(0,4), Undefined, *, *, 1.95383) 
[(0,4), Insertion, *, -, 1.95383) 
[(1,4), Undefined, *, A, 14.7327) 
[(2,0), Undefined, A, #, 27.5115) 
[FW2] iter=10, ||W||^2: 8.3524, qua_sterm: 20.5233, cost=20.5233
[FW1] iter=-1, ||W||^2: 0, lin_term: 0, qua_sterm: 2.19174, cost=2.19174
gamma: 1, mu*||W-S||^2: 0.3
[FW1] iter=0, ||W||^2: 3, lin_term: 0, qua_sterm: 3.22539, cost=3.22539
[FW1] iter=-1, ||W||^2: 0, lin_term: 0, qua_sterm: 14.0491, cost=14.0491
gamma: 1, mu*||W-S||^2: 0.3
[FW1] iter=0, ||W||^2: 3, lin_term: 2.2, qua_sterm: 14.0169, cost=16.2169
gamma: 0.00178842, mu*||W-S||^2: 0.4
[FW1] iter=1, ||W||^2: 2.99286, lin_term: 2.19607, qua_sterm: 14.0208, cost=16.2169
gamma=3.38977e-13, early stop!
[FW1] iter=-1, ||W||^2: 0, lin_term: 0, qua_sterm: 2.19174, cost=2.19174
gamma: 1, mu*||W-S||^2: 0.3
[FW1] iter=0, ||W||^2: 3, lin_term: 0, qua_sterm: 3.22539, cost=3.22539
delta_square: 4.70021
[(0,4), Undefined, *, *, 0.45) 
[(1,4), Undefined, *, A, 1.88247) 
[(2,0), Undefined, A, #, 3.31494) 
[FW2] iter=0, ||W||^2: 9, qua_sterm: 20.6361, cost=20.6361
delta_square: 4.12722
[(0,4), Undefined, *, *, 0.6) 
[(1,4), Undefined, *, A, 3.16612) 
[(2,0), Undefined, A, #, 5.73223) 
[FW2] iter=1, ||W||^2: 8.95318, qua_sterm: 20.6361, cost=20.6361
delta_square: 4.12722
[(0,4), Undefined, *, *, 0.75) 
[(1,4), Undefined, *, A, 4.44976) 
[(2,0), Undefined, A, #, 8.14953) 
[FW2] iter=2, ||W||^2: 8.95318, qua_sterm: 20.6361, cost=20.6361
gamma=1.40431e-16, early stop!
[FW1] iter=-1, ||W||^2: 0, lin_term: 0, qua_sterm: 2.19174, cost=2.19174
gamma: 1, mu*||W-S||^2: 0.3
[FW1] iter=0, ||W||^2: 3, lin_term: 0, qua_sterm: 3.22539, cost=3.22539
[FW1] iter=-1, ||W||^2: 0, lin_term: 0, qua_sterm: 14.1629, cost=14.1629
gamma: 1, mu*||W-S||^2: 0.3
[FW1] iter=0, ||W||^2: 3, lin_term: 2.2, qua_sterm: 14.0979, cost=16.2979
[FW1] iter=-1, ||W||^2: 0, lin_term: 0, qua_sterm: 2.19174, cost=2.19174
gamma: 1, mu*||W-S||^2: 0.3
[FW1] iter=0, ||W||^2: 3, lin_term: 0, qua_sterm: 3.22539, cost=3.22539
delta_square: 4.6904
[(0,4), Undefined, *, *, 0.45) 
[(1,4), Undefined, *, A, 1.89983) 
[(2,0), Undefined, A, #, 3.34966) 
[FW2] iter=0, ||W||^2: 9, qua_sterm: 20.5523, cost=20.5523
delta_square: 4.11046
[(0,4), Undefined, *, *, 0.6) 
[(1,4), Undefined, *, A, 3.19966) 
[(2,0), Undefined, A, #, 5.79932) 
small denominator: 0
[FW1] iter=-1, ||W||^2: 0, lin_term: 0, qua_sterm: 2.19174, cost=2.19174
gamma: 1, mu*||W-S||^2: 0.3
[FW1] iter=0, ||W||^2: 3, lin_term: 0, qua_sterm: 3.22539, cost=3.22539
[FW1] iter=-1, ||W||^2: 0, lin_term: 0, qua_sterm: 14.166, cost=14.166
gamma: 1, mu*||W-S||^2: 0.3
[FW1] iter=0, ||W||^2: 3, lin_term: 2.2, qua_sterm: 14.0997, cost=16.2997
[FW1] iter=-1, ||W||^2: 0, lin_term: 0, qua_sterm: 2.19174, cost=2.19174
gamma: 1, mu*||W-S||^2: 0.3
[FW1] iter=0, ||W||^2: 3, lin_term: 0, qua_sterm: 3.22539, cost=3.22539
delta_square: 4.69031
[(0,4), Undefined, *, *, 0.45) 
[(1,4), Undefined, *, A, 1.90051) 
[(2,0), Undefined, A, #, 3.35101) 
[FW2] iter=0, ||W||^2: 9, qua_sterm: 20.5505, cost=20.5505
delta_square: 4.1101
[(0,4), Undefined, *, *, 0.6) 
[(1,4), Undefined, *, A, 3.20101) 
[(2,0), Undefined, A, #, 5.80203) 
small denominator: 0
W_1: 
(i=0, j=0, d=4, m=11): 1
(i=1, j=1, d=4, m=7): 1
(i=2, j=2, d=0, m=12): 1
(i=0, j=0, d=4, m=11): 1
(i=1, j=1, d=4, m=7): 1
(i=2, j=2, d=0, m=12): 1
(i=0, j=0, d=4, m=11): 1
(i=1, j=1, d=4, m=7): 1
(i=2, j=2, d=0, m=12): 1
W_2: 
(i=0, j=0, d=4, m=11): 1
(i=1, j=1, d=4, m=7): 1
(i=2, j=2, d=0, m=12): 1
(i=0, j=0, d=4, m=11): 1
(i=1, j=1, d=4, m=7): 1
(i=2, j=2, d=0, m=12): 1
(i=0, j=0, d=4, m=11): 1
(i=1, j=1, d=4, m=7): 1
(i=2, j=2, d=0, m=12): 1
>>>>>>>>>>>>>>>>>>>>>>>TupleView<<<<<<<<<<<<<<<<<<<<<<<<
n = 0
(i=0, j=0, d=4, m=11): 1
(i=1, j=1, d=4, m=7): 1
(i=2, j=2, d=0, m=12): 1
n = 1
(i=0, j=0, d=4, m=11): 1
(i=1, j=1, d=4, m=7): 1
(i=2, j=2, d=0, m=12): 1
n = 2
(i=0, j=0, d=4, m=11): 1
(i=1, j=1, d=4, m=7): 1
(i=2, j=2, d=0, m=12): 1
>>>>>>>>>>>>>>>>>>>>>>>SequenceView<<<<<<<<<<<<<<<<<<<<<<<<
Seq    0: *A#
Seq    1: *T#
Seq    2: *A#
SeqRecov: *A#
>>>>>>>>>>>>>>>>>>>>>>>MatchingView<<<<<<<<<<<<<<<<<<<<<<<<
SeqRecov: *A#
Seq    0: *A#
SeqRecov: *A#
Seq    1: *T#
SeqRecov: *A#
Seq    2: *A#
#########################################################
