#########################################################
ScoreMatch: 0, ScoreInsertion: 1.8, ScoreDeletion: 1.8, ScoreMismatch: 2.2
Seq    0: *ATGCG#
Seq    1: *ATACG#
Seq    2: *ATCG#
Seq    3: *ATCG#
Seq    4: *ATCG#
[FW1] iter=-1, ||W||^2: 0, lin_term: 0, qua_sterm: 0, cost=0
gamma: 1, mu*||W-S||^2: 0.7
[FW1] iter=0, ||W||^2: 7, lin_term: 0, qua_sterm: 0.35, cost=0.35
[FW1] iter=-1, ||W||^2: 0, lin_term: 0, qua_sterm: 0, cost=0
gamma: 1, mu*||W-S||^2: 0.7
[FW1] iter=0, ||W||^2: 7, lin_term: 0, qua_sterm: 0.35, cost=0.35
[FW1] iter=-1, ||W||^2: 0, lin_term: 0, qua_sterm: 0, cost=0
gamma: 1, mu*||W-S||^2: 0.6
[FW1] iter=0, ||W||^2: 6, lin_term: 0, qua_sterm: 0.3, cost=0.3
[FW1] iter=-1, ||W||^2: 0, lin_term: 0, qua_sterm: 0, cost=0
gamma: 1, mu*||W-S||^2: 0.6
[FW1] iter=0, ||W||^2: 6, lin_term: 0, qua_sterm: 0.3, cost=0.3
[FW1] iter=-1, ||W||^2: 0, lin_term: 0, qua_sterm: 0, cost=0
gamma: 1, mu*||W-S||^2: 0.6
[FW1] iter=0, ||W||^2: 6, lin_term: 0, qua_sterm: 0.3, cost=0.3
delta_square: 0
small delta. early stop.
[FW1] iter=-1, ||W||^2: 0, lin_term: 0, qua_sterm: 0, cost=0
gamma: 1, mu*||W-S||^2: 0.7
[FW1] iter=0, ||W||^2: 7, lin_term: 0, qua_sterm: 0.35, cost=0.35
[FW1] iter=-1, ||W||^2: 0, lin_term: 0, qua_sterm: 0, cost=0
gamma: 1, mu*||W-S||^2: 0.7
[FW1] iter=0, ||W||^2: 7, lin_term: 0, qua_sterm: 0.35, cost=0.35
[FW1] iter=-1, ||W||^2: 0, lin_term: 0, qua_sterm: 0, cost=0
gamma: 1, mu*||W-S||^2: 0.6
[FW1] iter=0, ||W||^2: 6, lin_term: 0, qua_sterm: 0.3, cost=0.3
[FW1] iter=-1, ||W||^2: 0, lin_term: 0, qua_sterm: 0, cost=0
gamma: 1, mu*||W-S||^2: 0.6
[FW1] iter=0, ||W||^2: 6, lin_term: 0, qua_sterm: 0.3, cost=0.3
[FW1] iter=-1, ||W||^2: 0, lin_term: 0, qua_sterm: 0, cost=0
gamma: 1, mu*||W-S||^2: 0.6
[FW1] iter=0, ||W||^2: 6, lin_term: 0, qua_sterm: 0.3, cost=0.3
delta_square: 0.32
[(0,4), Undefined, *, *, 0.5) 
[(1,4), Undefined, *, A, 1) 
[(2,0), Undefined, A, T, 1.5) 
[(3,1), Undefined, T, C, 1.8) 
[(4,2), Undefined, C, G, 2.1) 
[(5,3), Undefined, G, #, 2.4) 
[FW2] iter=0, ||W||^2: 24, qua_sterm: 0.4, cost=0.4
delta_square: 0.08
[(0,4), Undefined, *, *, 0.5) 
[(1,4), Undefined, *, A, 1) 
[(2,0), Undefined, A, T, 1.5) 
[(3,1), Undefined, T, A, 1.7) 
[(4,0), Undefined, A, C, 1.9) 
[(5,2), Undefined, C, G, 2.3) 
[(6,3), Undefined, G, #, 2.7) 
[FW2] iter=1, ||W||^2: 15.6, qua_sterm: 0.34, cost=0.34
delta_square: 0.068
[(0,4), Undefined, *, *, 0.6) 
[(1,4), Undefined, *, A, 1.2) 
[(2,0), Undefined, A, T, 1.8) 
[(3,1), Undefined, T, G, 2.1) 
[(4,3), Undefined, G, C, 2.4) 
[(5,2), Undefined, C, G, 2.96) 
[(6,3), Undefined, G, #, 3.52) 
[FW2] iter=2, ||W||^2: 14.92, qua_sterm: 0.287455, cost=0.287455
delta_square: 0.0574909
[(0,4), Undefined, *, *, 0.669091) 
[(1,4), Undefined, *, A, 1.33818) 
[(2,0), Undefined, A, T, 2.00727) 
[(3,1), Undefined, T, G, 2.37636) 
[(4,3), Undefined, G, C, 2.74545) 
[(5,2), Undefined, C, G, 3.416) 
[(6,3), Undefined, G, #, 4.08655) 
[FW2] iter=3, ||W||^2: 14.92, qua_sterm: 0.287455, cost=0.287455
gamma=6.07874e-16, early stop!
[FW1] iter=-1, ||W||^2: 0, lin_term: 0, qua_sterm: 0.0235595, cost=0.0235595
gamma: 1, mu*||W-S||^2: 0.7
[FW1] iter=0, ||W||^2: 7, lin_term: 0, qua_sterm: 0.313741, cost=0.313741
[FW1] iter=-1, ||W||^2: 0, lin_term: 0, qua_sterm: 0.0330061, cost=0.0330061
gamma: 1, mu*||W-S||^2: 0.7
[FW1] iter=0, ||W||^2: 7, lin_term: 0, qua_sterm: 0.35737, cost=0.35737
[FW1] iter=-1, ||W||^2: 0, lin_term: 0, qua_sterm: 0.0200539, cost=0.0200539
gamma: 1, mu*||W-S||^2: 0.6
[FW1] iter=0, ||W||^2: 6, lin_term: 0, qua_sterm: 0.19569, cost=0.19569
[FW1] iter=-1, ||W||^2: 0, lin_term: 0, qua_sterm: 0.0200539, cost=0.0200539
gamma: 1, mu*||W-S||^2: 0.6
[FW1] iter=0, ||W||^2: 6, lin_term: 0, qua_sterm: 0.19569, cost=0.19569
[FW1] iter=-1, ||W||^2: 0, lin_term: 0, qua_sterm: 0.0200539, cost=0.0200539
gamma: 1, mu*||W-S||^2: 0.6
[FW1] iter=0, ||W||^2: 6, lin_term: 0, qua_sterm: 0.19569, cost=0.19569
delta_square: 0.72
[(0,4), Undefined, *, *, 0.75) 
[(1,4), Undefined, *, A, 1.5) 
[(2,0), Undefined, A, T, 2.25) 
[(3,1), Undefined, T, C, 2.7) 
[(4,2), Undefined, C, G, 3.15) 
[(5,3), Undefined, G, #, 3.6) 
[FW2] iter=0, ||W||^2: 24, qua_sterm: 1.2, cost=1.2
delta_square: 0.24
[(0,4), Undefined, *, *, 1) 
[(1,4), Undefined, *, A, 2) 
[(2,0), Undefined, A, T, 3) 
[(3,1), Undefined, T, C, 3.6) 
[(4,2), Undefined, C, G, 4.2) 
[(5,3), Undefined, G, #, 4.8) 
small denominator: 0
[FW1] iter=-1, ||W||^2: 0, lin_term: 0, qua_sterm: 0.159606, cost=0.159606
gamma: 1, mu*||W-S||^2: 0.7
[FW1] iter=0, ||W||^2: 7, lin_term: 0, qua_sterm: 0.704697, cost=0.704697
[FW1] iter=-1, ||W||^2: 0, lin_term: 0, qua_sterm: 0.174786, cost=0.174786
gamma: 1, mu*||W-S||^2: 0.7
[FW1] iter=0, ||W||^2: 7, lin_term: 0, qua_sterm: 0.736967, cost=0.736967
[FW1] iter=-1, ||W||^2: 0, lin_term: 0, qua_sterm: 0.0393089, cost=0.0393089
gamma: 1, mu*||W-S||^2: 0.6
[FW1] iter=0, ||W||^2: 6, lin_term: 0, qua_sterm: 0.127127, cost=0.127127
[FW1] iter=-1, ||W||^2: 0, lin_term: 0, qua_sterm: 0.0393089, cost=0.0393089
gamma: 1, mu*||W-S||^2: 0.6
[FW1] iter=0, ||W||^2: 6, lin_term: 0, qua_sterm: 0.127127, cost=0.127127
[FW1] iter=-1, ||W||^2: 0, lin_term: 0, qua_sterm: 0.0393089, cost=0.0393089
gamma: 1, mu*||W-S||^2: 0.6
[FW1] iter=0, ||W||^2: 6, lin_term: 0, qua_sterm: 0.127127, cost=0.127127
delta_square: 0.905591
[(0,4), Undefined, *, *, 0.784545) 
[(1,4), Undefined, *, A, 1.56909) 
[(2,0), Undefined, A, T, 2.35364) 
[(3,1), Undefined, T, C, 2.87073) 
[(4,2), Undefined, C, G, 3.38782) 
[(5,3), Undefined, G, #, 3.90491) 
[FW2] iter=0, ||W||^2: 24, qua_sterm: 1.82305, cost=1.82305
delta_square: 0.364609
[(0,4), Undefined, *, *, 1.06909) 
[(1,4), Undefined, *, A, 2.13818) 
[(2,0), Undefined, A, T, 3.20727) 
[(3,1), Undefined, T, C, 3.94145) 
[(4,2), Undefined, C, G, 4.67564) 
[(5,3), Undefined, G, #, 5.40982) 
small denominator: 0
[FW1] iter=-1, ||W||^2: 0, lin_term: 0, qua_sterm: 0.371788, cost=0.371788
gamma: 1, mu*||W-S||^2: 0.7
[FW1] iter=0, ||W||^2: 7, lin_term: 0, qua_sterm: 1.11688, cost=1.11688
[FW1] iter=-1, ||W||^2: 0, lin_term: 0, qua_sterm: 0.395513, cost=0.395513
gamma: 1, mu*||W-S||^2: 0.7
[FW1] iter=0, ||W||^2: 7, lin_term: 0, qua_sterm: 1.15769, cost=1.15769
[FW1] iter=-1, ||W||^2: 0, lin_term: 0, qua_sterm: 0.0393089, cost=0.0393089
gamma: 1, mu*||W-S||^2: 0.6
[FW1] iter=0, ||W||^2: 6, lin_term: 0, qua_sterm: 0.127127, cost=0.127127
[FW1] iter=-1, ||W||^2: 0, lin_term: 0, qua_sterm: 0.0393089, cost=0.0393089
gamma: 1, mu*||W-S||^2: 0.6
[FW1] iter=0, ||W||^2: 6, lin_term: 0, qua_sterm: 0.127127, cost=0.127127
[FW1] iter=-1, ||W||^2: 0, lin_term: 0, qua_sterm: 0.0393089, cost=0.0393089
gamma: 1, mu*||W-S||^2: 0.6
[FW1] iter=0, ||W||^2: 6, lin_term: 0, qua_sterm: 0.127127, cost=0.127127
delta_square: 1.07217
[(0,4), Undefined, *, *, 0.784545) 
[(1,4), Undefined, *, A, 1.56909) 
[(2,0), Undefined, A, T, 2.35364) 
[(3,1), Undefined, T, C, 2.87073) 
[(4,2), Undefined, C, G, 3.38782) 
[(5,3), Undefined, G, #, 3.90491) 
[FW2] iter=0, ||W||^2: 24, qua_sterm: 2.65595, cost=2.65595
delta_square: 0.531191
[(0,4), Undefined, *, *, 1.06909) 
[(1,4), Undefined, *, A, 2.13818) 
[(2,0), Undefined, A, T, 3.20727) 
[(3,1), Undefined, T, A, 3.69345) 
[(4,0), Undefined, A, C, 4.17964) 
[(5,2), Undefined, C, G, 5.09018) 
[(6,3), Undefined, G, #, 6.00073) 
[FW2] iter=1, ||W||^2: 18.7592, qua_sterm: 2.47072, cost=2.47072
delta_square: 0.494144
[(0,4), Undefined, *, *, 1.35364) 
[(1,4), Undefined, *, A, 2.70727) 
[(2,0), Undefined, A, T, 4.06091) 
[(3,1), Undefined, T, G, 4.76455) 
[(4,3), Undefined, G, C, 5.46818) 
[(5,2), Undefined, C, G, 6.73461) 
[(6,3), Undefined, G, #, 8.00103) 
[FW2] iter=2, ||W||^2: 18.3722, qua_sterm: 2.46486, cost=2.46486
delta_square: 0.492973
[(0,4), Undefined, *, *, 1.63818) 
[(1,4), Undefined, *, A, 3.27636) 
[(2,0), Undefined, A, T, 4.91455) 
[(3,1), Undefined, T, G, 5.8385) 
[(4,3), Undefined, G, C, 6.76245) 
[(5,2), Undefined, C, G, 8.37043) 
[(6,3), Undefined, G, #, 9.97842) 
[FW2] iter=3, ||W||^2: 18.3722, qua_sterm: 2.46486, cost=2.46486
gamma=4.89282e-16, early stop!
[FW1] iter=-1, ||W||^2: 0, lin_term: 0, qua_sterm: 0.463804, cost=0.463804
gamma: 1, mu*||W-S||^2: 0.7
[FW1] iter=0, ||W||^2: 7, lin_term: 0, qua_sterm: 1.26672, cost=1.26672
[FW1] iter=-1, ||W||^2: 0, lin_term: 0, qua_sterm: 0.400133, cost=0.400133
gamma: 1, mu*||W-S||^2: 0.7
[FW1] iter=0, ||W||^2: 7, lin_term: 0, qua_sterm: 1.16335, cost=1.16335
[FW1] iter=-1, ||W||^2: 0, lin_term: 0, qua_sterm: 0.0406587, cost=0.0406587
gamma: 1, mu*||W-S||^2: 0.6
[FW1] iter=0, ||W||^2: 6, lin_term: 0, qua_sterm: 0.299043, cost=0.299043
[FW1] iter=-1, ||W||^2: 0, lin_term: 0, qua_sterm: 0.0406587, cost=0.0406587
gamma: 1, mu*||W-S||^2: 0.6
[FW1] iter=0, ||W||^2: 6, lin_term: 0, qua_sterm: 0.299043, cost=0.299043
[FW1] iter=-1, ||W||^2: 0, lin_term: 0, qua_sterm: 0.0406587, cost=0.0406587
gamma: 1, mu*||W-S||^2: 0.6
[FW1] iter=0, ||W||^2: 6, lin_term: 0, qua_sterm: 0.299043, cost=0.299043
delta_square: 1.27875
[(0,4), Undefined, *, *, 0.784545) 
[(1,4), Undefined, *, A, 1.56909) 
[(2,0), Undefined, A, T, 2.35364) 
[(3,1), Undefined, T, A, 2.64673) 
[(4,0), Undefined, A, C, 2.93982) 
[(5,2), Undefined, C, G, 3.49509) 
[(6,3), Undefined, G, #, 4.05036) 
[FW2] iter=0, ||W||^2: 21, qua_sterm: 3.39341, cost=3.39341
delta_square: 0.678682
[(0,4), Undefined, *, *, 1.06909) 
[(1,4), Undefined, *, A, 2.13818) 
[(2,0), Undefined, A, T, 3.20727) 
[(3,1), Undefined, T, C, 4.24145) 
[(4,2), Undefined, C, G, 5.27564) 
[(5,3), Undefined, G, #, 6.30982) 
[FW2] iter=1, ||W||^2: 18.741, qua_sterm: 3.32454, cost=3.32454
delta_square: 0.664908
[(0,4), Undefined, *, *, 1.35364) 
[(1,4), Undefined, *, A, 2.70727) 
[(2,0), Undefined, A, T, 4.06091) 
[(3,1), Undefined, T, C, 5.52127) 
[(4,2), Undefined, C, G, 6.98164) 
[(5,3), Undefined, G, #, 8.442) 
[FW2] iter=2, ||W||^2: 18.741, qua_sterm: 3.32454, cost=3.32454
gamma=5.71377e-16, early stop!
[FW1] iter=-1, ||W||^2: 0, lin_term: 0, qua_sterm: 0.71283, cost=0.71283
gamma: 1, mu*||W-S||^2: 0.7
[FW1] iter=0, ||W||^2: 7, lin_term: 0, qua_sterm: 1.64744, cost=1.64744
[FW1] iter=-1, ||W||^2: 0, lin_term: 0, qua_sterm: 0.426873, cost=0.426873
gamma: 1, mu*||W-S||^2: 0.7
[FW1] iter=0, ||W||^2: 7, lin_term: 0, qua_sterm: 1.21079, cost=1.21079
[FW1] iter=-1, ||W||^2: 0, lin_term: 0, qua_sterm: 0.102381, cost=0.102381
gamma: 1, mu*||W-S||^2: 0.6
[FW1] iter=0, ||W||^2: 6, lin_term: 0, qua_sterm: 0.484574, cost=0.484574
[FW1] iter=-1, ||W||^2: 0, lin_term: 0, qua_sterm: 0.102381, cost=0.102381
gamma: 1, mu*||W-S||^2: 0.6
[FW1] iter=0, ||W||^2: 6, lin_term: 0, qua_sterm: 0.484574, cost=0.484574
[FW1] iter=-1, ||W||^2: 0, lin_term: 0, qua_sterm: 0.102381, cost=0.102381
gamma: 1, mu*||W-S||^2: 0.6
[FW1] iter=0, ||W||^2: 6, lin_term: 0, qua_sterm: 0.484574, cost=0.484574
delta_square: 1.51177
[(0,4), Undefined, *, *, 0.784545) 
[(1,4), Undefined, *, A, 1.56909) 
[(2,0), Undefined, A, T, 2.35364) 
[(3,1), Undefined, T, G, 2.68107) 
[(4,3), Undefined, G, C, 3.0085) 
[(5,2), Undefined, C, G, 3.60691) 
[(6,3), Undefined, G, #, 4.20533) 
[FW2] iter=0, ||W||^2: 21, qua_sterm: 4.40351, cost=4.40351
delta_square: 0.880702
[(0,4), Undefined, *, *, 1.06909) 
[(1,4), Undefined, *, A, 2.13818) 
[(2,0), Undefined, A, T, 3.20727) 
[(3,1), Undefined, T, C, 4.41202) 
[(4,2), Undefined, C, G, 5.61677) 
[(5,3), Undefined, G, #, 6.82152) 
[FW2] iter=1, ||W||^2: 18.6132, qua_sterm: 4.30068, cost=4.30068
delta_square: 0.860136
[(0,4), Undefined, *, *, 1.35364) 
[(1,4), Undefined, *, A, 2.70727) 
[(2,0), Undefined, A, T, 4.06091) 
[(3,1), Undefined, T, C, 5.75695) 
[(4,2), Undefined, C, G, 7.45298) 
[(5,3), Undefined, G, #, 9.14902) 
[FW2] iter=2, ||W||^2: 18.6132, qua_sterm: 4.30068, cost=4.30068
gamma=1.39988e-16, early stop!
[FW1] iter=-1, ||W||^2: 0, lin_term: 0, qua_sterm: 0.716963, cost=0.716963
gamma: 1, mu*||W-S||^2: 0.7
[FW1] iter=0, ||W||^2: 7, lin_term: 0, qua_sterm: 1.66938, cost=1.66938
[FW1] iter=-1, ||W||^2: 0, lin_term: 0, qua_sterm: 0.818396, cost=0.818396
gamma: 1, mu*||W-S||^2: 0.7
[FW1] iter=0, ||W||^2: 7, lin_term: 0, qua_sterm: 1.81576, cost=1.81576
[FW1] iter=-1, ||W||^2: 0, lin_term: 0, qua_sterm: 0.173715, cost=0.173715
gamma: 1, mu*||W-S||^2: 0.6
[FW1] iter=0, ||W||^2: 6, lin_term: 0, qua_sterm: 0.640277, cost=0.640277
[FW1] iter=-1, ||W||^2: 0, lin_term: 0, qua_sterm: 0.173715, cost=0.173715
gamma: 1, mu*||W-S||^2: 0.6
[FW1] iter=0, ||W||^2: 6, lin_term: 0, qua_sterm: 0.640277, cost=0.640277
[FW1] iter=-1, ||W||^2: 0, lin_term: 0, qua_sterm: 0.173715, cost=0.173715
gamma: 1, mu*||W-S||^2: 0.6
[FW1] iter=0, ||W||^2: 6, lin_term: 0, qua_sterm: 0.640277, cost=0.640277
delta_square: 1.77628
[(0,4), Undefined, *, *, 0.784545) 
[(1,4), Undefined, *, A, 1.56909) 
[(2,0), Undefined, A, T, 2.35364) 
[(3,1), Undefined, T, C, 3.06056) 
[(4,2), Undefined, C, G, 3.76748) 
[(5,3), Undefined, G, #, 4.4744) 
[FW2] iter=0, ||W||^2: 24, qua_sterm: 5.60702, cost=5.60702
delta_square: 1.1214
[(0,4), Undefined, *, *, 1.06909) 
[(1,4), Undefined, *, A, 2.13818) 
[(2,0), Undefined, A, T, 3.20727) 
[(3,1), Undefined, T, G, 3.96213) 
[(4,3), Undefined, G, C, 4.71699) 
[(5,2), Undefined, C, G, 5.97443) 
[(6,3), Undefined, G, #, 7.23187) 
[FW2] iter=1, ||W||^2: 18.6784, qua_sterm: 5.39817, cost=5.39817
delta_square: 1.07963
[(0,4), Undefined, *, *, 1.35364) 
[(1,4), Undefined, *, A, 2.70727) 
[(2,0), Undefined, A, T, 4.06091) 
[(3,1), Undefined, T, G, 5.14043) 
[(4,3), Undefined, G, C, 6.21995) 
[(5,2), Undefined, C, G, 8.00057) 
[(6,3), Undefined, G, #, 9.78119) 
[FW2] iter=2, ||W||^2: 18.6784, qua_sterm: 5.39817, cost=5.39817
gamma=8.29494e-17, early stop!
[FW1] iter=-1, ||W||^2: 0, lin_term: 0, qua_sterm: 0.94357, cost=0.94357
gamma: 1, mu*||W-S||^2: 0.7
[FW1] iter=0, ||W||^2: 7, lin_term: 0, qua_sterm: 2.01086, cost=2.01086
[FW1] iter=-1, ||W||^2: 0, lin_term: 0, qua_sterm: 1.17552, cost=1.17552
gamma: 1, mu*||W-S||^2: 0.7
[FW1] iter=0, ||W||^2: 7, lin_term: 0, qua_sterm: 2.33032, cost=2.33032
[FW1] iter=-1, ||W||^2: 0, lin_term: 0, qua_sterm: 0.243475, cost=0.243475
gamma: 1, mu*||W-S||^2: 0.6
[FW1] iter=0, ||W||^2: 6, lin_term: 0, qua_sterm: 0.773887, cost=0.773887
[FW1] iter=-1, ||W||^2: 0, lin_term: 0, qua_sterm: 0.243475, cost=0.243475
gamma: 1, mu*||W-S||^2: 0.6
[FW1] iter=0, ||W||^2: 6, lin_term: 0, qua_sterm: 0.773887, cost=0.773887
[FW1] iter=-1, ||W||^2: 0, lin_term: 0, qua_sterm: 0.243475, cost=0.243475
gamma: 1, mu*||W-S||^2: 0.6
[FW1] iter=0, ||W||^2: 6, lin_term: 0, qua_sterm: 0.773887, cost=0.773887
delta_square: 2.06771
[(0,4), Undefined, *, *, 0.784545) 
[(1,4), Undefined, *, A, 1.56909) 
[(2,0), Undefined, A, T, 2.35364) 
[(3,1), Undefined, T, C, 3.15501) 
[(4,2), Undefined, C, G, 3.95639) 
[(5,3), Undefined, G, #, 4.75777) 
[FW2] iter=0, ||W||^2: 24, qua_sterm: 6.78077, cost=6.78077
delta_square: 1.35615
[(0,4), Undefined, *, *, 1.06909) 
[(1,4), Undefined, *, A, 2.13818) 
[(2,0), Undefined, A, T, 3.20727) 
[(3,1), Undefined, T, G, 3.99916) 
[(4,3), Undefined, G, C, 4.79105) 
[(5,2), Undefined, C, G, 6.12255) 
[(6,3), Undefined, G, #, 7.45405) 
[FW2] iter=1, ||W||^2: 19.1254, qua_sterm: 6.65294, cost=6.65294
delta_square: 1.33059
[(0,4), Undefined, *, *, 1.35364) 
[(1,4), Undefined, *, A, 2.70727) 
[(2,0), Undefined, A, T, 4.06091) 
[(3,1), Undefined, T, A, 5.2217) 
[(4,0), Undefined, A, C, 6.38249) 
[(5,2), Undefined, C, G, 8.29717) 
[(6,3), Undefined, G, #, 10.2118) 
[FW2] iter=2, ||W||^2: 18.7184, qua_sterm: 6.64989, cost=6.64989
delta_square: 1.32998
[(0,4), Undefined, *, *, 1.63818) 
[(1,4), Undefined, *, A, 3.27636) 
[(2,0), Undefined, A, T, 4.91455) 
[(3,1), Undefined, T, A, 6.45281) 
[(4,0), Undefined, A, C, 7.99107) 
[(5,2), Undefined, C, G, 10.4778) 
[(6,3), Undefined, G, #, 12.9646) 
[FW2] iter=3, ||W||^2: 18.7184, qua_sterm: 6.64989, cost=6.64989
gamma=0, early stop!
[FW1] iter=-1, ||W||^2: 0, lin_term: 0, qua_sterm: 1.26365, cost=1.26365
gamma: 1, mu*||W-S||^2: 0.7
[FW1] iter=0, ||W||^2: 7, lin_term: 0, qua_sterm: 2.46805, cost=2.46805
[FW1] iter=-1, ||W||^2: 0, lin_term: 0, qua_sterm: 1.53976, cost=1.53976
gamma: 1, mu*||W-S||^2: 0.7
[FW1] iter=0, ||W||^2: 7, lin_term: 0, qua_sterm: 2.83473, cost=2.83473
[FW1] iter=-1, ||W||^2: 0, lin_term: 0, qua_sterm: 0.323317, cost=0.323317
gamma: 1, mu*||W-S||^2: 0.6
[FW1] iter=0, ||W||^2: 6, lin_term: 0, qua_sterm: 0.915089, cost=0.915089
[FW1] iter=-1, ||W||^2: 0, lin_term: 0, qua_sterm: 0.323317, cost=0.323317
gamma: 1, mu*||W-S||^2: 0.6
[FW1] iter=0, ||W||^2: 6, lin_term: 0, qua_sterm: 0.915089, cost=0.915089
[FW1] iter=-1, ||W||^2: 0, lin_term: 0, qua_sterm: 0.323317, cost=0.323317
gamma: 1, mu*||W-S||^2: 0.6
[FW1] iter=0, ||W||^2: 6, lin_term: 0, qua_sterm: 0.915089, cost=0.915089
delta_square: 2.38686
[(0,4), Undefined, *, *, 0.784545) 
[(1,4), Undefined, *, A, 1.56909) 
[(2,0), Undefined, A, T, 2.35364) 
[(3,1), Undefined, T, C, 3.23417) 
[(4,2), Undefined, C, G, 4.1147) 
[(5,3), Undefined, G, #, 4.99523) 
[FW2] iter=0, ||W||^2: 24, qua_sterm: 8.13906, cost=8.13906
delta_square: 1.62781
[(0,4), Undefined, *, *, 1.06909) 
[(1,4), Undefined, *, A, 2.13818) 
[(2,0), Undefined, A, T, 3.20727) 
[(3,1), Undefined, T, A, 4.08113) 
[(4,0), Undefined, A, C, 4.95499) 
[(5,2), Undefined, C, G, 6.38095) 
[(6,3), Undefined, G, #, 7.80691) 
[FW2] iter=1, ||W||^2: 19.3787, qua_sterm: 8.03519, cost=8.03519
delta_square: 1.60704
[(0,4), Undefined, *, *, 1.35364) 
[(1,4), Undefined, *, A, 2.70727) 
[(2,0), Undefined, A, T, 4.06091) 
[(3,1), Undefined, T, A, 5.33448) 
[(4,0), Undefined, A, C, 6.60806) 
[(5,2), Undefined, C, G, 8.67257) 
[(6,3), Undefined, G, #, 10.7371) 
[FW2] iter=2, ||W||^2: 19.3787, qua_sterm: 8.03519, cost=8.03519
gamma=6.57167e-16, early stop!
[FW1] iter=-1, ||W||^2: 0, lin_term: 0, qua_sterm: 1.8634, cost=1.8634
gamma: 1, mu*||W-S||^2: 0.7
[FW1] iter=0, ||W||^2: 7, lin_term: 0, qua_sterm: 3.27758, cost=3.27758
[FW1] iter=-1, ||W||^2: 0, lin_term: 0, qua_sterm: 1.82245, cost=1.82245
gamma: 1, mu*||W-S||^2: 0.7
[FW1] iter=0, ||W||^2: 7, lin_term: 0, qua_sterm: 3.22486, cost=3.22486
[FW1] iter=-1, ||W||^2: 0, lin_term: 0, qua_sterm: 0.38426, cost=0.38426
gamma: 1, mu*||W-S||^2: 0.6
[FW1] iter=0, ||W||^2: 6, lin_term: 0, qua_sterm: 1.01742, cost=1.01742
[FW1] iter=-1, ||W||^2: 0, lin_term: 0, qua_sterm: 0.38426, cost=0.38426
gamma: 1, mu*||W-S||^2: 0.6
[FW1] iter=0, ||W||^2: 6, lin_term: 0, qua_sterm: 1.01742, cost=1.01742
[FW1] iter=-1, ||W||^2: 0, lin_term: 0, qua_sterm: 0.38426, cost=0.38426
gamma: 1, mu*||W-S||^2: 0.6
[FW1] iter=0, ||W||^2: 6, lin_term: 0, qua_sterm: 1.01742, cost=1.01742
delta_square: 2.73188
[(0,4), Undefined, *, *, 0.784545) 
[(1,4), Undefined, *, A, 1.56909) 
[(2,0), Undefined, A, T, 2.35364) 
[(3,1), Undefined, T, C, 3.30442) 
[(4,2), Undefined, C, G, 4.25521) 
[(5,3), Undefined, G, #, 5.206) 
[FW2] iter=0, ||W||^2: 24, qua_sterm: 9.6534, cost=9.6534
delta_square: 1.93068
[(0,4), Undefined, *, *, 1.06909) 
[(1,4), Undefined, *, A, 2.13818) 
[(2,0), Undefined, A, T, 3.20727) 
[(3,1), Undefined, T, A, 4.17167) 
[(4,0), Undefined, A, C, 5.13607) 
[(5,2), Undefined, C, G, 6.66836) 
[(6,3), Undefined, G, #, 8.20064) 
[FW2] iter=1, ||W||^2: 19.4434, qua_sterm: 9.55464, cost=9.55464
delta_square: 1.91093
[(0,4), Undefined, *, *, 1.35364) 
[(1,4), Undefined, *, A, 2.70727) 
[(2,0), Undefined, A, T, 4.06091) 
[(3,1), Undefined, T, A, 5.47122) 
[(4,0), Undefined, A, C, 6.88154) 
[(5,2), Undefined, C, G, 9.10738) 
[(6,3), Undefined, G, #, 11.3332) 
[FW2] iter=2, ||W||^2: 19.4434, qua_sterm: 9.55464, cost=9.55464
gamma=0, early stop!
[FW1] iter=-1, ||W||^2: 0, lin_term: 0, qua_sterm: 2.40864, cost=2.40864
gamma: 1, mu*||W-S||^2: 0.7
[FW1] iter=0, ||W||^2: 7, lin_term: 0, qua_sterm: 3.98746, cost=3.98746
gamma: 0.0599243, mu*||W-S||^2: 1.2
[FW1] iter=1, ||W||^2: 6.324, lin_term: 0.107864, qua_sterm: 3.87744, cost=3.9853
gamma=3.66413e-16, early stop!
[FW1] iter=-1, ||W||^2: 0, lin_term: 0, qua_sterm: 2.22526, cost=2.22526
gamma: 1, mu*||W-S||^2: 0.7
[FW1] iter=0, ||W||^2: 7, lin_term: 0, qua_sterm: 3.75694, cost=3.75694
gamma: 0.0206486, mu*||W-S||^2: 1.2
[FW1] iter=1, ||W||^2: 6.75733, lin_term: 0.0371674, qua_sterm: 3.71952, cost=3.75669
gamma=0, early stop!
[FW1] iter=-1, ||W||^2: 0, lin_term: 0, qua_sterm: 0.470709, cost=0.470709
gamma: 1, mu*||W-S||^2: 0.6
[FW1] iter=0, ||W||^2: 6, lin_term: 0, qua_sterm: 1.15691, cost=1.15691
[FW1] iter=-1, ||W||^2: 0, lin_term: 0, qua_sterm: 0.470709, cost=0.470709
gamma: 1, mu*||W-S||^2: 0.6
[FW1] iter=0, ||W||^2: 6, lin_term: 0, qua_sterm: 1.15691, cost=1.15691
[FW1] iter=-1, ||W||^2: 0, lin_term: 0, qua_sterm: 0.470709, cost=0.470709
gamma: 1, mu*||W-S||^2: 0.6
[FW1] iter=0, ||W||^2: 6, lin_term: 0, qua_sterm: 1.15691, cost=1.15691
delta_square: 3.09899
[(0,4), Undefined, *, *, 0.784545) 
[(1,4), Undefined, *, A, 1.56909) 
[(2,0), Undefined, A, T, 2.35364) 
[(3,1), Undefined, T, C, 3.36025) 
[(4,2), Undefined, C, G, 4.36686) 
[(5,3), Undefined, G, #, 5.37347) 
[FW2] iter=0, ||W||^2: 24, qua_sterm: 11.3215, cost=11.3215
delta_square: 2.26429
[(0,4), Undefined, *, *, 1.06909) 
[(1,4), Undefined, *, A, 2.13818) 
[(2,0), Undefined, A, T, 3.20727) 
[(3,1), Undefined, T, A, 4.23446) 
[(4,0), Undefined, A, C, 5.26164) 
[(5,2), Undefined, C, G, 6.9195) 
[(6,3), Undefined, G, #, 8.57735) 
[FW2] iter=1, ||W||^2: 19.3472, qua_sterm: 11.215, cost=11.215
delta_square: 2.243
[(0,4), Undefined, *, *, 1.35364) 
[(1,4), Undefined, *, A, 2.70727) 
[(2,0), Undefined, A, T, 4.06091) 
[(3,1), Undefined, T, A, 5.56401) 
[(4,0), Undefined, A, C, 7.06711) 
[(5,2), Undefined, C, G, 9.47852) 
[(6,3), Undefined, G, #, 11.8899) 
[FW2] iter=2, ||W||^2: 19.3472, qua_sterm: 11.215, cost=11.215
gamma=0, early stop!
[FW1] iter=-1, ||W||^2: 0, lin_term: 0, qua_sterm: 3.01327, cost=3.01327
gamma: 1, mu*||W-S||^2: 0.7
[FW1] iter=0, ||W||^2: 7, lin_term: 0, qua_sterm: 4.75302, cost=4.75302
gamma: 0.19403, mu*||W-S||^2: 1.2
[FW1] iter=1, ||W||^2: 5.12341, lin_term: 0.349254, qua_sterm: 4.38117, cost=4.73043
gamma: 0.0281777, mu*||W-S||^2: 0.734729
[FW1] iter=2, ||W||^2: 4.97509, lin_term: 0.390133, qua_sterm: 4.34, cost=4.73014
gamma=0, early stop!
[FW1] iter=-1, ||W||^2: 0, lin_term: 0, qua_sterm: 2.64318, cost=2.64318
gamma: 1, mu*||W-S||^2: 0.7
[FW1] iter=0, ||W||^2: 7, lin_term: 0, qua_sterm: 4.29672, cost=4.29672
gamma: 0.122194, mu*||W-S||^2: 1.2
[FW1] iter=1, ||W||^2: 5.71285, lin_term: 0.219949, qua_sterm: 4.06782, cost=4.28776
gamma=1.80104e-16, early stop!
[FW1] iter=-1, ||W||^2: 0, lin_term: 0, qua_sterm: 0.57714, cost=0.57714
gamma: 1, mu*||W-S||^2: 0.6
[FW1] iter=0, ||W||^2: 6, lin_term: 0, qua_sterm: 1.32195, cost=1.32195
[FW1] iter=-1, ||W||^2: 0, lin_term: 0, qua_sterm: 0.57714, cost=0.57714
gamma: 1, mu*||W-S||^2: 0.6
[FW1] iter=0, ||W||^2: 6, lin_term: 0, qua_sterm: 1.32195, cost=1.32195
[FW1] iter=-1, ||W||^2: 0, lin_term: 0, qua_sterm: 0.57714, cost=0.57714
gamma: 1, mu*||W-S||^2: 0.6
[FW1] iter=0, ||W||^2: 6, lin_term: 0, qua_sterm: 1.32195, cost=1.32195
delta_square: 3.4572
[(0,4), Undefined, *, *, 0.792603) 
[(0,4), Insertion, *, -, 0.792603) 
[(1,4), Undefined, *, A, 1.56909) 
[(2,0), Undefined, A, T, 2.34558) 
[(3,1), Undefined, T, C, 3.40662) 
[(4,2), Undefined, C, G, 4.47572) 
[(5,3), Undefined, G, #, 5.54482) 
[FW2] iter=0, ||W||^2: 30, qua_sterm: 13.2412, cost=13.2412
delta_square: 2.64823
[(0,4), Undefined, *, *, 1.07715) 
[(0,4), Insertion, *, -, 1.07715) 
[(1,4), Undefined, *, A, 2.13012) 
[(2,0), Undefined, A, T, 3.1831) 
[(3,1), Undefined, T, G, 4.27286) 
[(4,3), Undefined, G, C, 5.36261) 
[(5,2), Undefined, C, G, 7.13177) 
[(6,3), Undefined, G, #, 8.90094) 
[FW2] iter=1, ||W||^2: 19.8637, qua_sterm: 12.9254, cost=12.9254
delta_square: 2.58508
[(0,4), Undefined, *, *, 1.36169) 
[(0,4), Insertion, *, -, 1.36169) 
[(1,4), Undefined, *, A, 2.69116) 
[(2,0), Undefined, A, T, 4.02062) 
[(3,1), Undefined, T, A, 5.65077) 
[(4,0), Undefined, A, C, 7.28093) 
[(5,2), Undefined, C, G, 9.82499) 
[(6,3), Undefined, G, #, 12.3691) 
[FW2] iter=2, ||W||^2: 19.1597, qua_sterm: 12.9166, cost=12.9166
delta_square: 2.58332
[(0,4), Undefined, *, *, 1.64624) 
[(0,4), Insertion, *, -, 1.64624) 
[(1,4), Undefined, *, A, 3.25219) 
[(2,0), Undefined, A, T, 4.85814) 
[(3,1), Undefined, T, C, 8.55367) 
[(4,2), Undefined, C, G, 12.2572) 
[(5,3), Undefined, G, #, 15.9608) 
[FW2] iter=3, ||W||^2: 19.6544, qua_sterm: 12.8595, cost=12.8595
delta_square: 2.5719
[(0,4), Undefined, *, *, 1.93078) 
[(0,4), Insertion, *, -, 1.93078) 
[(1,4), Undefined, *, A, 3.81323) 
[(2,0), Undefined, A, T, 5.69567) 
[(3,1), Undefined, T, C, 10.2599) 
[(4,2), Undefined, C, G, 14.8323) 
[(5,3), Undefined, G, #, 19.4046) 
[FW2] iter=4, ||W||^2: 19.6544, qua_sterm: 12.8595, cost=12.8595
gamma=0, early stop!
[FW1] iter=-1, ||W||^2: 0, lin_term: 0, qua_sterm: 3.40511, cost=3.40511
gamma: 1, mu*||W-S||^2: 0.7
[FW1] iter=0, ||W||^2: 7, lin_term: 0, qua_sterm: 5.23994, cost=5.23994
gamma: 0.312651, mu*||W-S||^2: 1.2
[FW1] iter=1, ||W||^2: 4.4212, lin_term: 0.562772, qua_sterm: 4.61851, cost=5.18129
gamma: 0.129129, mu*||W-S||^2: 0.54212
[FW1] iter=2, ||W||^2: 4.14456, lin_term: 0.722534, qua_sterm: 4.45423, cost=5.17677
gamma: 0.0402366, mu*||W-S||^2: 0.553892
[FW1] iter=3, ||W||^2: 4.04555, lin_term: 0.765888, qua_sterm: 4.41043, cost=5.17632
gamma: 0.0961393, mu*||W-S||^2: 0.157526
[FW1] iter=4, ||W||^2: 4.1927, lin_term: 0.692256, qua_sterm: 4.48334, cost=5.17559
gamma: 0.0293803, mu*||W-S||^2: 0.543615
[FW1] iter=5, ||W||^2: 4.12016, lin_term: 0.724801, qua_sterm: 4.45055, cost=5.17536
gamma: 0.0346844, mu*||W-S||^2: 0.13879
[FW1] iter=6, ||W||^2: 4.17358, lin_term: 0.699662, qua_sterm: 4.47561, cost=5.17527
gamma: 0.0115436, mu*||W-S||^2: 0.524415
[FW1] iter=7, ||W||^2: 4.14637, lin_term: 0.712364, qua_sterm: 4.46287, cost=5.17524
gamma: 0.0149818, mu*||W-S||^2: 0.133396
[FW1] iter=8, ||W||^2: 4.16943, lin_term: 0.701691, qua_sterm: 4.47353, cost=5.17522
gamma: 0.00774499, mu*||W-S||^2: 0.420759
[FW1] iter=9, ||W||^2: 4.15902, lin_term: 0.710198, qua_sterm: 4.46501, cost=5.17521
gamma: 0.00260666, mu*||W-S||^2: 0.515118
[FW1] iter=10, ||W||^2: 4.15303, lin_term: 0.713039, qua_sterm: 4.46217, cost=5.17521
[FW1] iter=-1, ||W||^2: 0, lin_term: 0, qua_sterm: 3.3672, cost=3.3672
gamma: 1, mu*||W-S||^2: 0.7
[FW1] iter=0, ||W||^2: 7, lin_term: 0, qua_sterm: 5.19911, cost=5.19911
gamma: 0.320036, mu*||W-S||^2: 1.2
[FW1] iter=1, ||W||^2: 4.38865, lin_term: 0.576064, qua_sterm: 4.56159, cost=5.13765
gamma: 0.116266, mu*||W-S||^2: 0.538865
[FW1] iter=2, ||W||^2: 4.13858, lin_term: 0.718366, qua_sterm: 4.41565, cost=5.13401
gamma: 0.038851, mu*||W-S||^2: 0.554222
[FW1] iter=3, ||W||^2: 4.0428, lin_term: 0.760388, qua_sterm: 4.37321, cost=5.13359
gamma: 0.087276, mu*||W-S||^2: 0.158736
[FW1] iter=4, ||W||^2: 4.17444, lin_term: 0.694025, qua_sterm: 4.43896, cost=5.13299
gamma: 0.0265134, mu*||W-S||^2: 0.541941
[FW1] iter=5, ||W||^2: 4.10948, lin_term: 0.723348, qua_sterm: 4.40945, cost=5.1328
gamma: 0.0305778, mu*||W-S||^2: 0.141257
[FW1] iter=6, ||W||^2: 4.15599, lin_term: 0.701229, qua_sterm: 4.4315, cost=5.13273
gamma: 0.0100656, mu*||W-S||^2: 0.52427
[FW1] iter=7, ||W||^2: 4.13238, lin_term: 0.712289, qua_sterm: 4.42042, cost=5.13271
gamma: 0.0126685, mu*||W-S||^2: 0.136256
[FW1] iter=8, ||W||^2: 4.15167, lin_term: 0.703266, qua_sterm: 4.42943, cost=5.1327
gamma: 0.00427773, mu*||W-S||^2: 0.518225
[FW1] iter=9, ||W||^2: 4.14178, lin_term: 0.707957, qua_sterm: 4.42473, cost=5.13269
gamma: 0.00555624, mu*||W-S||^2: 0.134327
[FW1] iter=10, ||W||^2: 4.15024, lin_term: 0.704024, qua_sterm: 4.42867, cost=5.13269
[FW1] iter=-1, ||W||^2: 0, lin_term: 0, qua_sterm: 0.679464, cost=0.679464
gamma: 1, mu*||W-S||^2: 0.6
[FW1] iter=0, ||W||^2: 6, lin_term: 0, qua_sterm: 1.47546, cost=1.47546
[FW1] iter=-1, ||W||^2: 0, lin_term: 0, qua_sterm: 0.679464, cost=0.679464
gamma: 1, mu*||W-S||^2: 0.6
[FW1] iter=0, ||W||^2: 6, lin_term: 0, qua_sterm: 1.47546, cost=1.47546
[FW1] iter=-1, ||W||^2: 0, lin_term: 0, qua_sterm: 0.679464, cost=0.679464
gamma: 1, mu*||W-S||^2: 0.6
[FW1] iter=0, ||W||^2: 6, lin_term: 0, qua_sterm: 1.47546, cost=1.47546
delta_square: 3.74094
[(0,4), Undefined, *, *, 0.81965) 
[(0,4), Insertion, *, -, 0.81965) 
[(1,4), Undefined, *, A, 1.56909) 
[(1,0), Insertion, A, -, 1.56909) 
[(2,0), Undefined, A, T, 2.31571) 
[(3,1), Undefined, T, C, 3.43328) 
[(4,2), Undefined, C, G, 4.58876) 
[(5,3), Undefined, G, #, 5.74425) 
[FW2] iter=0, ||W||^2: 31, qua_sterm: 14.5076, cost=14.5076
delta_square: 2.90153
[(0,4), Undefined, *, *, 1.1042) 
[(0,4), Insertion, *, -, 1.1042) 
[(1,4), Undefined, *, A, 2.10308) 
[(1,0), Insertion, A, -, 2.10308) 
[(2,0), Undefined, A, T, 3.09632) 
[(3,1), Undefined, T, G, 4.24872) 
[(4,3), Undefined, G, C, 5.40112) 
[(5,2), Undefined, C, G, 7.2352) 
[(6,3), Undefined, G, #, 9.06927) 
[FW2] iter=1, ||W||^2: 20.4108, qua_sterm: 14.2225, cost=14.2225
delta_square: 2.84451
[(0,4), Undefined, *, *, 1.38874) 
[(0,4), Insertion, *, -, 1.38874) 
[(1,4), Undefined, *, A, 2.63706) 
[(1,0), Insertion, A, -, 2.63706) 
[(2,0), Undefined, A, T, 3.87693) 
[(3,1), Undefined, T, C, 6.78235) 
[(4,2), Undefined, C, G, 9.72569) 
[(5,3), Undefined, G, #, 12.669) 
[FW2] iter=2, ||W||^2: 20.54, qua_sterm: 14.1752, cost=14.1752
delta_square: 2.83503
[(0,4), Undefined, *, *, 1.67329) 
[(0,4), Insertion, *, -, 1.67329) 
[(1,4), Undefined, *, A, 3.17105) 
[(1,0), Insertion, A, -, 3.17105) 
[(2,0), Undefined, A, T, 4.65754) 
[(3,1), Undefined, T, A, 6.91097) 
[(4,0), Undefined, A, C, 9.1644) 
[(5,2), Undefined, C, G, 12.6709) 
[(6,3), Undefined, G, #, 16.1774) 
[FW2] iter=3, ||W||^2: 19.5635, qua_sterm: 14.1674, cost=14.1674
delta_square: 2.83348
[(0,4), Undefined, *, *, 1.95783) 
[(0,4), Insertion, *, -, 1.95783) 
[(1,4), Undefined, *, A, 3.70504) 
[(1,0), Insertion, A, -, 3.70504) 
[(2,0), Undefined, A, T, 5.43815) 
[(3,1), Undefined, T, C, 10.1856) 
[(4,2), Undefined, C, G, 14.971) 
[(5,3), Undefined, G, #, 19.7563) 
[FW2] iter=4, ||W||^2: 19.7708, qua_sterm: 14.1661, cost=14.1661
delta_square: 2.83323
[(0,4), Undefined, *, *, 2.24238) 
[(0,4), Insertion, *, -, 2.24238) 
[(1,4), Undefined, *, A, 4.23902) 
[(1,0), Insertion, A, -, 4.23902) 
[(2,0), Undefined, A, T, 6.21876) 
[(3,1), Undefined, T, A, 9.57413) 
[(4,0), Undefined, A, C, 12.9295) 
[(5,2), Undefined, C, G, 18.1216) 
[(6,3), Undefined, G, #, 23.3137) 
[FW2] iter=5, ||W||^2: 19.5542, qua_sterm: 14.1656, cost=14.1656
delta_square: 2.83313
[(0,4), Undefined, *, *, 2.52698) 
[(0,4), Insertion, *, -, 2.52698) 
[(1,4), Undefined, *, A, 4.77307) 
[(1,0), Insertion, A, -, 4.77307) 
[(2,0), Undefined, A, T, 6.99943) 
[(3,1), Undefined, T, C, 13.6002) 
[(4,2), Undefined, C, G, 20.2438) 
[(5,3), Undefined, G, #, 26.8874) 
[FW2] iter=6, ||W||^2: 19.6944, qua_sterm: 14.1653, cost=14.1653
delta_square: 2.83307
[(0,4), Undefined, *, *, 2.81153) 
[(0,4), Insertion, *, -, 2.81153) 
[(1,4), Undefined, *, A, 5.30706) 
[(1,0), Insertion, A, -, 5.30706) 
[(2,0), Undefined, A, T, 7.78004) 
[(3,1), Undefined, T, C, 15.3066) 
[(4,2), Undefined, C, G, 22.876) 
[(5,3), Undefined, G, #, 30.4454) 
[FW2] iter=7, ||W||^2: 19.7271, qua_sterm: 14.1653, cost=14.1653
delta_square: 2.83306
[(0,4), Undefined, *, *, 3.09607) 
[(0,4), Insertion, *, -, 3.09607) 
[(1,4), Undefined, *, A, 5.84104) 
[(1,0), Insertion, A, -, 5.84104) 
[(2,0), Undefined, A, T, 8.56065) 
[(3,1), Undefined, T, A, 13.5627) 
[(4,0), Undefined, A, C, 18.5647) 
[(5,2), Undefined, C, G, 26.2896) 
[(6,3), Undefined, G, #, 34.0145) 
[FW2] iter=8, ||W||^2: 19.5831, qua_sterm: 14.1651, cost=14.1651
delta_square: 2.83302
[(0,4), Undefined, *, *, 3.38062) 
[(0,4), Insertion, *, -, 3.38062) 
[(1,4), Undefined, *, A, 6.37503) 
[(1,0), Insertion, A, -, 6.37503) 
[(2,0), Undefined, A, T, 9.34126) 
[(3,1), Undefined, T, A, 14.8904) 
[(4,0), Undefined, A, C, 20.4395) 
[(5,2), Undefined, C, G, 29.0072) 
[(6,3), Undefined, G, #, 37.5749) 
[FW2] iter=9, ||W||^2: 19.5831, qua_sterm: 14.1651, cost=14.1651
gamma=7.97053e-17, early stop!
[FW1] iter=-1, ||W||^2: 0, lin_term: 0, qua_sterm: 3.86761, cost=3.86761
gamma: 1, mu*||W-S||^2: 0.7
[FW1] iter=0, ||W||^2: 7, lin_term: 0, qua_sterm: 5.78518, cost=5.78518
gamma: 0.363416, mu*||W-S||^2: 1.2
[FW1] iter=1, ||W||^2: 4.22386, lin_term: 0.654149, qua_sterm: 5.05179, cost=5.70594
gamma: 0.281132, mu*||W-S||^2: 0.522386
[FW1] iter=2, ||W||^2: 3.9486, lin_term: 0.976285, qua_sterm: 4.70901, cost=5.6853
gamma: 0.105714, mu*||W-S||^2: 0.477907
[FW1] iter=3, ||W||^2: 3.81937, lin_term: 1.06336, qua_sterm: 4.61926, cost=5.68262
gamma: 0.118943, mu*||W-S||^2: 0.269138
[FW1] iter=4, ||W||^2: 3.91564, lin_term: 0.936884, qua_sterm: 4.74384, cost=5.68072
gamma: 0.0485053, mu*||W-S||^2: 0.427483
[FW1] iter=5, ||W||^2: 3.86795, lin_term: 0.978749, qua_sterm: 4.70147, cost=5.68022
gamma: 0.0387504, mu*||W-S||^2: 0.227563
[FW1] iter=6, ||W||^2: 3.90455, lin_term: 0.940823, qua_sterm: 4.73922, cost=5.68005
gamma: 0.0357017, mu*||W-S||^2: 0.302015
[FW1] iter=7, ||W||^2: 3.91109, lin_term: 0.971497, qua_sterm: 4.70836, cost=5.67985
gamma: 0.0140505, mu*||W-S||^2: 0.398956
[FW1] iter=8, ||W||^2: 3.89922, lin_term: 0.983138, qua_sterm: 4.69668, cost=5.67982
gamma: 0.034489, mu*||W-S||^2: 0.226345
[FW1] iter=9, ||W||^2: 3.93079, lin_term: 0.94923, qua_sterm: 4.73045, cost=5.67968
gamma: 0.0165756, mu*||W-S||^2: 0.4014
[FW1] iter=10, ||W||^2: 3.91624, lin_term: 0.963332, qua_sterm: 4.71629, cost=5.67963
[FW1] iter=-1, ||W||^2: 0, lin_term: 0, qua_sterm: 3.86284, cost=3.86284
gamma: 1, mu*||W-S||^2: 0.7
[FW1] iter=0, ||W||^2: 7, lin_term: 0, qua_sterm: 5.79678, cost=5.79678
gamma: 0.397633, mu*||W-S||^2: 1.2
[FW1] iter=1, ||W||^2: 4.12575, lin_term: 0.715739, qua_sterm: 4.98617, cost=5.70191
gamma: 0.266538, mu*||W-S||^2: 0.512575
[FW1] iter=2, ||W||^2: 3.88979, lin_term: 1.00474, qua_sterm: 4.67897, cost=5.68371
gamma: 0.0807442, mu*||W-S||^2: 0.465704
[FW1] iter=3, ||W||^2: 3.79525, lin_term: 1.06895, qua_sterm: 4.61324, cost=5.68219
gamma: 0.0877998, mu*||W-S||^2: 0.278002
[FW1] iter=4, ||W||^2: 3.85397, lin_term: 0.975095, qua_sterm: 4.70602, cost=5.68112
gamma: 0.0339669, mu*||W-S||^2: 0.424516
[FW1] iter=5, ||W||^2: 3.82154, lin_term: 1.00311, qua_sterm: 4.67776, cost=5.68087
gamma: 0.0240032, mu*||W-S||^2: 0.243508
[FW1] iter=6, ||W||^2: 3.84078, lin_term: 0.979037, qua_sterm: 4.70176, cost=5.6808
gamma: 0.0227436, mu*||W-S||^2: 0.294975
[FW1] iter=7, ||W||^2: 3.84707, lin_term: 0.997709, qua_sterm: 4.68302, cost=5.68072
gamma: 0.00791407, mu*||W-S||^2: 0.402836
[FW1] iter=8, ||W||^2: 3.8404, lin_term: 1.00406, qua_sterm: 4.67665, cost=5.68071
gamma: 0.0187623, mu*||W-S||^2: 0.241186
[FW1] iter=9, ||W||^2: 3.85527, lin_term: 0.98522, qua_sterm: 4.69545, cost=5.68067
gamma: 0.00842669, mu*||W-S||^2: 0.403368
[FW1] iter=10, ||W||^2: 3.84807, lin_term: 0.992085, qua_sterm: 4.68857, cost=5.68066
[FW1] iter=-1, ||W||^2: 0, lin_term: 0, qua_sterm: 0.804761, cost=0.804761
gamma: 1, mu*||W-S||^2: 0.6
[FW1] iter=0, ||W||^2: 6, lin_term: 0, qua_sterm: 1.65824, cost=1.65824
[FW1] iter=-1, ||W||^2: 0, lin_term: 0, qua_sterm: 0.804761, cost=0.804761
gamma: 1, mu*||W-S||^2: 0.6
[FW1] iter=0, ||W||^2: 6, lin_term: 0, qua_sterm: 1.65824, cost=1.65824
[FW1] iter=-1, ||W||^2: 0, lin_term: 0, qua_sterm: 0.804761, cost=0.804761
gamma: 1, mu*||W-S||^2: 0.6
[FW1] iter=0, ||W||^2: 6, lin_term: 0, qua_sterm: 1.65824, cost=1.65824
delta_square: 3.90728
[(0,4), Undefined, *, *, 0.826352) 
[(0,4), Insertion, *, -, 0.826352) 
[(1,4), Undefined, *, A, 1.54734) 
[(1,0), Insertion, A, -, 1.54734) 
[(2,0), Undefined, A, T, 2.25239) 
[(2,1), Insertion, T, -, 2.25239) 
[(3,1), Undefined, T, C, 3.44401) 
[(4,2), Undefined, C, G, 4.69338) 
[(5,3), Undefined, G, #, 5.94276) 
[FW2] iter=0, ||W||^2: 36, qua_sterm: 15.3575, cost=15.3575
delta_square: 3.0715
[(0,4), Undefined, *, *, 1.1109) 
[(0,4), Insertion, *, -, 1.1109) 
[(1,4), Undefined, *, A, 2.05288) 
[(1,0), Insertion, A, -, 2.05288) 
[(2,0), Undefined, A, T, 2.96297) 
[(2,1), Insertion, T, -, 2.96297) 
[(3,1), Undefined, T, C, 5.02601) 
[(4,2), Undefined, C, G, 7.1468) 
[(5,3), Undefined, G, #, 9.2676) 
[FW2] iter=1, ||W||^2: 24.5379, qua_sterm: 14.9847, cost=14.9847
delta_square: 2.99693
[(0,4), Undefined, *, *, 1.39715) 
[(0,4), Insertion, *, -, 1.39715) 
[(1,4), Undefined, *, A, 2.56013) 
[(1,0), Insertion, A, -, 2.56013) 
[(2,0), Undefined, A, T, 3.67526) 
[(2,1), Insertion, T, -, 3.67526) 
[(3,1), Undefined, T, G, 5.42792) 
[(4,3), Undefined, G, C, 7.18059) 
[(5,2), Undefined, C, G, 9.93865) 
[(6,3), Undefined, G, #, 12.6967) 
[FW2] iter=2, ||W||^2: 20.9367, qua_sterm: 14.9364, cost=14.9364
delta_square: 2.98727
[(0,4), Undefined, *, *, 1.68463) 
[(0,4), Insertion, *, -, 1.68463) 
[(1,4), Undefined, *, A, 3.06861) 
[(1,0), Insertion, A, -, 3.06861) 
[(2,0), Undefined, A, T, 4.38879) 
[(2,1), Insertion, T, -, 4.38879) 
[(3,1), Undefined, T, C, 8.26813) 
[(4,2), Undefined, C, G, 12.2868) 
[(5,3), Undefined, G, #, 16.3055) 
[FW2] iter=3, ||W||^2: 21.7035, qua_sterm: 14.9284, cost=14.9284
delta_square: 2.98568
[(0,4), Undefined, *, *, 1.96918) 
[(0,4), Insertion, *, -, 1.96918) 
[(1,4), Undefined, *, A, 3.57414) 
[(1,0), Insertion, A, -, 3.57414) 
[(2,0), Undefined, A, T, 5.09937) 
[(2,1), Insertion, T, -, 5.09937) 
[(3,1), Undefined, T, A, 7.9774) 
[(4,0), Undefined, A, C, 10.8554) 
[(5,2), Undefined, C, G, 15.3632) 
[(6,3), Undefined, G, #, 19.871) 
[FW2] iter=4, ||W||^2: 20.7509, qua_sterm: 14.9241, cost=14.9241
delta_square: 2.98482
[(0,4), Undefined, *, *, 2.25373) 
[(0,4), Insertion, *, -, 2.25373) 
[(1,4), Undefined, *, A, 4.07968) 
[(1,0), Insertion, A, -, 4.07968) 
[(2,0), Undefined, A, T, 5.80996) 
[(2,1), Insertion, T, -, 5.80996) 
[(3,1), Undefined, T, C, 11.5733) 
[(4,2), Undefined, C, G, 17.5118) 
[(5,3), Undefined, G, #, 23.4504) 
[FW2] iter=5, ||W||^2: 21.1983, qua_sterm: 14.9223, cost=14.9223
delta_square: 2.98445
[(0,4), Undefined, *, *, 2.53827) 
[(0,4), Insertion, *, -, 2.53827) 
[(1,4), Undefined, *, A, 4.58522) 
[(1,0), Insertion, A, -, 4.58522) 
[(2,0), Undefined, A, T, 6.52054) 
[(2,1), Insertion, T, -, 6.52054) 
[(3,1), Undefined, T, A, 10.5331) 
[(4,0), Undefined, A, C, 14.5457) 
[(5,2), Undefined, C, G, 20.7897) 
[(6,3), Undefined, G, #, 27.0337) 
[FW2] iter=6, ||W||^2: 20.895, qua_sterm: 14.9217, cost=14.9217
delta_square: 2.98435
[(0,4), Undefined, *, *, 2.82282) 
[(0,4), Insertion, *, -, 2.82282) 
[(1,4), Undefined, *, A, 5.09076) 
[(1,0), Insertion, A, -, 5.09076) 
[(2,0), Undefined, A, T, 7.23113) 
[(2,1), Insertion, T, -, 7.23113) 
[(3,1), Undefined, T, G, 11.81) 
[(4,3), Undefined, G, C, 16.3889) 
[(5,2), Undefined, C, G, 23.4991) 
[(6,3), Undefined, G, #, 30.6092) 
[FW2] iter=7, ||W||^2: 20.7994, qua_sterm: 14.9217, cost=14.9217
delta_square: 2.98434
[(0,4), Undefined, *, *, 3.10736) 
[(0,4), Insertion, *, -, 3.10736) 
[(1,4), Undefined, *, A, 5.5963) 
[(1,0), Insertion, A, -, 5.5963) 
[(2,0), Undefined, A, T, 7.94171) 
[(2,1), Insertion, T, -, 7.94171) 
[(3,1), Undefined, T, G, 13.0881) 
[(4,3), Undefined, G, C, 18.2345) 
[(5,2), Undefined, C, G, 26.2092) 
[(6,3), Undefined, G, #, 34.184) 
[FW2] iter=8, ||W||^2: 20.7994, qua_sterm: 14.9217, cost=14.9217
gamma=5.58855e-16, early stop!
[FW1] iter=-1, ||W||^2: 0, lin_term: 0, qua_sterm: 4.2961, cost=4.2961
gamma: 1, mu*||W-S||^2: 0.7
[FW1] iter=0, ||W||^2: 7, lin_term: 1.8, qua_sterm: 4.40538, cost=6.20538
gamma: 0.40774, mu*||W-S||^2: 0.8
[FW1] iter=1, ||W||^2: 5.0681, lin_term: 1.06607, qua_sterm: 5.07281, cost=6.13888
gamma: 0.204156, mu*||W-S||^2: 0.569906
[FW1] iter=2, ||W||^2: 4.53654, lin_term: 1.2159, qua_sterm: 4.9111, cost=6.127
gamma: 0.0684741, mu*||W-S||^2: 0.642622
[FW1] iter=3, ||W||^2: 4.29533, lin_term: 1.2559, qua_sterm: 4.8696, cost=6.1255
gamma: 0.0647789, mu*||W-S||^2: 0.353135
[FW1] iter=4, ||W||^2: 4.25659, lin_term: 1.17454, qua_sterm: 4.95021, cost=6.12476
gamma: 0.0010363, mu*||W-S||^2: 0.161585
[FW1] iter=5, ||W||^2: 4.25776, lin_term: 1.17519, qua_sterm: 4.94956, cost=6.12476
gamma: 0.000552235, mu*||W-S||^2: 0.309207
[FW1] iter=6, ||W||^2: 4.25757, lin_term: 1.17454, qua_sterm: 4.95021, cost=6.12476
gamma: 0.000563657, mu*||W-S||^2: 0.161432
[FW1] iter=7, ||W||^2: 4.25821, lin_term: 1.1749, qua_sterm: 4.94986, cost=6.12476
gamma: 0.000300659, mu*||W-S||^2: 0.309052
[FW1] iter=8, ||W||^2: 4.2581, lin_term: 1.17454, qua_sterm: 4.95021, cost=6.12476
gamma: 0.00030718, mu*||W-S||^2: 0.161349
[FW1] iter=9, ||W||^2: 4.25845, lin_term: 1.17473, qua_sterm: 4.95002, cost=6.12476
gamma: 0.000163938, mu*||W-S||^2: 0.308967
[FW1] iter=10, ||W||^2: 4.25839, lin_term: 1.17454, qua_sterm: 4.95021, cost=6.12476
[FW1] iter=-1, ||W||^2: 0, lin_term: 0, qua_sterm: 4.33527, cost=4.33527
gamma: 1, mu*||W-S||^2: 0.7
[FW1] iter=0, ||W||^2: 7, lin_term: 1.8, qua_sterm: 4.44674, cost=6.24674
gamma: 0.380935, mu*||W-S||^2: 0.8
[FW1] iter=1, ||W||^2: 5.11341, lin_term: 1.11432, qua_sterm: 5.07438, cost=6.1887
gamma: 0.22814, mu*||W-S||^2: 0.563715
[FW1] iter=2, ||W||^2: 4.55116, lin_term: 1.27075, qua_sterm: 4.90328, cost=6.17403
gamma: 0.113284, mu*||W-S||^2: 0.627099
[FW1] iter=3, ||W||^2: 4.19865, lin_term: 1.33071, qua_sterm: 4.8393, cost=6.17
gamma: 0.0668417, mu*||W-S||^2: 0.397062
[FW1] iter=4, ||W||^2: 4.13823, lin_term: 1.24176, qua_sterm: 4.92736, cost=6.16911
gamma: 0.0141257, mu*||W-S||^2: 0.159764
[FW1] iter=5, ||W||^2: 4.15641, lin_term: 1.24964, qua_sterm: 4.91945, cost=6.1691
gamma: 0.00594337, mu*||W-S||^2: 0.349947
[FW1] iter=6, ||W||^2: 4.15263, lin_term: 1.24222, qua_sterm: 4.92688, cost=6.16909
gamma: 0.00557772, mu*||W-S||^2: 0.157047
[FW1] iter=7, ||W||^2: 4.1598, lin_term: 1.24533, qua_sterm: 4.92376, cost=6.16909
gamma: 0.00238506, mu*||W-S||^2: 0.347462
[FW1] iter=8, ||W||^2: 4.15831, lin_term: 1.24236, qua_sterm: 4.92673, cost=6.16909
gamma: 0.00227205, mu*||W-S||^2: 0.156011
[FW1] iter=9, ||W||^2: 4.16123, lin_term: 1.24363, qua_sterm: 4.92546, cost=6.16909
gamma: 0.000977654, mu*||W-S||^2: 0.346485
[FW1] iter=10, ||W||^2: 4.16062, lin_term: 1.24241, qua_sterm: 4.92668, cost=6.16909
[FW1] iter=-1, ||W||^2: 0, lin_term: 0, qua_sterm: 0.866236, cost=0.866236
gamma: 1, mu*||W-S||^2: 0.6
[FW1] iter=0, ||W||^2: 6, lin_term: 0, qua_sterm: 1.74621, cost=1.74621
[FW1] iter=-1, ||W||^2: 0, lin_term: 0, qua_sterm: 0.866236, cost=0.866236
gamma: 1, mu*||W-S||^2: 0.6
[FW1] iter=0, ||W||^2: 6, lin_term: 0, qua_sterm: 1.74621, cost=1.74621
[FW1] iter=-1, ||W||^2: 0, lin_term: 0, qua_sterm: 0.866236, cost=0.866236
gamma: 1, mu*||W-S||^2: 0.6
[FW1] iter=0, ||W||^2: 6, lin_term: 0, qua_sterm: 1.74621, cost=1.74621
delta_square: 4.06406
[(0,4), Undefined, *, *, 0.821114) 
[(0,4), Insertion, *, -, 0.821114) 
[(1,4), Undefined, *, A, 1.52535) 
[(1,0), Insertion, A, -, 1.52535) 
[(2,0), Undefined, A, T, 2.19473) 
[(2,1), Insertion, T, -, 2.19473) 
[(3,1), Undefined, T, C, 3.47562) 
[(4,2), Undefined, C, G, 4.82794) 
[(5,3), Undefined, G, #, 6.18026) 
[FW2] iter=0, ||W||^2: 36, qua_sterm: 15.8614, cost=15.8614
delta_square: 3.17228
[(0,4), Undefined, *, *, 1.10566) 
[(0,4), Insertion, *, -, 1.10566) 
[(1,4), Undefined, *, A, 2.01414) 
[(1,0), Insertion, A, -, 2.01414) 
[(2,0), Undefined, A, T, 2.85607) 
[(2,1), Insertion, T, -, 2.85607) 
[(3,1), Undefined, T, C, 5.06404) 
[(4,2), Undefined, C, G, 7.34344) 
[(5,3), Undefined, G, #, 9.62285) 
[FW2] iter=1, ||W||^2: 25.0503, qua_sterm: 15.6252, cost=15.6252
delta_square: 3.12504
[(0,4), Undefined, *, *, 1.39021) 
[(0,4), Insertion, *, -, 1.39021) 
[(1,4), Undefined, *, A, 2.50292) 
[(1,0), Insertion, A, -, 2.50292) 
[(2,0), Undefined, A, T, 3.57452) 
[(2,1), Insertion, T, -, 3.57452) 
[(3,1), Undefined, T, C, 6.70958) 
[(4,2), Undefined, C, G, 9.96187) 
[(5,3), Undefined, G, #, 13.2142) 
[FW2] iter=2, ||W||^2: 25.7063, qua_sterm: 15.5893, cost=15.5893
delta_square: 3.11785
[(0,4), Undefined, *, *, 1.67475) 
[(0,4), Insertion, *, -, 1.67475) 
[(1,4), Undefined, *, A, 2.99171) 
[(1,0), Insertion, A, -, 2.99171) 
[(2,0), Undefined, A, T, 4.26385) 
[(2,1), Insertion, T, -, 4.26385) 
[(3,1), Undefined, T, C, 8.33873) 
[(4,2), Undefined, C, G, 12.5181) 
[(5,3), Undefined, G, #, 16.6975) 
[FW2] iter=3, ||W||^2: 25.5032, qua_sterm: 15.5866, cost=15.5866
delta_square: 3.11731
[(0,4), Undefined, *, *, 1.96026) 
[(0,4), Insertion, *, -, 1.96026) 
[(1,4), Undefined, *, A, 3.48146) 
[(1,0), Insertion, A, -, 3.48146) 
[(2,0), Undefined, A, T, 4.9508) 
[(2,1), Insertion, T, -, 4.9508) 
[(3,1), Undefined, T, C, 9.95276) 
[(4,2), Undefined, C, G, 15.0621) 
[(5,3), Undefined, G, #, 20.1715) 
[FW2] iter=4, ||W||^2: 25.4628, qua_sterm: 15.586, cost=15.586
delta_square: 3.1172
[(0,4), Undefined, *, *, 2.24503) 
[(0,4), Insertion, *, -, 2.24503) 
[(1,4), Undefined, *, A, 3.97046) 
[(1,0), Insertion, A, -, 3.97046) 
[(2,0), Undefined, A, T, 5.63507) 
[(2,1), Insertion, T, -, 5.63507) 
[(3,1), Undefined, T, G, 9.17553) 
[(4,3), Undefined, G, C, 12.716) 
[(5,2), Undefined, C, G, 18.1938) 
[(6,3), Undefined, G, #, 23.6716) 
[FW2] iter=5, ||W||^2: 23.1486, qua_sterm: 15.5715, cost=15.5715
delta_square: 3.1143
[(0,4), Undefined, *, *, 2.52957) 
[(0,4), Insertion, *, -, 2.52957) 
[(1,4), Undefined, *, A, 4.45925) 
[(1,0), Insertion, A, -, 4.45925) 
[(2,0), Undefined, A, T, 6.31585) 
[(2,1), Insertion, T, -, 6.31585) 
[(3,1), Undefined, T, G, 10.4337) 
[(4,3), Undefined, G, C, 14.5516) 
[(5,2), Undefined, C, G, 20.917) 
[(6,3), Undefined, G, #, 27.2825) 
[FW2] iter=6, ||W||^2: 22.9072, qua_sterm: 15.5713, cost=15.5713
delta_square: 3.11426
[(0,4), Undefined, *, *, 2.81412) 
[(0,4), Insertion, *, -, 2.81412) 
[(1,4), Undefined, *, A, 4.94803) 
[(1,0), Insertion, A, -, 4.94803) 
[(2,0), Undefined, A, T, 6.99625) 
[(2,1), Insertion, T, -, 6.99625) 
[(3,1), Undefined, T, C, 14.8737) 
[(4,2), Undefined, C, G, 22.889) 
[(5,3), Undefined, G, #, 30.9043) 
[FW2] iter=7, ||W||^2: 23.4055, qua_sterm: 15.5696, cost=15.5696
delta_square: 3.11393
[(0,4), Undefined, *, *, 3.09925) 
[(0,4), Insertion, *, -, 3.09925) 
[(1,4), Undefined, *, A, 5.4374) 
[(1,0), Insertion, A, -, 5.4374) 
[(2,0), Undefined, A, T, 7.67521) 
[(2,1), Insertion, T, -, 7.67521) 
[(3,1), Undefined, T, C, 16.5182) 
[(4,2), Undefined, C, G, 25.5114) 
[(5,3), Undefined, G, #, 34.5046) 
[FW2] iter=8, ||W||^2: 23.7241, qua_sterm: 15.5688, cost=15.5688
delta_square: 3.11375
[(0,4), Undefined, *, *, 3.38379) 
[(0,4), Insertion, *, -, 3.38379) 
[(1,4), Undefined, *, A, 5.92618) 
[(1,0), Insertion, A, -, 5.92618) 
[(2,0), Undefined, A, T, 8.35177) 
[(2,1), Insertion, T, -, 8.35177) 
[(3,1), Undefined, T, G, 14.2012) 
[(4,3), Undefined, G, C, 20.0507) 
[(5,2), Undefined, C, G, 29.0778) 
[(6,3), Undefined, G, #, 38.1049) 
[FW2] iter=9, ||W||^2: 23.1741, qua_sterm: 15.5679, cost=15.5679
delta_square: 3.11359
[(0,4), Undefined, *, *, 3.66834) 
[(0,4), Insertion, *, -, 3.66834) 
[(1,4), Undefined, *, A, 6.41497) 
[(1,0), Insertion, A, -, 6.41497) 
[(2,0), Undefined, A, T, 9.0277) 
[(2,1), Insertion, T, -, 9.0277) 
[(3,1), Undefined, T, G, 15.4525) 
[(4,3), Undefined, G, C, 21.8773) 
[(5,2), Undefined, C, G, 31.7879) 
[(6,3), Undefined, G, #, 41.6986) 
[FW2] iter=10, ||W||^2: 23.1741, qua_sterm: 15.5679, cost=15.5679
gamma=0, early stop!
[FW1] iter=-1, ||W||^2: 0, lin_term: 0, qua_sterm: 4.67927, cost=4.67927
gamma: 1, mu*||W-S||^2: 0.7
[FW1] iter=0, ||W||^2: 7, lin_term: 1.8, qua_sterm: 4.72698, cost=6.52698
gamma: 0.241438, mu*||W-S||^2: 0.8
[FW1] iter=1, ||W||^2: 5.53483, lin_term: 1.36541, qua_sterm: 5.13825, cost=6.50366
gamma: 0.191776, mu*||W-S||^2: 0.550059
[FW1] iter=2, ||W||^2: 4.96324, lin_term: 1.44875, qua_sterm: 5.04479, cost=6.49355
gamma: 0.00469847, mu*||W-S||^2: 0.0674983
[FW1] iter=3, ||W||^2: 4.96965, lin_term: 1.4504, qua_sterm: 5.04314, cost=6.49355
gamma: 0.00112977, mu*||W-S||^2: 0.360128
[FW1] iter=4, ||W||^2: 4.96788, lin_term: 1.4508, qua_sterm: 5.04275, cost=6.49355
gamma: 0.0014573, mu*||W-S||^2: 0.0670614
[FW1] iter=5, ||W||^2: 4.96987, lin_term: 1.45131, qua_sterm: 5.04224, cost=6.49355
gamma: 0.000351842, mu*||W-S||^2: 0.359568
[FW1] iter=6, ||W||^2: 4.96932, lin_term: 1.45143, qua_sterm: 5.04212, cost=6.49355
gamma: 0.000456225, mu*||W-S||^2: 0.0669272
[FW1] iter=7, ||W||^2: 4.96994, lin_term: 1.45159, qua_sterm: 5.04196, cost=6.49355
gamma: 0.000110287, mu*||W-S||^2: 0.359394
[FW1] iter=8, ||W||^2: 4.96976, lin_term: 1.45163, qua_sterm: 5.04192, cost=6.49355
gamma: 0.000143239, mu*||W-S||^2: 0.0668853
[FW1] iter=9, ||W||^2: 4.96996, lin_term: 1.45168, qua_sterm: 5.04187, cost=6.49355
gamma: 3.46397e-05, mu*||W-S||^2: 0.35934
[FW1] iter=10, ||W||^2: 4.96991, lin_term: 1.45169, qua_sterm: 5.04186, cost=6.49355
[FW1] iter=-1, ||W||^2: 0, lin_term: 0, qua_sterm: 4.84722, cost=4.84722
gamma: 1, mu*||W-S||^2: 0.7
[FW1] iter=0, ||W||^2: 7, lin_term: 1.8, qua_sterm: 4.88695, cost=6.68695
gamma: 0.20255, mu*||W-S||^2: 0.8
[FW1] iter=1, ||W||^2: 5.70781, lin_term: 1.43541, qua_sterm: 5.23513, cost=6.67054
gamma: 0.203594, mu*||W-S||^2: 0.551801
[FW1] iter=2, ||W||^2: 5.07618, lin_term: 1.50964, qua_sterm: 5.14947, cost=6.65911
gamma: 0.050828, mu*||W-S||^2: 0.631424
[FW1] iter=3, ||W||^2: 4.86934, lin_term: 1.5244, qua_sterm: 5.13389, cost=6.65829
gamma: 0.065945, mu*||W-S||^2: 0.0660341
[FW1] iter=4, ||W||^2: 4.96917, lin_term: 1.54257, qua_sterm: 5.11558, cost=6.65815
gamma: 0.00377909, mu*||W-S||^2: 0.537596
[FW1] iter=5, ||W||^2: 4.95661, lin_term: 1.53674, qua_sterm: 5.1214, cost=6.65814
gamma: 0.00662682, mu*||W-S||^2: 0.0583937
[FW1] iter=6, ||W||^2: 4.9663, lin_term: 1.53849, qua_sterm: 5.11966, cost=6.65814
gamma: 0.0012888, mu*||W-S||^2: 0.534921
[FW1] iter=7, ||W||^2: 4.96204, lin_term: 1.5365, qua_sterm: 5.12164, cost=6.65814
gamma: 0.00230928, mu*||W-S||^2: 0.0578905
[FW1] iter=8, ||W||^2: 4.96541, lin_term: 1.53711, qua_sterm: 5.12103, cost=6.65814
gamma: 0.000450949, mu*||W-S||^2: 0.534025
[FW1] iter=9, ||W||^2: 4.96392, lin_term: 1.53642, qua_sterm: 5.12172, cost=6.65814
gamma: 0.000813927, mu*||W-S||^2: 0.0577176
[FW1] iter=10, ||W||^2: 4.96511, lin_term: 1.53663, qua_sterm: 5.12151, cost=6.65814
[FW1] iter=-1, ||W||^2: 0, lin_term: 0, qua_sterm: 0.873598, cost=0.873598
gamma: 1, mu*||W-S||^2: 0.6
[FW1] iter=0, ||W||^2: 6, lin_term: 0, qua_sterm: 1.75668, cost=1.75668
[FW1] iter=-1, ||W||^2: 0, lin_term: 0, qua_sterm: 0.873598, cost=0.873598
gamma: 1, mu*||W-S||^2: 0.6
[FW1] iter=0, ||W||^2: 6, lin_term: 0, qua_sterm: 1.75668, cost=1.75668
[FW1] iter=-1, ||W||^2: 0, lin_term: 0, qua_sterm: 0.873598, cost=0.873598
gamma: 1, mu*||W-S||^2: 0.6
[FW1] iter=0, ||W||^2: 6, lin_term: 0, qua_sterm: 1.75668, cost=1.75668
delta_square: 4.1889
[(0,4), Undefined, *, *, 0.79317) 
[(0,4), Insertion, *, -, 0.79317) 
[(1,4), Undefined, *, A, 1.50015) 
[(1,0), Insertion, A, -, 1.50015) 
[(2,0), Undefined, A, T, 2.14934) 
[(2,1), Insertion, T, -, 2.14934) 
[(3,1), Undefined, T, C, 3.52086) 
[(4,2), Undefined, C, G, 4.95964) 
[(5,3), Undefined, G, #, 6.39842) 
[FW2] iter=0, ||W||^2: 36, qua_sterm: 16.2068, cost=16.2068
delta_square: 3.24135
[(0,4), Undefined, *, *, 1.07772) 
[(0,4), Insertion, *, -, 1.07772) 
[(1,4), Undefined, *, A, 1.99168) 
[(1,0), Insertion, A, -, 1.99168) 
[(2,0), Undefined, A, T, 2.8116) 
[(2,1), Insertion, T, -, 2.8116) 
[(3,1), Undefined, T, C, 5.15128) 
[(4,2), Undefined, C, G, 7.55822) 
[(5,3), Undefined, G, #, 9.96517) 
[FW2] iter=1, ||W||^2: 26.2458, qua_sterm: 16.0655, cost=16.0655
delta_square: 3.21309
[(0,4), Undefined, *, *, 1.36226) 
[(0,4), Insertion, *, -, 1.36226) 
[(1,4), Undefined, *, A, 2.48321) 
[(1,0), Insertion, A, -, 2.48321) 
[(2,0), Undefined, A, T, 3.54217) 
[(2,1), Insertion, T, -, 3.54217) 
[(3,1), Undefined, T, C, 6.85002) 
[(4,2), Undefined, C, G, 10.2856) 
[(5,3), Undefined, G, #, 13.7212) 
[FW2] iter=2, ||W||^2: 26.2507, qua_sterm: 16.0162, cost=16.0162
delta_square: 3.20324
[(0,4), Undefined, *, *, 1.64681) 
[(0,4), Insertion, *, -, 1.64681) 
[(1,4), Undefined, *, A, 2.97474) 
[(1,0), Insertion, A, -, 2.97474) 
[(2,0), Undefined, A, T, 4.22599) 
[(2,1), Insertion, T, -, 4.22599) 
[(3,1), Undefined, T, C, 8.55253) 
[(4,2), Undefined, C, G, 12.97) 
[(5,3), Undefined, G, #, 17.3875) 
[FW2] iter=3, ||W||^2: 27.7193, qua_sterm: 15.998, cost=15.998
delta_square: 3.19961
[(0,4), Undefined, *, *, 1.93135) 
[(0,4), Insertion, *, -, 1.93135) 
[(1,4), Undefined, *, A, 3.46627) 
[(1,0), Insertion, A, -, 3.46627) 
[(2,0), Undefined, A, T, 4.89406) 
[(2,1), Insertion, T, -, 4.89406) 
[(3,1), Undefined, T, C, 10.1888) 
[(4,2), Undefined, C, G, 15.5744) 
[(5,3), Undefined, G, #, 20.96) 
[FW2] iter=4, ||W||^2: 27.4508, qua_sterm: 15.9977, cost=15.9977
delta_square: 3.19954
[(0,4), Undefined, *, *, 2.2159) 
[(0,4), Insertion, *, -, 2.2159) 
[(1,4), Undefined, *, A, 3.9578) 
[(1,0), Insertion, A, -, 3.9578) 
[(2,0), Undefined, A, T, 5.56116) 
[(2,1), Insertion, T, -, 5.56116) 
[(3,1), Undefined, T, C, 11.8249) 
[(4,2), Undefined, C, G, 18.1829) 
[(5,3), Undefined, G, #, 24.5409) 
[FW2] iter=5, ||W||^2: 27.4871, qua_sterm: 15.9975, cost=15.9975
delta_square: 3.1995
[(0,4), Undefined, *, *, 2.50044) 
[(0,4), Insertion, *, -, 2.50044) 
[(1,4), Undefined, *, A, 4.44932) 
[(1,0), Insertion, A, -, 4.44932) 
[(2,0), Undefined, A, T, 6.22696) 
[(2,1), Insertion, T, -, 6.22696) 
[(3,1), Undefined, T, C, 13.4611) 
[(4,2), Undefined, C, G, 20.7898) 
[(5,3), Undefined, G, #, 28.1184) 
[FW2] iter=6, ||W||^2: 27.6398, qua_sterm: 15.9972, cost=15.9972
delta_square: 3.19944
[(0,4), Undefined, *, *, 2.78499) 
[(0,4), Insertion, *, -, 2.78499) 
[(1,4), Undefined, *, A, 4.94085) 
[(1,0), Insertion, A, -, 4.94085) 
[(2,0), Undefined, A, T, 6.89108) 
[(2,1), Insertion, T, -, 6.89108) 
[(3,1), Undefined, T, C, 15.0955) 
[(4,2), Undefined, C, G, 23.3928) 
[(5,3), Undefined, G, #, 31.6901) 
[FW2] iter=7, ||W||^2: 27.5922, qua_sterm: 15.9971, cost=15.9971
delta_square: 3.19942
[(0,4), Undefined, *, *, 3.06953) 
[(0,4), Insertion, *, -, 3.06953) 
[(1,4), Undefined, *, A, 5.43238) 
[(1,0), Insertion, A, -, 5.43238) 
[(2,0), Undefined, A, T, 7.55475) 
[(2,1), Insertion, T, -, 7.55475) 
[(3,1), Undefined, T, C, 16.7286) 
[(4,2), Undefined, C, G, 25.9957) 
[(5,3), Undefined, G, #, 35.2629) 
[FW2] iter=8, ||W||^2: 27.5995, qua_sterm: 15.997, cost=15.997
delta_square: 3.1994
[(0,4), Undefined, *, *, 3.35408) 
[(0,4), Insertion, *, -, 3.35408) 
[(1,4), Undefined, *, A, 5.92391) 
[(1,0), Insertion, A, -, 5.92391) 
[(2,0), Undefined, A, T, 8.21785) 
[(2,1), Insertion, T, -, 8.21785) 
[(3,1), Undefined, T, C, 18.3616) 
[(4,2), Undefined, C, G, 28.5978) 
[(5,3), Undefined, G, #, 38.834) 
[FW2] iter=9, ||W||^2: 27.5403, qua_sterm: 15.997, cost=15.997
delta_square: 3.19939
[(0,4), Undefined, *, *, 3.63862) 
[(0,4), Insertion, *, -, 3.63862) 
[(1,4), Undefined, *, A, 6.41544) 
[(1,0), Insertion, A, -, 6.41544) 
[(2,0), Undefined, A, T, 8.88214) 
[(2,1), Insertion, T, -, 8.88214) 
[(3,1), Undefined, T, C, 19.9952) 
[(4,2), Undefined, C, G, 31.2014) 
[(5,3), Undefined, G, #, 42.4076) 
[FW2] iter=10, ||W||^2: 27.6161, qua_sterm: 15.9969, cost=15.9969
[FW1] iter=-1, ||W||^2: 0, lin_term: 0, qua_sterm: 5.20918, cost=5.20918
gamma: 1, mu*||W-S||^2: 0.7
[FW1] iter=0, ||W||^2: 7, lin_term: 1.8, qua_sterm: 5.16661, cost=6.96661
gamma: 0.15154, mu*||W-S||^2: 0.6
[FW1] iter=1, ||W||^2: 6.22855, lin_term: 1.8, qua_sterm: 5.15972, cost=6.95972
gamma=0, early stop!
[FW1] iter=-1, ||W||^2: 0, lin_term: 0, qua_sterm: 5.26221, cost=5.26221
gamma: 1, mu*||W-S||^2: 0.7
[FW1] iter=0, ||W||^2: 7, lin_term: 1.8, qua_sterm: 5.21385, cost=7.01385
gamma: 0.159474, mu*||W-S||^2: 0.6
[FW1] iter=1, ||W||^2: 6.19575, lin_term: 1.8, qua_sterm: 5.20622, cost=7.00622
gamma=1.12547e-14, early stop!
[FW1] iter=-1, ||W||^2: 0, lin_term: 0, qua_sterm: 0.821948, cost=0.821948
gamma: 1, mu*||W-S||^2: 0.6
[FW1] iter=0, ||W||^2: 6, lin_term: 0, qua_sterm: 1.68293, cost=1.68293
[FW1] iter=-1, ||W||^2: 0, lin_term: 0, qua_sterm: 0.821948, cost=0.821948
gamma: 1, mu*||W-S||^2: 0.6
[FW1] iter=0, ||W||^2: 6, lin_term: 0, qua_sterm: 1.68293, cost=1.68293
[FW1] iter=-1, ||W||^2: 0, lin_term: 0, qua_sterm: 0.821948, cost=0.821948
gamma: 1, mu*||W-S||^2: 0.6
[FW1] iter=0, ||W||^2: 6, lin_term: 0, qua_sterm: 1.68293, cost=1.68293
delta_square: 4.23939
[(0,4), Undefined, *, *, 0.784545) 
[(1,4), Undefined, *, A, 1.49517) 
[(1,0), Insertion, A, -, 1.49517) 
[(2,0), Undefined, A, T, 2.13793) 
[(2,1), Insertion, T, -, 2.13793) 
[(3,1), Undefined, T, C, 3.58853) 
[(4,2), Undefined, C, G, 5.09001) 
[(5,3), Undefined, G, #, 6.59149) 
[FW2] iter=0, ||W||^2: 34, qua_sterm: 16.1076, cost=16.1076
delta_square: 3.22151
[(0,4), Undefined, *, *, 1.06909) 
[(1,4), Undefined, *, A, 1.99034) 
[(1,0), Insertion, A, -, 1.99034) 
[(2,0), Undefined, A, T, 2.80383) 
[(2,1), Insertion, T, -, 2.80383) 
[(3,1), Undefined, T, C, 5.24468) 
[(4,2), Undefined, C, G, 7.74765) 
[(5,3), Undefined, G, #, 10.2506) 
[FW2] iter=1, ||W||^2: 29.5148, qua_sterm: 16.0621, cost=16.0621
delta_square: 3.21242
[(0,4), Undefined, *, *, 1.35364) 
[(1,4), Undefined, *, A, 2.4855) 
[(1,0), Insertion, A, -, 2.4855) 
[(2,0), Undefined, A, T, 3.5092) 
[(2,1), Insertion, T, -, 3.5092) 
[(3,1), Undefined, T, C, 6.96808) 
[(4,2), Undefined, C, G, 10.4725) 
[(5,3), Undefined, G, #, 13.977) 
[FW2] iter=2, ||W||^2: 30.5989, qua_sterm: 16.0351, cost=16.0351
delta_square: 3.20702
[(0,4), Undefined, *, *, 1.63818) 
[(1,4), Undefined, *, A, 2.98067) 
[(1,0), Insertion, A, -, 2.98067) 
[(2,0), Undefined, A, T, 4.17938) 
[(2,1), Insertion, T, -, 4.17938) 
[(3,1), Undefined, T, C, 8.62853) 
[(4,2), Undefined, C, G, 13.1345) 
[(5,3), Undefined, G, #, 17.6404) 
[FW2] iter=3, ||W||^2: 30.0173, qua_sterm: 16.0338, cost=16.0338
delta_square: 3.20676
[(0,4), Undefined, *, *, 1.92273) 
[(1,4), Undefined, *, A, 3.47584) 
[(1,0), Insertion, A, -, 3.47584) 
[(2,0), Undefined, A, T, 4.85095) 
[(2,1), Insertion, T, -, 4.85095) 
[(3,1), Undefined, T, C, 10.2924) 
[(4,2), Undefined, C, G, 15.7998) 
[(5,3), Undefined, G, #, 21.3072) 
[FW2] iter=4, ||W||^2: 30.0224, qua_sterm: 16.0337, cost=16.0337
delta_square: 3.20673
[(0,4), Undefined, *, *, 2.20727) 
[(1,4), Undefined, *, A, 3.97101) 
[(1,0), Insertion, A, -, 3.97101) 
[(2,0), Undefined, A, T, 5.52064) 
[(2,1), Insertion, T, -, 5.52064) 
[(3,1), Undefined, T, C, 11.9525) 
[(4,2), Undefined, C, G, 18.4614) 
[(5,3), Undefined, G, #, 24.9703) 
[FW2] iter=5, ||W||^2: 29.9872, qua_sterm: 16.0336, cost=16.0336
delta_square: 3.20672
[(0,4), Undefined, *, *, 2.49182) 
[(1,4), Undefined, *, A, 4.46617) 
[(1,0), Insertion, A, -, 4.46617) 
[(2,0), Undefined, A, T, 6.1896) 
[(2,1), Insertion, T, -, 6.1896) 
[(3,1), Undefined, T, C, 13.6132) 
[(4,2), Undefined, C, G, 21.1236) 
[(5,3), Undefined, G, #, 28.6339) 
[FW2] iter=6, ||W||^2: 29.9898, qua_sterm: 16.0336, cost=16.0336
delta_square: 3.20671
[(0,4), Undefined, *, *, 2.77636) 
[(1,4), Undefined, *, A, 4.96134) 
[(1,0), Insertion, A, -, 4.96134) 
[(2,0), Undefined, A, T, 6.85759) 
[(2,1), Insertion, T, -, 6.85759) 
[(3,1), Undefined, T, C, 15.2745) 
[(4,2), Undefined, C, G, 23.7863) 
[(5,3), Undefined, G, #, 32.2982) 
[FW2] iter=7, ||W||^2: 30.1024, qua_sterm: 16.0335, cost=16.0335
delta_square: 3.2067
[(0,4), Undefined, *, *, 3.06091) 
[(1,4), Undefined, *, A, 5.45651) 
[(1,0), Insertion, A, -, 5.45651) 
[(2,0), Undefined, A, T, 7.52454) 
[(2,1), Insertion, T, -, 7.52454) 
[(3,1), Undefined, T, C, 16.9325) 
[(4,2), Undefined, C, G, 26.4458) 
[(5,3), Undefined, G, #, 35.9591) 
[FW2] iter=8, ||W||^2: 30.0641, qua_sterm: 16.0335, cost=16.0335
delta_square: 3.2067
[(0,4), Undefined, *, *, 3.34545) 
[(1,4), Undefined, *, A, 5.95168) 
[(1,0), Insertion, A, -, 5.95168) 
[(2,0), Undefined, A, T, 8.19139) 
[(2,1), Insertion, T, -, 8.19139) 
[(3,1), Undefined, T, C, 18.5903) 
[(4,2), Undefined, C, G, 29.1051) 
[(5,3), Undefined, G, #, 39.6199) 
[FW2] iter=9, ||W||^2: 30.0549, qua_sterm: 16.0335, cost=16.0335
delta_square: 3.20669
[(0,4), Undefined, *, *, 3.63) 
[(1,4), Undefined, *, A, 6.44684) 
[(1,0), Insertion, A, -, 6.44684) 
[(2,0), Undefined, A, T, 8.85841) 
[(2,1), Insertion, T, -, 8.85841) 
[(3,1), Undefined, T, C, 20.2481) 
[(4,2), Undefined, C, G, 31.7644) 
[(5,3), Undefined, G, #, 43.2807) 
[FW2] iter=10, ||W||^2: 30.0553, qua_sterm: 16.0335, cost=16.0335
[FW1] iter=-1, ||W||^2: 0, lin_term: 0, qua_sterm: 5.45971, cost=5.45971
gamma: 1, mu*||W-S||^2: 0.7
[FW1] iter=0, ||W||^2: 7, lin_term: 1.8, qua_sterm: 5.33383, cost=7.13383
gamma: 0.0429171, mu*||W-S||^2: 0.6
[FW1] iter=1, ||W||^2: 6.75355, lin_term: 1.8, qua_sterm: 5.33328, cost=7.13328
gamma=2.74698e-14, early stop!
[FW1] iter=-1, ||W||^2: 0, lin_term: 0, qua_sterm: 5.45998, cost=5.45998
gamma: 1, mu*||W-S||^2: 0.7
[FW1] iter=0, ||W||^2: 7, lin_term: 1.8, qua_sterm: 5.33588, cost=7.13588
gamma: 0.054416, mu*||W-S||^2: 0.6
[FW1] iter=1, ||W||^2: 6.69127, lin_term: 1.8, qua_sterm: 5.33499, cost=7.13499
gamma=0, early stop!
[FW1] iter=-1, ||W||^2: 0, lin_term: 0, qua_sterm: 0.821948, cost=0.821948
gamma: 1, mu*||W-S||^2: 0.6
[FW1] iter=0, ||W||^2: 6, lin_term: 0, qua_sterm: 1.68293, cost=1.68293
[FW1] iter=-1, ||W||^2: 0, lin_term: 0, qua_sterm: 0.821948, cost=0.821948
gamma: 1, mu*||W-S||^2: 0.6
[FW1] iter=0, ||W||^2: 6, lin_term: 0, qua_sterm: 1.68293, cost=1.68293
[FW1] iter=-1, ||W||^2: 0, lin_term: 0, qua_sterm: 0.821948, cost=0.821948
gamma: 1, mu*||W-S||^2: 0.6
[FW1] iter=0, ||W||^2: 6, lin_term: 0, qua_sterm: 1.68293, cost=1.68293
delta_square: 4.20819
[(0,4), Undefined, *, *, 0.784545) 
[(1,4), Undefined, *, A, 1.49751) 
[(1,0), Insertion, A, -, 1.49751) 
[(2,0), Undefined, A, T, 2.14155) 
[(2,1), Insertion, T, -, 2.14155) 
[(3,1), Undefined, T, C, 3.64681) 
[(4,2), Undefined, C, G, 5.1806) 
[(5,3), Undefined, G, #, 6.7144) 
[FW2] iter=0, ||W||^2: 34, qua_sterm: 15.7807, cost=15.7807
delta_square: 3.15613
[(0,4), Undefined, *, *, 1.06909) 
[(1,4), Undefined, *, A, 1.99501) 
[(1,0), Insertion, A, -, 1.99501) 
[(2,0), Undefined, A, T, 2.80979) 
[(2,1), Insertion, T, -, 2.80979) 
[(3,1), Undefined, T, C, 5.3203) 
[(4,2), Undefined, C, G, 7.88789) 
[(5,3), Undefined, G, #, 10.4555) 
[FW2] iter=1, ||W||^2: 31.0668, qua_sterm: 15.7339, cost=15.7339
delta_square: 3.14678
[(0,4), Undefined, *, *, 1.35364) 
[(1,4), Undefined, *, A, 2.49252) 
[(1,0), Insertion, A, -, 2.49252) 
[(2,0), Undefined, A, T, 3.54805) 
[(2,1), Insertion, T, -, 3.54805) 
[(3,1), Undefined, T, C, 7.06382) 
[(4,2), Undefined, C, G, 10.6652) 
[(5,3), Undefined, G, #, 14.2666) 
[FW2] iter=2, ||W||^2: 31.5093, qua_sterm: 15.7094, cost=15.7094
delta_square: 3.14188
[(0,4), Undefined, *, *, 1.63818) 
[(1,4), Undefined, *, A, 2.99002) 
[(1,0), Insertion, A, -, 2.99002) 
[(2,0), Undefined, A, T, 4.22192) 
[(2,1), Insertion, T, -, 4.22192) 
[(3,1), Undefined, T, C, 8.74294) 
[(4,2), Undefined, C, G, 13.3781) 
[(5,3), Undefined, G, #, 18.0133) 
[FW2] iter=3, ||W||^2: 31.4933, qua_sterm: 15.7093, cost=15.7093
delta_square: 3.14186
[(0,4), Undefined, *, *, 1.92273) 
[(1,4), Undefined, *, A, 3.48753) 
[(1,0), Insertion, A, -, 3.48753) 
[(2,0), Undefined, A, T, 4.89543) 
[(2,1), Insertion, T, -, 4.89543) 
[(3,1), Undefined, T, C, 10.4217) 
[(4,2), Undefined, C, G, 16.0907) 
[(5,3), Undefined, G, #, 21.7597) 
[FW2] iter=4, ||W||^2: 31.4606, qua_sterm: 15.7093, cost=15.7093
delta_square: 3.14186
[(0,4), Undefined, *, *, 2.20727) 
[(1,4), Undefined, *, A, 3.98503) 
[(1,0), Insertion, A, -, 3.98503) 
[(2,0), Undefined, A, T, 5.56963) 
[(2,1), Insertion, T, -, 5.56963) 
[(3,1), Undefined, T, C, 12.1012) 
[(4,2), Undefined, C, G, 18.8039) 
[(5,3), Undefined, G, #, 25.5067) 
[FW2] iter=5, ||W||^2: 31.5017, qua_sterm: 15.7092, cost=15.7092
delta_square: 3.14185
[(0,4), Undefined, *, *, 2.49182) 
[(1,4), Undefined, *, A, 4.48254) 
[(1,0), Insertion, A, -, 4.48254) 
[(2,0), Undefined, A, T, 6.24147) 
[(2,1), Insertion, T, -, 6.24147) 
[(3,1), Undefined, T, C, 13.7783) 
[(4,2), Undefined, C, G, 21.5148) 
[(5,3), Undefined, G, #, 29.2514) 
[FW2] iter=6, ||W||^2: 31.4937, qua_sterm: 15.7092, cost=15.7092
delta_square: 3.14185
[(0,4), Undefined, *, *, 2.77636) 
[(1,4), Undefined, *, A, 4.98004) 
[(1,0), Insertion, A, -, 4.98004) 
[(2,0), Undefined, A, T, 6.91354) 
[(2,1), Insertion, T, -, 6.91354) 
[(3,1), Undefined, T, C, 15.4556) 
[(4,2), Undefined, C, G, 24.2259) 
[(5,3), Undefined, G, #, 32.9963) 
[FW2] iter=7, ||W||^2: 31.5001, qua_sterm: 15.7092, cost=15.7092
delta_square: 3.14184
[(0,4), Undefined, *, *, 3.06091) 
[(1,4), Undefined, *, A, 5.47755) 
[(1,0), Insertion, A, -, 5.47755) 
[(2,0), Undefined, A, T, 7.58534) 
[(2,1), Insertion, T, -, 7.58534) 
[(3,1), Undefined, T, C, 17.1326) 
[(4,2), Undefined, C, G, 26.9368) 
[(5,3), Undefined, G, #, 36.741) 
[FW2] iter=8, ||W||^2: 31.5219, qua_sterm: 15.7092, cost=15.7092
delta_square: 3.14184
[(0,4), Undefined, *, *, 3.34545) 
[(1,4), Undefined, *, A, 5.97505) 
[(1,0), Insertion, A, -, 5.97505) 
[(2,0), Undefined, A, T, 8.25624) 
[(2,1), Insertion, T, -, 8.25624) 
[(3,1), Undefined, T, C, 18.8088) 
[(4,2), Undefined, C, G, 29.6467) 
[(5,3), Undefined, G, #, 40.4847) 
[FW2] iter=9, ||W||^2: 31.5164, qua_sterm: 15.7092, cost=15.7092
delta_square: 3.14184
[(0,4), Undefined, *, *, 3.63) 
[(1,4), Undefined, *, A, 6.47256) 
[(1,0), Insertion, A, -, 6.47256) 
[(2,0), Undefined, A, T, 8.92704) 
[(2,1), Insertion, T, -, 8.92704) 
[(3,1), Undefined, T, C, 20.4848) 
[(4,2), Undefined, C, G, 32.3566) 
[(5,3), Undefined, G, #, 44.2284) 
[FW2] iter=10, ||W||^2: 31.514, qua_sterm: 15.7092, cost=15.7092
[FW1] iter=-1, ||W||^2: 0, lin_term: 0, qua_sterm: 5.49283, cost=5.49283
gamma: 1, mu*||W-S||^2: 0.7
[FW1] iter=0, ||W||^2: 7, lin_term: 1.8, qua_sterm: 5.32875, cost=7.12875
[FW1] iter=-1, ||W||^2: 0, lin_term: 0, qua_sterm: 5.49061, cost=5.49061
gamma: 1, mu*||W-S||^2: 0.7
[FW1] iter=0, ||W||^2: 7, lin_term: 1.8, qua_sterm: 5.33117, cost=7.13117
[FW1] iter=-1, ||W||^2: 0, lin_term: 0, qua_sterm: 0.821948, cost=0.821948
gamma: 1, mu*||W-S||^2: 0.6
[FW1] iter=0, ||W||^2: 6, lin_term: 0, qua_sterm: 1.68293, cost=1.68293
[FW1] iter=-1, ||W||^2: 0, lin_term: 0, qua_sterm: 0.821948, cost=0.821948
gamma: 1, mu*||W-S||^2: 0.6
[FW1] iter=0, ||W||^2: 6, lin_term: 0, qua_sterm: 1.68293, cost=1.68293
[FW1] iter=-1, ||W||^2: 0, lin_term: 0, qua_sterm: 0.821948, cost=0.821948
gamma: 1, mu*||W-S||^2: 0.6
[FW1] iter=0, ||W||^2: 6, lin_term: 0, qua_sterm: 1.68293, cost=1.68293
delta_square: 4.22208
[(0,4), Undefined, *, *, 0.784545) 
[(1,4), Undefined, *, A, 1.49751) 
[(1,0), Insertion, A, -, 1.49751) 
[(2,0), Undefined, A, T, 2.1618) 
[(2,1), Insertion, T, -, 2.1618) 
[(3,1), Undefined, T, C, 3.69317) 
[(4,2), Undefined, C, G, 5.22697) 
[(5,3), Undefined, G, #, 6.76077) 
[FW2] iter=0, ||W||^2: 34, qua_sterm: 15.8031, cost=15.8031
delta_square: 3.16061
[(0,4), Undefined, *, *, 1.06909) 
[(1,4), Undefined, *, A, 1.99501) 
[(1,0), Insertion, A, -, 1.99501) 
[(2,0), Undefined, A, T, 2.83004) 
[(2,1), Insertion, T, -, 2.83004) 
[(3,1), Undefined, T, C, 5.39278) 
[(4,2), Undefined, C, G, 7.96037) 
[(5,3), Undefined, G, #, 10.528) 
[FW2] iter=1, ||W||^2: 31.0012, qua_sterm: 15.7531, cost=15.7531
delta_square: 3.15062
[(0,4), Undefined, *, *, 1.35364) 
[(1,4), Undefined, *, A, 2.49252) 
[(1,0), Insertion, A, -, 2.49252) 
[(2,0), Undefined, A, T, 3.59178) 
[(2,1), Insertion, T, -, 3.59178) 
[(3,1), Undefined, T, C, 7.18589) 
[(4,2), Undefined, C, G, 10.7873) 
[(5,3), Undefined, G, #, 14.3887) 
[FW2] iter=2, ||W||^2: 31.8745, qua_sterm: 15.7094, cost=15.7094
delta_square: 3.14188
[(0,4), Undefined, *, *, 1.63818) 
[(1,4), Undefined, *, A, 2.99002) 
[(1,0), Insertion, A, -, 2.99002) 
[(2,0), Undefined, A, T, 4.26285) 
[(2,1), Insertion, T, -, 4.26285) 
[(3,1), Undefined, T, C, 8.88833) 
[(4,2), Undefined, C, G, 13.5235) 
[(5,3), Undefined, G, #, 18.1587) 
[FW2] iter=3, ||W||^2: 31.8482, qua_sterm: 15.7094, cost=15.7094
delta_square: 3.14188
[(0,4), Undefined, *, *, 1.92273) 
[(1,4), Undefined, *, A, 3.48753) 
[(1,0), Insertion, A, -, 3.48753) 
[(2,0), Undefined, A, T, 4.93388) 
[(2,1), Insertion, T, -, 4.93388) 
[(3,1), Undefined, T, C, 10.5907) 
[(4,2), Undefined, C, G, 16.2597) 
[(5,3), Undefined, G, #, 21.9287) 
[FW2] iter=4, ||W||^2: 31.8352, qua_sterm: 15.7094, cost=15.7094
delta_square: 3.14187
[(0,4), Undefined, *, *, 2.20727) 
[(1,4), Undefined, *, A, 3.98503) 
[(1,0), Insertion, A, -, 3.98503) 
[(2,0), Undefined, A, T, 5.60488) 
[(2,1), Insertion, T, -, 5.60488) 
[(3,1), Undefined, T, C, 12.2931) 
[(4,2), Undefined, C, G, 18.9959) 
[(5,3), Undefined, G, #, 25.6986) 
[FW2] iter=5, ||W||^2: 31.8214, qua_sterm: 15.7094, cost=15.7094
delta_square: 3.14187
[(0,4), Undefined, *, *, 2.49182) 
[(1,4), Undefined, *, A, 4.48254) 
[(1,0), Insertion, A, -, 4.48254) 
[(2,0), Undefined, A, T, 6.27604) 
[(2,1), Insertion, T, -, 6.27604) 
[(3,1), Undefined, T, C, 13.9956) 
[(4,2), Undefined, C, G, 21.7322) 
[(5,3), Undefined, G, #, 29.4688) 
[FW2] iter=6, ||W||^2: 31.8589, qua_sterm: 15.7093, cost=15.7093
delta_square: 3.14187
[(0,4), Undefined, *, *, 2.77636) 
[(1,4), Undefined, *, A, 4.98004) 
[(1,0), Insertion, A, -, 4.98004) 
[(2,0), Undefined, A, T, 6.94633) 
[(2,1), Insertion, T, -, 6.94633) 
[(3,1), Undefined, T, C, 15.6973) 
[(4,2), Undefined, C, G, 24.4677) 
[(5,3), Undefined, G, #, 33.238) 
[FW2] iter=7, ||W||^2: 31.8467, qua_sterm: 15.7093, cost=15.7093
delta_square: 3.14187
[(0,4), Undefined, *, *, 3.06091) 
[(1,4), Undefined, *, A, 5.47755) 
[(1,0), Insertion, A, -, 5.47755) 
[(2,0), Undefined, A, T, 7.6166) 
[(2,1), Insertion, T, -, 7.6166) 
[(3,1), Undefined, T, C, 17.3989) 
[(4,2), Undefined, C, G, 27.2031) 
[(5,3), Undefined, G, #, 37.0073) 
[FW2] iter=8, ||W||^2: 31.8363, qua_sterm: 15.7093, cost=15.7093
delta_square: 3.14187
[(0,4), Undefined, *, *, 3.34545) 
[(1,4), Undefined, *, A, 5.97505) 
[(1,0), Insertion, A, -, 5.97505) 
[(2,0), Undefined, A, T, 8.28694) 
[(2,1), Insertion, T, -, 8.28694) 
[(3,1), Undefined, T, C, 19.1006) 
[(4,2), Undefined, C, G, 29.9386) 
[(5,3), Undefined, G, #, 40.7766) 
[FW2] iter=9, ||W||^2: 31.8549, qua_sterm: 15.7093, cost=15.7093
delta_square: 3.14187
[(0,4), Undefined, *, *, 3.63) 
[(1,4), Undefined, *, A, 6.47256) 
[(1,0), Insertion, A, -, 6.47256) 
[(2,0), Undefined, A, T, 8.95691) 
[(2,1), Insertion, T, -, 8.95691) 
[(3,1), Undefined, T, C, 20.802) 
[(4,2), Undefined, C, G, 32.6737) 
[(5,3), Undefined, G, #, 44.5455) 
[FW2] iter=10, ||W||^2: 31.8475, qua_sterm: 15.7093, cost=15.7093
[FW1] iter=-1, ||W||^2: 0, lin_term: 0, qua_sterm: 5.50252, cost=5.50252
gamma: 1, mu*||W-S||^2: 0.7
[FW1] iter=0, ||W||^2: 7, lin_term: 1.8, qua_sterm: 5.32841, cost=7.12841
[FW1] iter=-1, ||W||^2: 0, lin_term: 0, qua_sterm: 5.50165, cost=5.50165
gamma: 1, mu*||W-S||^2: 0.7
[FW1] iter=0, ||W||^2: 7, lin_term: 1.8, qua_sterm: 5.33085, cost=7.13085
[FW1] iter=-1, ||W||^2: 0, lin_term: 0, qua_sterm: 0.821948, cost=0.821948
gamma: 1, mu*||W-S||^2: 0.6
[FW1] iter=0, ||W||^2: 6, lin_term: 0, qua_sterm: 1.68293, cost=1.68293
[FW1] iter=-1, ||W||^2: 0, lin_term: 0, qua_sterm: 0.821948, cost=0.821948
gamma: 1, mu*||W-S||^2: 0.6
[FW1] iter=0, ||W||^2: 6, lin_term: 0, qua_sterm: 1.68293, cost=1.68293
[FW1] iter=-1, ||W||^2: 0, lin_term: 0, qua_sterm: 0.821948, cost=0.821948
gamma: 1, mu*||W-S||^2: 0.6
[FW1] iter=0, ||W||^2: 6, lin_term: 0, qua_sterm: 1.68293, cost=1.68293
delta_square: 4.22737
[(0,4), Undefined, *, *, 0.784545) 
[(1,4), Undefined, *, A, 1.49751) 
[(2,0), Undefined, A, T, 2.18138) 
[(2,1), Insertion, T, -, 2.18138) 
[(3,1), Undefined, T, C, 3.71762) 
[(4,2), Undefined, C, G, 5.25142) 
[(5,3), Undefined, G, #, 6.78521) 
[FW2] iter=0, ||W||^2: 32, qua_sterm: 15.7067, cost=15.7067
delta_square: 3.14135
[(0,4), Undefined, *, *, 1.06909) 
[(1,4), Undefined, *, A, 1.99501) 
[(2,0), Undefined, A, T, 2.86277) 
[(2,1), Insertion, T, -, 2.86277) 
[(3,1), Undefined, T, C, 5.43524) 
[(4,2), Undefined, C, G, 8.00283) 
[(5,3), Undefined, G, #, 10.5704) 
small denominator: 0
[FW1] iter=-1, ||W||^2: 0, lin_term: 0, qua_sterm: 5.5033, cost=5.5033
gamma: 1, mu*||W-S||^2: 0.7
[FW1] iter=0, ||W||^2: 7, lin_term: 1.8, qua_sterm: 5.32813, cost=7.12813
[FW1] iter=-1, ||W||^2: 0, lin_term: 0, qua_sterm: 5.5041, cost=5.5041
gamma: 1, mu*||W-S||^2: 0.7
[FW1] iter=0, ||W||^2: 7, lin_term: 1.8, qua_sterm: 5.33039, cost=7.13039
[FW1] iter=-1, ||W||^2: 0, lin_term: 0, qua_sterm: 0.821948, cost=0.821948
gamma: 1, mu*||W-S||^2: 0.6
[FW1] iter=0, ||W||^2: 6, lin_term: 0, qua_sterm: 1.68293, cost=1.68293
[FW1] iter=-1, ||W||^2: 0, lin_term: 0, qua_sterm: 0.821948, cost=0.821948
gamma: 1, mu*||W-S||^2: 0.6
[FW1] iter=0, ||W||^2: 6, lin_term: 0, qua_sterm: 1.68293, cost=1.68293
[FW1] iter=-1, ||W||^2: 0, lin_term: 0, qua_sterm: 0.821948, cost=0.821948
gamma: 1, mu*||W-S||^2: 0.6
[FW1] iter=0, ||W||^2: 6, lin_term: 0, qua_sterm: 1.68293, cost=1.68293
delta_square: 4.22828
[(0,4), Undefined, *, *, 0.784545) 
[(1,4), Undefined, *, A, 1.49751) 
[(2,0), Undefined, A, T, 2.18535) 
[(2,1), Insertion, T, -, 2.18535) 
[(3,1), Undefined, T, C, 3.72159) 
[(4,2), Undefined, C, G, 5.25538) 
[(5,3), Undefined, G, #, 6.78918) 
[FW2] iter=0, ||W||^2: 32, qua_sterm: 15.7073, cost=15.7073
delta_square: 3.14147
[(0,4), Undefined, *, *, 1.06909) 
[(1,4), Undefined, *, A, 1.99501) 
[(2,0), Undefined, A, T, 2.8707) 
[(2,1), Insertion, T, -, 2.8707) 
[(3,1), Undefined, T, C, 5.44317) 
[(4,2), Undefined, C, G, 8.01077) 
[(5,3), Undefined, G, #, 10.5784) 
small denominator: 0
W_1: 
(i=0, j=0, d=4, m=11): 1
(i=1, j=1, d=4, m=7): 1
(i=2, j=2, d=0, m=8): 1
(i=3, j=2, d=1, m=0): 1
(i=4, j=3, d=1, m=9): 1
(i=5, j=4, d=2, m=10): 1
(i=6, j=5, d=3, m=12): 1
(i=0, j=0, d=4, m=11): 1
(i=1, j=1, d=4, m=7): 1
(i=2, j=2, d=0, m=8): 1
(i=3, j=2, d=1, m=0): 1
(i=4, j=3, d=1, m=9): 1
(i=5, j=4, d=2, m=10): 1
(i=6, j=5, d=3, m=12): 1
(i=0, j=0, d=4, m=11): 1
(i=1, j=1, d=4, m=7): 1
(i=2, j=2, d=0, m=8): 1
(i=3, j=3, d=1, m=9): 1
(i=4, j=4, d=2, m=10): 1
(i=5, j=5, d=3, m=12): 1
(i=0, j=0, d=4, m=11): 1
(i=1, j=1, d=4, m=7): 1
(i=2, j=2, d=0, m=8): 1
(i=3, j=3, d=1, m=9): 1
(i=4, j=4, d=2, m=10): 1
(i=5, j=5, d=3, m=12): 1
(i=0, j=0, d=4, m=11): 1
(i=1, j=1, d=4, m=7): 1
(i=2, j=2, d=0, m=8): 1
(i=3, j=3, d=1, m=9): 1
(i=4, j=4, d=2, m=10): 1
(i=5, j=5, d=3, m=12): 1
W_2: 
(i=0, j=0, d=4, m=11): 1
(i=1, j=1, d=4, m=7): 1
(i=2, j=2, d=0, m=8): 1
(i=3, j=2, d=1, m=0): 1
(i=4, j=3, d=1, m=9): 1
(i=5, j=4, d=2, m=10): 1
(i=6, j=5, d=3, m=12): 1
(i=0, j=0, d=4, m=11): 1
(i=1, j=1, d=4, m=7): 1
(i=2, j=2, d=0, m=8): 1
(i=3, j=2, d=1, m=0): 1
(i=4, j=3, d=1, m=9): 1
(i=5, j=4, d=2, m=10): 1
(i=6, j=5, d=3, m=12): 1
(i=0, j=0, d=4, m=11): 1
(i=1, j=1, d=4, m=7): 1
(i=2, j=2, d=0, m=8): 1
(i=3, j=3, d=1, m=9): 1
(i=4, j=4, d=2, m=10): 1
(i=5, j=5, d=3, m=12): 1
(i=0, j=0, d=4, m=11): 1
(i=1, j=1, d=4, m=7): 1
(i=2, j=2, d=0, m=8): 1
(i=3, j=3, d=1, m=9): 1
(i=4, j=4, d=2, m=10): 1
(i=5, j=5, d=3, m=12): 1
(i=0, j=0, d=4, m=11): 1
(i=1, j=1, d=4, m=7): 1
(i=2, j=2, d=0, m=8): 1
(i=3, j=3, d=1, m=9): 1
(i=4, j=4, d=2, m=10): 1
(i=5, j=5, d=3, m=12): 1
>>>>>>>>>>>>>>>>>>>>>>>TupleView<<<<<<<<<<<<<<<<<<<<<<<<
n = 0
(i=0, j=0, d=4, m=11): 1
(i=1, j=1, d=4, m=7): 1
(i=2, j=2, d=0, m=8): 1
(i=3, j=2, d=1, m=0): 1
(i=4, j=3, d=1, m=9): 1
(i=5, j=4, d=2, m=10): 1
(i=6, j=5, d=3, m=12): 1
n = 1
(i=0, j=0, d=4, m=11): 1
(i=1, j=1, d=4, m=7): 1
(i=2, j=2, d=0, m=8): 1
(i=3, j=2, d=1, m=0): 1
(i=4, j=3, d=1, m=9): 1
(i=5, j=4, d=2, m=10): 1
(i=6, j=5, d=3, m=12): 1
n = 2
(i=0, j=0, d=4, m=11): 1
(i=1, j=1, d=4, m=7): 1
(i=2, j=2, d=0, m=8): 1
(i=3, j=3, d=1, m=9): 1
(i=4, j=4, d=2, m=10): 1
(i=5, j=5, d=3, m=12): 1
n = 3
(i=0, j=0, d=4, m=11): 1
(i=1, j=1, d=4, m=7): 1
(i=2, j=2, d=0, m=8): 1
(i=3, j=3, d=1, m=9): 1
(i=4, j=4, d=2, m=10): 1
(i=5, j=5, d=3, m=12): 1
n = 4
(i=0, j=0, d=4, m=11): 1
(i=1, j=1, d=4, m=7): 1
(i=2, j=2, d=0, m=8): 1
(i=3, j=3, d=1, m=9): 1
(i=4, j=4, d=2, m=10): 1
(i=5, j=5, d=3, m=12): 1
>>>>>>>>>>>>>>>>>>>>>>>SequenceView<<<<<<<<<<<<<<<<<<<<<<<<
Seq    0: *ATGCG#
Seq    1: *ATACG#
Seq    2: *ATCG#
Seq    3: *ATCG#
Seq    4: *ATCG#
SeqRecov: *ATCG#
>>>>>>>>>>>>>>>>>>>>>>>MatchingView<<<<<<<<<<<<<<<<<<<<<<<<
SeqRecov: *AT-CG#
Seq    0: *ATGCG#
SeqRecov: *AT-CG#
Seq    1: *ATACG#
SeqRecov: *ATCG#
Seq    2: *ATCG#
SeqRecov: *ATCG#
Seq    3: *ATCG#
SeqRecov: *ATCG#
Seq    4: *ATCG#
#########################################################
