#########################################################
ScoreMatch: 0, ScoreInsertion: 1.8, ScoreDeletion: 1.8, ScoreMismatch: 2.2
PERB_EPS: 0.5, FW1_GFW_EPS: 1e-06, FW2_GFW_EPS: 0.003, LENGTH_OFFSET: 0, EPS_Wdiff: 0.001
Seq    0: *TACGGTGCTGCCTGTGAC#
Seq    1: *TAGACGGTGCTGCCTGCGAC#
Seq    2: *AGACGGTGCTGCCTGCGTC#
Seq    3: *TAGACGGTGCTGCCTGCGTC#
Seq    4: *AGACGGTGCTGCCTGCGTT#
Seq    5: *AGACGGTGCTGCCTGCGCC#
Seq    6: *AGACGGTGCTGTCTGCGTC#
Seq    7: *AGACGGTGCTGCCTGGGTT#
Seq    8: *AGACGGTGCTGCCTGCAAC#
Seq    9: *AGACGGTGCTGCCTGCGTC#
Seq   10: *TAGACGGTGCTGCCTGCAAC#
Seq   11: *TAGACTGTGCTGCCTGCGTC#
Seq   12: *AGACGGTGCTGCCTGCGTC#
Seq   13: *AAACGGTGCTGCCTGCGTC#
Seq   14: *AGACGGTGCTGCCTGCGTC#
Seq   15: *AGACGGTGCTGCCTGCCTC#
Seq   16: *AGACGGTGCTGCCTGGGTT#
Seq   17: *ATACGGTGCTGCCTGTACC#
Seq   18: *AGACGGTGCTGCCTGCGTC#
Seq   19: *ACGGTGCTGCCTGCGAC#
Rev: *AGACGGTGCTGCCTGCGTC#
gfw_S=140.284, gfw_W=0, gfw=140.284
Rev: *GACGGTGTGCTGCCTGCGTC#
gfw_S=93.532, gfw_W=418.716, gfw=512.248
Rev: *TAGACGGCTGCCTGCGTC#
gfw_S=86.5852, gfw_W=162.363, gfw=248.948
Rev: *ACGGTGCTCCCTGCGTGCGT#
gfw_S=56.9199, gfw_W=85.6495, gfw=142.569
Rev: *AAAGACGGTTGTCCCTCACC#
gfw_S=24.0479, gfw_W=34.5701, gfw=58.618
Rev: *TGGTGTGTGCTGCCTGCGAC#
gfw_S=27.714, gfw_W=25.2542, gfw=52.9682
Rev: *CACGGCTGCCCTGGGGGGTT#
gfw_S=19.8095, gfw_W=19.7457, gfw=39.5552
Rev: *AGACGGTGCTGCCTGCGTC#
gfw_S=31.9176, gfw_W=10.1041, gfw=42.0217
Rev: *TAGACGGCTGCCTGTAC#
gfw_S=21.1504, gfw_W=7.33972, gfw=28.4901
Rev: *GACGGTGTGCTGCGTGACTC#
gfw_S=20.1555, gfw_W=3.76939, gfw=23.9249
Rev: *AGACGGTGCTGCCTGCACC#
gfw_S=22.5494, gfw_W=-1.14944, gfw=21.4
Rev: *AGACGGCTGCTGCCTGCGTC#
gfw_S=18.6441, gfw_W=-1.36798, gfw=17.2761
Rev: *GCGGTGCTGCCTGCGTGTTT#
gfw_S=17.1966, gfw_W=-1.19735, gfw=15.9993
Rev: *AGACGGTGCTGCCTGCGTC#
gfw_S=20.7114, gfw_W=-4.45119, gfw=16.2603
Rev: *TAGGGTGCTGCCTGCGTC#
gfw_S=17.4915, gfw_W=-4.18026, gfw=13.3112
Rev: *AGCGTGTGCTGCCTGCGTC#
gfw_S=17.9221, gfw_W=-6.21277, gfw=11.7093
Rev: *GACGGTGTGCTGCCTGCGTC#
gfw_S=14.9173, gfw_W=-6.09549, gfw=8.8218
Rev: *AGAGTGGCTGCTGCGCGAC#
gfw_S=13.8996, gfw_W=-6.00378, gfw=7.89578
Rev: *TAGACGGCTGCCTGCGTC#
gfw_S=16.6385, gfw_W=-6.63036, gfw=10.0081
Rev: *AGACGGTGCTGCCTGGGTT#
gfw_S=16.5987, gfw_W=-7.74916, gfw=8.84958
Rev: *AAGACGGGTGCCTGCGTTTC#
gfw_S=12.8486, gfw_W=-6.31916, gfw=6.52944
Rev: *ATACGGTGCTGCCTGCGTC#
gfw_S=14.7121, gfw_W=-7.40583, gfw=7.30625
Rev: *TAGACGGCTGCCTGCGTC#
gfw_S=14.5845, gfw_W=-7.37199, gfw=7.21251
Rev: *GACGGTGTGCTGTGCTCGTC#
gfw_S=12.924, gfw_W=-7.5287, gfw=5.39525
Rev: AAGACGGCTCTGCCTGCGTC#
gfw_S=12.8343, gfw_W=-8.10962, gfw=4.7247
Rev: *TAGACGGCTGCCTGCGTC#
gfw_S=13.917, gfw_W=-8.34287, gfw=5.57415
Rev: *ACGGTGCTCCCTGCGTCGTT#
gfw_S=13.243, gfw_W=-8.25438, gfw=4.98857
Rev: *TAGACGGCTGCCTGCGAC#
gfw_S=13.5878, gfw_W=-8.61162, gfw=4.97623
Rev: *TAGGGTGTGCTGCCTGCAAC#
gfw_S=13.8918, gfw_W=-8.69765, gfw=5.19412
Rev: *TACGGGTGCCCTGCCACGTT#
gfw_S=12.213, gfw_W=-8.30255, gfw=3.91043
Rev: *TAGACGGCTGCCTGCGTC#
gfw_S=12.8638, gfw_W=-8.57208, gfw=4.29171
Rev: *TTAACTGTGCTGCCTGCGTC#
gfw_S=12.4697, gfw_W=-8.65044, gfw=3.81922
Rev: *AGACGGTGCTGCCCTGTTC#
gfw_S=12.6872, gfw_W=-9.10911, gfw=3.57811
Rev: *TAGACGGCTGCCTGCGTC#
gfw_S=12.0695, gfw_W=-8.94905, gfw=3.12042
Rev: *ACGGTGCTGCCTGCGTGC#
gfw_S=12.0261, gfw_W=-8.89984, gfw=3.12629
Rev: *GACGGTGTGCTGCCTCGACC#
gfw_S=12.2897, gfw_W=-9.04773, gfw=3.24201
Rev: *TAGACGGGTGCCTGCGCGTT#
gfw_S=11.7479, gfw_W=-9.08629, gfw=2.66157
Rev: *AAAGACGCCTGCCTGTTC#
gfw_S=11.7084, gfw_W=-8.74943, gfw=2.95897
Rev: *TAAGGTGTGCTGCCTGGCAC#
gfw_S=12.1595, gfw_W=-8.9188, gfw=3.24074
Rev: *AGACGGTGCTGCCTGCGTC#
gfw_S=11.9669, gfw_W=-9.32692, gfw=2.63999
Rev: *TACGACGCTGCCCCCGTCAC#
gfw_S=11.2768, gfw_W=-9.14179, gfw=2.13506
Rev: *TACGGCTGTCCTGCTGCGTT#
gfw_S=11.1996, gfw_W=-9.00987, gfw=2.18969
Rev: *ACGACGTGCTGCCTGCGTC#
gfw_S=11.662, gfw_W=-9.34052, gfw=2.32152
Rev: *GAACGTGTGCTGCCTGCGTC#
gfw_S=11.4916, gfw_W=-9.24356, gfw=2.24808
Rev: *TAGACGGGTGTCTGCGTC#
gfw_S=11.1626, gfw_W=-9.22491, gfw=1.93774
Rev: *AGAGGTGTGCTGCCTGGACC#
gfw_S=11.4751, gfw_W=-9.33031, gfw=2.1448
Rev: *ACGGTGTGCCCTGCGTCGTT#
gfw_S=11.4247, gfw_W=-9.23001, gfw=2.19473
Rev: AAACGACGTCTGTGCCTCACC#
gfw_S=10.9009, gfw_W=-9.00492, gfw=1.89594
Rev: *AAACGTGGCTGCCTGCGTC#
gfw_S=11.2817, gfw_W=-9.42767, gfw=1.85401
Rev: *GACGGTGTGCTGCCTGCACC#
gfw_S=11.2657, gfw_W=-9.35384, gfw=1.91182
Rev: *AGAGTGCTCCCTGCCTGC#
gfw_S=10.8719, gfw_W=-9.26019, gfw=1.61173
Rev: *TAGACGGCTGCCTGCCGC#
gfw_S=10.9505, gfw_W=-9.35595, gfw=1.59452
Rev: *GACGGCTGTCCTCCGGCGTT#
gfw_S=10.8387, gfw_W=-9.19857, gfw=1.64008
Rev: *TAGGACTGTGCCTGCGTTCC#
gfw_S=10.7826, gfw_W=-9.32896, gfw=1.45367
Rev: *GACGGTGTGCTGCCTGTTTC#
gfw_S=10.9295, gfw_W=-9.39243, gfw=1.53704
Rev: *TTAGACGGCTGTGCCTCACC#
gfw_S=10.4944, gfw_W=-9.16556, gfw=1.32882
Rev: *GACGGTGTGCTGCCTGCGTC#
gfw_S=10.7447, gfw_W=-9.29961, gfw=1.44509
Rev: *AAACGGTGCTGTCTGCGTC#
gfw_S=10.6222, gfw_W=-9.39437, gfw=1.22785
Rev: *TAACGTGTGCTGCCTGCGTC#
gfw_S=10.7439, gfw_W=-9.3117, gfw=1.43224
Rev: *TACGGCTGCCCCTGGGCGTT#
gfw_S=10.4711, gfw_W=-9.14405, gfw=1.32706
Rev: AACGTGTGTGCTGCCTGGAAC#
gfw_S=10.7718, gfw_W=-9.24074, gfw=1.53111
Rev: *AGAACGTGCTGCCTGGGTC#
gfw_S=10.6858, gfw_W=-9.47153, gfw=1.21431
Rev: *TAGACGGCTGTGCCGCGAAC#
gfw_S=10.5054, gfw_W=-9.3049, gfw=1.20051
Rev: *AGACGGGCTGCTCTGCGAC#
gfw_S=10.5111, gfw_W=-9.4691, gfw=1.04204
Rev: *GACGGTGTGCTGCCTGCGTT#
gfw_S=10.5653, gfw_W=-9.43289, gfw=1.13244
Rev: *ACGGTGCTGCCTGCGTGCGT#
gfw_S=10.4659, gfw_W=-9.36381, gfw=1.10207
Rev: *GACGGTGTCTGCTGGGCCAC#
gfw_S=10.4391, gfw_W=-9.38974, gfw=1.04936
Rev: *ACGGTGCTGCCTGCTGGCGT#
gfw_S=10.422, gfw_W=-9.36928, gfw=1.05271
Rev: *TTAGACGGTGTGCCCTCACC#
gfw_S=10.3981, gfw_W=-9.25513, gfw=1.14298
Rev: *AACGGCTGCCCTGGGTGTTT#
gfw_S=10.5557, gfw_W=-9.2934, gfw=1.2623
Rev: *AGGTGTGTGCTGCCTGCGTC#
gfw_S=10.4329, gfw_W=-9.34783, gfw=1.08504
Rev: *TACGTGCTCCCTGCGGGCGT#
gfw_S=10.2654, gfw_W=-9.29576, gfw=0.969652
Rev: *AAAGACGGCTGTCCCTCACC#
gfw_S=10.1598, gfw_W=-9.23416, gfw=0.925654
Rev: *TAGACGGCTGCCTGCGTC#
gfw_S=10.4951, gfw_W=-9.34645, gfw=1.14867
Rev: *GAAGGTGTGCTGCCTGCGTC#
gfw_S=10.4662, gfw_W=-9.3504, gfw=1.11579
Rev: AACGACGGCTGCCTGCGTC#
gfw_S=10.2861, gfw_W=-9.27512, gfw=1.01093
Rev: *GACGGTGTGCTGCTGGCGTC#
gfw_S=10.3592, gfw_W=-9.3364, gfw=1.02279
Rev: *TAGGACTGTCCTGCGTGCGT#
gfw_S=10.091, gfw_W=-9.28506, gfw=0.805898
Rev: *GACGGTGTGCTGCCTGGAAC#
gfw_S=10.3036, gfw_W=-9.33636, gfw=0.967188
Rev: *AGACGGTGCTGCCTGCGTC#
gfw_S=10.2224, gfw_W=-9.42081, gfw=0.801621
Rev: *TAGACGGCTGCCTGGAAC#
gfw_S=10.2516, gfw_W=-9.36365, gfw=0.887958
Rev: *GACGGCTGCCCTGGCTCGTT#
gfw_S=10.1692, gfw_W=-9.28572, gfw=0.883481
Rev: *TAGACGGCTGCCTGGGTCAC#
gfw_S=10.161, gfw_W=-9.30342, gfw=0.857586
Rev: *TACGGTGTGCTGCCTGCGTC#
gfw_S=10.3542, gfw_W=-9.32976, gfw=1.02441
Rev: *AAAGACGGTGCCTGGGGACC#
gfw_S=9.94463, gfw_W=-9.18113, gfw=0.763498
Rev: *GACGGTGTGTGTCCTGCGTC#
gfw_S=10.1324, gfw_W=-9.24553, gfw=0.886893
Rev: AACGACGGCTGCCTGCGTC#
gfw_S=10.1188, gfw_W=-9.25787, gfw=0.860921
Rev: *TAGTGTGTGCTGCCTGCAAC#
gfw_S=10.2377, gfw_W=-9.30117, gfw=0.936492
Rev: *TACGGCGGTCCTGGGGGAC#
gfw_S=9.93339, gfw_W=-9.2147, gfw=0.718693
Rev: *CGGTGTGTGCTGCCTGCGTT#
gfw_S=10.2548, gfw_W=-9.29776, gfw=0.957082
Rev: *TAGACGGCTGCCTGCGTC#
gfw_S=10.1695, gfw_W=-9.32759, gfw=0.841908
Rev: *GACGGTGTGCTGCCCGCGTC#
gfw_S=10.1664, gfw_W=-9.32581, gfw=0.840587
Rev: *ACGGTGCTGTGTGGGTGCAC#
gfw_S=9.92456, gfw_W=-9.28596, gfw=0.638607
Rev: *GACGGTGTGCTGCCTGAC#
gfw_S=10.1138, gfw_W=-9.31539, gfw=0.798441
Rev: AAAAGACGGTCCTGCCTCACC#
gfw_S=9.93337, gfw_W=-9.21103, gfw=0.72234
Rev: *GACGGTGTGCTGCCCTCGTC#
gfw_S=10.0761, gfw_W=-9.30574, gfw=0.770376
Rev: *TAGACGGCTGCCTGGAACGT#
gfw_S=9.95908, gfw_W=-9.26182, gfw=0.697268
Rev: *GACGGTGTGCTGCCTGCGTC#
gfw_S=10.0518, gfw_W=-9.28477, gfw=0.767076
Rev: *ACGACGCTCCCCCTGTGCGT#
gfw_S=9.76883, gfw_W=-9.23953, gfw=0.529298
Rev: *GACGGTGTGCTGCCTGCGTC#
gfw_S=9.90834, gfw_W=-9.25482, gfw=0.653519
Rev: *TAGACGGCTGCCTGCGTC#
gfw_S=9.9257, gfw_W=-9.25398, gfw=0.67172
Rev: *GACGGTGTGCTGCCTGCGTC#
gfw_S=9.92623, gfw_W=-9.2517, gfw=0.674532
Rev: AAAACGGTGCTGTGCGCGTCC#
gfw_S=9.88327, gfw_W=-9.28484, gfw=0.598436
Rev: *AGGTGTGTGCTGCCTGTTTC#
gfw_S=9.93405, gfw_W=-9.29484, gfw=0.639207
Rev: *TACGGCTGCCCTCGGGCGTT#
gfw_S=9.8603, gfw_W=-9.2206, gfw=0.639695
Rev: *CGGTGTGTGCTGCCTGCAAC#
gfw_S=9.99851, gfw_W=-9.26494, gfw=0.73357
Rev: *ACGGTGGCTCCTGCGTGCGT#
gfw_S=9.86265, gfw_W=-9.25517, gfw=0.607483
Rev: *GTAGTGCTGTGTGCTGGAAC#
gfw_S=9.79551, gfw_W=-9.26127, gfw=0.534248
Rev: *TAGACGGCTGCCTGGTGCGT#
gfw_S=9.88198, gfw_W=-9.26602, gfw=0.615953
Rev: *AAAGACGGTGTGCCCTCACC#
gfw_S=9.82473, gfw_W=-9.20139, gfw=0.623347
Rev: *TAGACGGCTGCCTGCGTC#
gfw_S=9.90947, gfw_W=-9.26288, gfw=0.646592
Rev: *GACGGTGTGCTGCGCTCGTC#
gfw_S=9.87672, gfw_W=-9.246, gfw=0.630713
Rev: *TAGGACGCTGCCTGCGAC#
gfw_S=9.84619, gfw_W=-9.25376, gfw=0.592436
Rev: *TTACGGTGCTGCCTGCGTC#
gfw_S=9.90827, gfw_W=-9.31906, gfw=0.589212
Rev: *AGGTGTGTGCTGCCTGTCAC#
gfw_S=9.86683, gfw_W=-9.28237, gfw=0.584464
Rev: *TACGGCTGCCCTGGGGC#
gfw_S=9.82145, gfw_W=-9.21939, gfw=0.602059
Rev: *AAAGACGGTTGTCCCTCACC#
gfw_S=9.78134, gfw_W=-9.18859, gfw=0.592754
Rev: *GACGGTGTGCTGCGGGACAC#
gfw_S=9.86549, gfw_W=-9.24742, gfw=0.618068
Rev: *CGACGGTGCTGCCTGCGTC#
gfw_S=9.92539, gfw_W=-9.3243, gfw=0.601089
Rev: *ACGGTGGTGCCTGCTGACGT#
gfw_S=9.81502, gfw_W=-9.2683, gfw=0.546717
Rev: *TAGACGGCTGCCTGCGGACC#
gfw_S=9.80807, gfw_W=-9.25216, gfw=0.555909
Rev: *TGGTGTGTGCTGCCTGCGTC#
gfw_S=9.85138, gfw_W=-9.26004, gfw=0.59134
Rev: *TAGACGGCTGCCTGCGTC#
gfw_S=9.83411, gfw_W=-9.27081, gfw=0.563298
Rev: *TACGGCTGCCCTGGGGGGTT#
gfw_S=9.72346, gfw_W=-9.21377, gfw=0.509692
Rev: *CGGACGGCTGCCTGGAAC#
gfw_S=9.81112, gfw_W=-9.26671, gfw=0.54441
Rev: *TTACGGTGCTGCCTGCGTC#
gfw_S=9.85424, gfw_W=-9.31283, gfw=0.541401
Rev: *TAGACGGCTGCCTGCGC#
gfw_S=9.81109, gfw_W=-9.251, gfw=0.560085
Rev: *AGACGGTGCTGCCTGGGTC#
gfw_S=9.82029, gfw_W=-9.31433, gfw=0.505954
Rev: *AAGTGTGTGCTGCCTGTCAC#
gfw_S=9.72397, gfw_W=-9.26816, gfw=0.455815
Rev: *TACGGCGCTCCTGCGGCGTT#
gfw_S=9.69982, gfw_W=-9.22022, gfw=0.479605
Rev: *CGACGGTGCTGCCTGCGTC#
gfw_S=9.82169, gfw_W=-9.28116, gfw=0.540529
Rev: *TGGTGTGTGCTGCCTGGCAC#
gfw_S=9.72155, gfw_W=-9.24828, gfw=0.473269
Rev: *GACGTGCTGCCTGCGTGTTT#
gfw_S=9.73154, gfw_W=-9.2302, gfw=0.501339
Rev: *AAAGACGGTTGTCCCTC#
gfw_S=9.67781, gfw_W=-9.18717, gfw=0.490632
Rev: *GACGGTGTGCTGCGGTCGTC#
gfw_S=9.72087, gfw_W=-9.23568, gfw=0.485186
Rev: *TAGACGGCTGCCTGCGAC#
gfw_S=9.7429, gfw_W=-9.24658, gfw=0.496318
Rev: *ACGGTGCTCCCTGCGCGACC#
gfw_S=9.69184, gfw_W=-9.23152, gfw=0.460326
Rev: *GTAGACGGTCTCTGGTCACC#
gfw_S=9.61218, gfw_W=-9.19023, gfw=0.421959
Rev: *AGGGTGGCTGCTCTGCGAC#
gfw_S=9.6486, gfw_W=-9.23944, gfw=0.409164
Rev: *GACGGTGTGTGTCGGGAC#
gfw_S=9.66632, gfw_W=-9.22723, gfw=0.439095
Rev: *AAACGGTGCTGCCTGCGTC#
gfw_S=9.78018, gfw_W=-9.28982, gfw=0.490354
Rev: *TAGACGGCTGCCTGCTGCGT#
gfw_S=9.68589, gfw_W=-9.22655, gfw=0.459346
Rev: *AGACGCTGCTGCCTGCGTC#
gfw_S=9.70872, gfw_W=-9.28439, gfw=0.424332
Rev: *TACGGCTGTGCTGCTGGGTC#
gfw_S=9.59054, gfw_W=-9.19282, gfw=0.397717
Rev: *AGAGGGTGCTGCCTGAC#
gfw_S=9.64373, gfw_W=-9.25673, gfw=0.387002
Rev: *ACGACGCTGCCTGCGGGTTT#
gfw_S=9.64982, gfw_W=-9.21583, gfw=0.433991
Rev: *TTAGACGGTGTGCCCTCAC#
gfw_S=9.60639, gfw_W=-9.17192, gfw=0.434474
Rev: *TAGACGGCTGCCTGCGTC#
gfw_S=9.68621, gfw_W=-9.22182, gfw=0.464385
Rev: *AAACGGTGCTGTCTGCGTC#
gfw_S=9.67479, gfw_W=-9.23892, gfw=0.435877
Rev: *TAGACGGCTGCCTGGAC#
gfw_S=9.64776, gfw_W=-9.19426, gfw=0.453507
Rev: *AGACGGGGCTGCCGGCGTCC#
gfw_S=9.67419, gfw_W=-9.25489, gfw=0.419298
Rev: *TACGGCTGCTGTGGGGGGTT#
gfw_S=9.56317, gfw_W=-9.19002, gfw=0.373153
Rev: *CGGTGTGTGCTGCCTGCGTC#
gfw_S=9.67718, gfw_W=-9.21581, gfw=0.461371
Rev: *TTACGGTGCTGCCTGCGTC#
gfw_S=9.65269, gfw_W=-9.24446, gfw=0.408234
Rev: *GACGGTGTGCTGCCCAACAC#
gfw_S=9.62025, gfw_W=-9.21571, gfw=0.404543
Rev: *AGACGGTGCTGCCTGGTTC#
gfw_S=9.61178, gfw_W=-9.26145, gfw=0.350329
Rev: *TAGACGGCTGCCTGCGTC#
gfw_S=9.60021, gfw_W=-9.24072, gfw=0.359485
Rev: *AAAGACGGTCCTCCCTCACC#
gfw_S=9.55551, gfw_W=-9.19187, gfw=0.363635
Rev: *TAGACGGCTGCCTGCTTC#
gfw_S=9.59248, gfw_W=-9.23236, gfw=0.360119
Rev: *GACGGCTGTCCTGGGCGGTT#
gfw_S=9.54004, gfw_W=-9.19855, gfw=0.34149
Rev: *CGGACGGCTGCCTGGAC#
gfw_S=9.59797, gfw_W=-9.2084, gfw=0.389569
Rev: *ACGGTGCTGTGTGCGTGCGT#
gfw_S=9.6444, gfw_W=-9.21484, gfw=0.429568
Rev: *TTACGGTGCTGCCTGGGTC#
gfw_S=9.63608, gfw_W=-9.2554, gfw=0.380679
Rev: *AAAGACGGTCCTCCCTCACC#
gfw_S=9.58264, gfw_W=-9.18658, gfw=0.396055
Rev: *TACGGCTGCCCTGGGGGGTT#
gfw_S=9.52069, gfw_W=-9.18964, gfw=0.331053
Rev: *CGACGGTGCTGCCTGCGAC#
gfw_S=9.62565, gfw_W=-9.25036, gfw=0.375285
Rev: *ACGGTGCTGTGTGCGTGTTT#
gfw_S=9.61363, gfw_W=-9.21997, gfw=0.393652
Rev: *AAAGACGGTCCTCCCTCACC#
gfw_S=9.51561, gfw_W=-9.18647, gfw=0.329138
Rev: *GAGGTGCTGTGTGCTGACGT#
gfw_S=9.54981, gfw_W=-9.20596, gfw=0.343855
Rev: *AAAGACGCTCTCCTGTCACC#
gfw_S=9.49894, gfw_W=-9.17868, gfw=0.320257
Rev: *AGACGGCTGCTGCCCGCGTC#
gfw_S=9.58412, gfw_W=-9.21626, gfw=0.36786
Rev: *TAGACGGGTGCCTGCGTC#
gfw_S=9.55297, gfw_W=-9.20701, gfw=0.345964
Rev: *AGACGGTGCTGCCTGCGTC#
gfw_S=9.53237, gfw_W=-9.22889, gfw=0.303473
Rev: *TAGACGGCTGCCTGGAC#
gfw_S=9.5608, gfw_W=-9.18412, gfw=0.376678
Rev: *AGACGGTGCTGCCTGCGAC#
gfw_S=9.55707, gfw_W=-9.23102, gfw=0.326044
Rev: *TAGACTGCTGCCTGGGC#
gfw_S=9.53152, gfw_W=-9.17998, gfw=0.35154
Rev: *AGACGGTGCTGCCTGCGTC#
gfw_S=9.54105, gfw_W=-9.231, gfw=0.310049
Rev: *TACGGTGCTCCTCCGAC#
gfw_S=9.46992, gfw_W=-9.16557, gfw=0.304351
Rev: *GTACGGTGCTGCCTGCGTC#
gfw_S=9.53125, gfw_W=-9.21012, gfw=0.321125
Rev: *ACGTGTGTGCTGCCTGCGTT#
gfw_S=9.55215, gfw_W=-9.19089, gfw=0.361259
Rev: *TGGGTGGCTGCTGCGCGAC#
gfw_S=9.50903, gfw_W=-9.17944, gfw=0.329584
Rev: *AACGTGGTGCTGCCTGCGTC#
gfw_S=9.51832, gfw_W=-9.19249, gfw=0.32583
Rev: *TAGACGGCTGCCTGGGACAC#
gfw_S=9.50766, gfw_W=-9.16691, gfw=0.340749
Rev: *ACGGTGCTCCCTGCGTGCGT#
gfw_S=9.53478, gfw_W=-9.16508, gfw=0.3697
Rev: *TGGTGTGTGCTGCCTGCAAC#
gfw_S=9.49269, gfw_W=-9.17794, gfw=0.314751
Rev: *ACGGTGCTCCCTGCGTGCGT#
gfw_S=9.49541, gfw_W=-9.17206, gfw=0.323348
Rev: *TAGACGGCTGCCTGCAC#
gfw_S=9.49623, gfw_W=-9.18775, gfw=0.308472
Rev: *GTAGTGCTCCCTGCGTGTTT#
gfw_S=9.50841, gfw_W=-9.171, gfw=0.337412
Rev: *TAGACGGCTGCCTGTGTTC#
gfw_S=9.49613, gfw_W=-9.1791, gfw=0.31703
Rev: *ACGGTGCTCCCTGCGTGCGT#
gfw_S=9.49912, gfw_W=-9.1718, gfw=0.327313
Rev: *AGACGTGTCTGCCTGCGTC#
gfw_S=9.47076, gfw_W=-9.20192, gfw=0.26884
Rev: *CGGGTGCTGTGTGCGTC#
gfw_S=9.46265, gfw_W=-9.16306, gfw=0.299584
Rev: *TGGTGTGTGCTGCCTGCGAC#
gfw_S=9.507, gfw_W=-9.18723, gfw=0.319774
Rev: *ACGGTGTGTGCTGCGCGTTT#
gfw_S=9.44077, gfw_W=-9.18356, gfw=0.257206
Rev: *TGGTGGGTGCTGCCCACGAC#
gfw_S=9.45337, gfw_W=-9.18416, gfw=0.269209
Rev: *AGACGGTGCTGCCTGCGTC#
gfw_S=9.47881, gfw_W=-9.2117, gfw=0.267111
Rev: *ACGGTGCTGCCTGCGTGAC#
gfw_S=9.4652, gfw_W=-9.18175, gfw=0.283449
Rev: *GTAGACGGTGTCTGCTGCAC#
gfw_S=9.43838, gfw_W=-9.15625, gfw=0.28213
Rev: *TACGGCTGCCCTCGGGGGTT#
gfw_S=9.47491, gfw_W=-9.16291, gfw=0.311999
Rev: *TAGACGGCTGCCTGCGTC#
gfw_S=9.52898, gfw_W=-9.18946, gfw=0.339521
Rev: *ACGGTGCTGCCTGCTGGTTT#
gfw_S=9.43609, gfw_W=-9.16715, gfw=0.268943
Rev: *TAGACGGCTGCCTGGTC#
gfw_S=9.48391, gfw_W=-9.16359, gfw=0.320317
Rev: *AGACGGCTGCTGCCTGCGTC#
gfw_S=9.49944, gfw_W=-9.19196, gfw=0.307486
Rev: *TAGACGGCTGCCTGCGTC#
gfw_S=9.45846, gfw_W=-9.18123, gfw=0.277225
Rev: *ACGACGCTCCCTGCGTGCGT#
gfw_S=9.42174, gfw_W=-9.1706, gfw=0.251145
Rev: *TAGACGGCTGCCTGGAC#
gfw_S=9.43341, gfw_W=-9.16918, gfw=0.264226
Rev: *ACGGTGCTCTGTGCGTGCGT#
gfw_S=9.44841, gfw_W=-9.17034, gfw=0.278067
Rev: *TAGACGGCTGCCTGTGC#
gfw_S=9.44793, gfw_W=-9.17094, gfw=0.276987
Rev: *AGACGGTGCTGCCTGCGTC#
gfw_S=9.46571, gfw_W=-9.20758, gfw=0.258131
Rev: *TGGTGTGTGCTGCCCACGTC#
gfw_S=9.44455, gfw_W=-9.18077, gfw=0.263774
Rev: *GTACGGTGCTGCCTGCGTC#
gfw_S=9.45179, gfw_W=-9.20238, gfw=0.249402
Rev: *GACGGTGTGCTGCGTGC#
gfw_S=9.47164, gfw_W=-9.18264, gfw=0.289006
Rev: *AGACGGTGCTGCCTGACAC#
gfw_S=9.4669, gfw_W=-9.20629, gfw=0.260614
Rev: *TGGTGTGTGCTGCCTGACAC#
gfw_S=9.45231, gfw_W=-9.1857, gfw=0.266606
Rev: *AGACGCGCTCCCCTGCGTC#
gfw_S=9.45525, gfw_W=-9.20551, gfw=0.249743
Rev: *TAGACGGCTGCCTGTGC#
gfw_S=9.46154, gfw_W=-9.17635, gfw=0.285185
Rev: *GAGGTGCTGCCTGCGTGTTT#
gfw_S=9.44071, gfw_W=-9.16626, gfw=0.274451
Rev: *TAGACGGCTGCCTGGAC#
gfw_S=9.43361, gfw_W=-9.16387, gfw=0.269739
Rev: *AACGGGCTGCTGCCTGCGTC#
gfw_S=9.47057, gfw_W=-9.18957, gfw=0.280998
Rev: *TAGACGGCTGCCTGCGTC#
gfw_S=9.43734, gfw_W=-9.18438, gfw=0.252959
Rev: *TTACGTGTGCTGCCGACGTC#
gfw_S=9.43111, gfw_W=-9.17605, gfw=0.255064
Rev: *TACGGGGCTGCCTGTGAC#
gfw_S=9.44141, gfw_W=-9.18272, gfw=0.258688
Rev: *ACGGTGCTCCCTGCGGTCGT#
gfw_S=9.42165, gfw_W=-9.17334, gfw=0.248307
Rev: *CGCGGCTGCTGTCGCGAC#
gfw_S=9.40346, gfw_W=-9.16114, gfw=0.242317
Rev: *ACGGTGTGCCCTGGGTGCGT#
gfw_S=9.41501, gfw_W=-9.16637, gfw=0.248637
Rev: *AAAGACGGTGTGCCCTCGTC#
gfw_S=9.39035, gfw_W=-9.14562, gfw=0.244729
Rev: *AGACGGTGCTGCCTGCGTTT#
gfw_S=9.41644, gfw_W=-9.18628, gfw=0.230165
Rev: *TGGTGTGTGTGTCCTGCACC#
gfw_S=9.38796, gfw_W=-9.16477, gfw=0.223183
Rev: *AGACGGCTCTGCCTGCGAC#
gfw_S=9.41707, gfw_W=-9.19634, gfw=0.220722
Rev: *TAGACGGCTGCCTGCAC#
gfw_S=9.43204, gfw_W=-9.1696, gfw=0.262442
Rev: *GTACGGTGCTGCCTGCGTC#
gfw_S=9.44153, gfw_W=-9.19382, gfw=0.247705
Rev: *TAGACGGCTGCCTGTGAC#
gfw_S=9.42658, gfw_W=-9.1856, gfw=0.240983
Rev: *ACGACGGTGCCTGCGTGCAC#
gfw_S=9.41376, gfw_W=-9.17796, gfw=0.235794
Rev: *TGAGGTGTGCTGCCCGCGAC#
gfw_S=9.40277, gfw_W=-9.17901, gfw=0.223766
Rev: *TAGACGGCTGCCTGTGTTC#
gfw_S=9.41174, gfw_W=-9.1687, gfw=0.243039
Rev: *GACGGTGTGCTGCGTGGTTC#
gfw_S=9.43139, gfw_W=-9.16552, gfw=0.265869
Rev: *AGGGTGTCTGCTGCGCGAC#
gfw_S=9.41637, gfw_W=-9.1617, gfw=0.254672
Rev: *GACGGTGTGCTGCCTGCGTC#
gfw_S=9.3991, gfw_W=-9.16591, gfw=0.23319
Rev: *TACGTGGCTGCCTGCAC#
gfw_S=9.39211, gfw_W=-9.16465, gfw=0.227456
Rev: *GACGGTGTGCTGCGTGAC#
gfw_S=9.40918, gfw_W=-9.16464, gfw=0.244546
Rev: *TAGACGGCTGCCTGGAC#
gfw_S=9.42144, gfw_W=-9.15768, gfw=0.263768
Rev: *GACGGTGTGCTGCGTGTTTC#
gfw_S=9.41839, gfw_W=-9.16318, gfw=0.255207
Rev: *TAGACGGCTGCCTGGGACGT#
gfw_S=9.40648, gfw_W=-9.15456, gfw=0.251925
Rev: *GACGGTGTGCTGCCGACGTC#
gfw_S=9.40182, gfw_W=-9.16802, gfw=0.233796
Rev: *GAGACGCTCCCTGCGTC#
gfw_S=9.37046, gfw_W=-9.14935, gfw=0.22111
Rev: *GACGGTGTGCTGCGTGACAC#
gfw_S=9.38349, gfw_W=-9.15776, gfw=0.225732
Rev: *TAGGTGGCTGCCTGCGAC#
gfw_S=9.37632, gfw_W=-9.16583, gfw=0.210492
Rev: *CGAGGCTGTCCTCTGGGGTC#
gfw_S=9.35866, gfw_W=-9.14667, gfw=0.211984
Rev: *TAGACGGCTGCCTGGAC#
gfw_S=9.39334, gfw_W=-9.1556, gfw=0.237736
Rev: *ACGACGCTCCCTGCGTTCGT#
gfw_S=9.40404, gfw_W=-9.15618, gfw=0.247861
Rev: *TGGTGTGTGCTGCCTGCACC#
gfw_S=9.39607, gfw_W=-9.16224, gfw=0.233833
Rev: *AGACGGTGCTGCCTGCGTTT#
gfw_S=9.40971, gfw_W=-9.18711, gfw=0.222605
Rev: *AACGACGGTGTGCCCTGACC#
gfw_S=9.38357, gfw_W=-9.13871, gfw=0.244859
Rev: *AGACGGTGCTGCCTGCGAC#
gfw_S=9.39042, gfw_W=-9.17448, gfw=0.215942
Rev: *GACGGTGTGCTGTGTGCGTC#
gfw_S=9.3789, gfw_W=-9.16013, gfw=0.218772
Rev: *AGAGTGGGCTGTGCTGGAC#
gfw_S=9.37388, gfw_W=-9.15281, gfw=0.221072
Rev: *GACGGTGTGCTGCGTGACAC#
gfw_S=9.37027, gfw_W=-9.14856, gfw=0.221709
Rev: *AGACGGTGCTGCCCGCGTC#
gfw_S=9.37327, gfw_W=-9.17383, gfw=0.199441
Rev: *TACGGCTGTGCTGGGCGGTT#
gfw_S=9.32677, gfw_W=-9.13349, gfw=0.193279
Rev: *TTACGGTGCTGCCTGCGTC#
gfw_S=9.37499, gfw_W=-9.16236, gfw=0.212622
Rev: *AAGACGGCTGCCTGCAC#
gfw_S=9.37299, gfw_W=-9.13911, gfw=0.233878
Rev: *AGACGGTGCTGCCTGCGTC#
gfw_S=9.36532, gfw_W=-9.16858, gfw=0.196736
Rev: *TAAGACGGTCCTCCCTC#
gfw_S=9.31849, gfw_W=-9.12165, gfw=0.196846
Rev: *AAACGGCTGTGCCTGCGTC#
gfw_S=9.36587, gfw_W=-9.16093, gfw=0.204936
Rev: *CGGTGCTGCTGTCGGGGGTT#
gfw_S=9.32757, gfw_W=-9.13118, gfw=0.196389
Rev: *AGACGTGTGCTGCCTGCGTC#
gfw_S=9.37911, gfw_W=-9.16292, gfw=0.21618
Rev: *AACGACGGTCCTCCCTCACC#
gfw_S=9.33876, gfw_W=-9.11995, gfw=0.218808
Rev: *TTAGGTGTGCTGCCTGCGAC#
gfw_S=9.36025, gfw_W=-9.13992, gfw=0.220331
Rev: *ACGTGGTGCTGCCTGGACAC#
gfw_S=9.34951, gfw_W=-9.16106, gfw=0.188451
Rev: *TAAGACGGTGTGCCCTCAC#
gfw_S=9.31973, gfw_W=-9.12894, gfw=0.190793
Rev: *AGACGGTGCTGCCTGCGTC#
gfw_S=9.36615, gfw_W=-9.16409, gfw=0.202055
Rev: *GACGGTGTGCTGTGTGCGTC#
gfw_S=9.35863, gfw_W=-9.14898, gfw=0.209649
Rev: *AGAGTGGCTTGTGCGCGAC#
gfw_S=9.35301, gfw_W=-9.14233, gfw=0.210679
Rev: *GACGGTGTGCTGCCTGACAC#
gfw_S=9.35065, gfw_W=-9.14023, gfw=0.21042
Rev: *AAACGGTGCTGCCTGCGTTC#
gfw_S=9.3454, gfw_W=-9.151, gfw=0.194396
Rev: *TGGTGTGTGCTGCCTGCGTC#
gfw_S=9.33816, gfw_W=-9.13824, gfw=0.19992
Rev: *CGGGGCTCTCCTGGGGGGTT#
gfw_S=9.30311, gfw_W=-9.11975, gfw=0.183363
Rev: *TGGTGTGTGCTGCCTGCGAC#
gfw_S=9.33316, gfw_W=-9.14045, gfw=0.192714
Rev: *TAGACGGCTGCCTGTGTC#
gfw_S=9.33905, gfw_W=-9.14495, gfw=0.1941
Rev: *AACGACGGTTGTCCCTCAC#
gfw_S=9.3175, gfw_W=-9.12029, gfw=0.197212
Rev: *TAGACGGCTGCCTGCAC#
gfw_S=9.34335, gfw_W=-9.13148, gfw=0.211872
Rev: *AGACGGCTGCTGCCTGCGTC#
gfw_S=9.37902, gfw_W=-9.14864, gfw=0.230384
Rev: *TAGACGGCTGCCTGGAC#
gfw_S=9.34265, gfw_W=-9.12593, gfw=0.216719
Rev: *GACGGTGTGCTGCGTGCGTC#
gfw_S=9.37176, gfw_W=-9.13893, gfw=0.232828
Rev: *GTAGTGCTGCCTGCGTGCGT#
gfw_S=9.33471, gfw_W=-9.12977, gfw=0.204937
Rev: *AAAGACGGTGTGCCCTCACC#
gfw_S=9.29934, gfw_W=-9.11723, gfw=0.18211
Rev: AACGGTGCTGTGTGCGTTTCC#
gfw_S=9.32178, gfw_W=-9.12419, gfw=0.19759
Rev: *GAGACGGCTGCCTGTGC#
gfw_S=9.35124, gfw_W=-9.14079, gfw=0.210447
Rev: *AGACGGCTGCTGCCTGCGTC#
gfw_S=9.35407, gfw_W=-9.15531, gfw=0.198765
Rev: *TAAGACGGTCCTCCCACACC#
gfw_S=9.30495, gfw_W=-9.11935, gfw=0.185604
Rev: *GACGGTGTGCTGCGTGAC#
gfw_S=9.34443, gfw_W=-9.14079, gfw=0.203641
Rev: *AGAGTGGGTGCTGCGCGTTC#
gfw_S=9.32385, gfw_W=-9.14054, gfw=0.183313
Rev: *GACGGTGTGCTGCTGTCGTC#
gfw_S=9.32791, gfw_W=-9.14523, gfw=0.182682
Rev: *ACGGTGCTGTGTGCTGACGT#
gfw_S=9.31082, gfw_W=-9.13557, gfw=0.175254
Rev: *GACGGTGTGCTGCGGTGAC#
gfw_S=9.32656, gfw_W=-9.13948, gfw=0.187077
Rev: *AAACGGTGCTGCCTGCGTTC#
gfw_S=9.33634, gfw_W=-9.15301, gfw=0.18333
Rev: *GTAGTGCTCCCTGCGGGTTT#
gfw_S=9.30289, gfw_W=-9.12794, gfw=0.174949
Rev: *ACGGACGGTTGTCCCTCAC#
gfw_S=9.30102, gfw_W=-9.11788, gfw=0.183143
Rev: *TACGGCTGCCCTCGGGGGTT#
gfw_S=9.3034, gfw_W=-9.12044, gfw=0.18296
Rev: *AAACGGTGCTGCCTGCGTCC#
gfw_S=9.34268, gfw_W=-9.14995, gfw=0.192732
Rev: *ACGGTGCTGCCTGCGTGCGT#
gfw_S=9.31231, gfw_W=-9.13284, gfw=0.179473
Rev: *CGGTGTGTGCTGCCTGCGAC#
